<?xml version="1.0" encoding="utf-8"?>
<coverage line-rate="0.7934" branch-rate="0.25" version="1.9" timestamp="1642798064" lines-covered="73" lines-valid="92" branches-covered="1" branches-valid="4">
  <sources>
    <source>C:\</source>
  </sources>
  <packages>
    <package name="Azure.Services.Interaction.ServiceBus" line-rate="0.6666" branch-rate="0.25" complexity="16">
      <classes>
        <class name="Azure.Services.Interaction.ServiceBus.AzureServiceBusServiceRegistration" filename="sitcs\Projects\Azure.Services.Interaction\Azure.Services.Interaction.ServiceBus\AzureServiceBusServiceRegistration.cs" line-rate="0" branch-rate="1" complexity="1">
          <methods>
            <method name="AddAzureServiceBusServices" signature="(Microsoft.Extensions.DependencyInjection.IServiceCollection,Microsoft.Extensions.Configuration.IConfiguration)" line-rate="0" branch-rate="1" complexity="1">
              <lines>
                <line number="22" hits="0" branch="False" />
                <line number="23" hits="0" branch="False" />
                <line number="25" hits="0" branch="False" />
                <line number="26" hits="0" branch="False" />
                <line number="27" hits="0" branch="False" />
                <line number="29" hits="0" branch="False" />
                <line number="30" hits="0" branch="False" />
              </lines>
            </method>
          </methods>
          <lines>
            <line number="22" hits="0" branch="False" />
            <line number="23" hits="0" branch="False" />
            <line number="25" hits="0" branch="False" />
            <line number="26" hits="0" branch="False" />
            <line number="27" hits="0" branch="False" />
            <line number="29" hits="0" branch="False" />
            <line number="30" hits="0" branch="False" />
          </lines>
        </class>
        <class name="Azure.Services.Interaction.ServiceBus.Services.AzureServiceBusService" filename="sitcs\Projects\Azure.Services.Interaction\Azure.Services.Interaction.ServiceBus\Services\AzureServiceBusService.cs" line-rate="1" branch-rate="1" complexity="1">
          <methods>
            <method name=".ctor" signature="(Microsoft.Extensions.Logging.ILoggerFactory,Microsoft.Extensions.Options.IOptions`1&lt;Azure.Services.Interaction.ServiceBus.Configuration.ServiceBusOptions&gt;,Azure.Messaging.ServiceBus.ServiceBusClient)" line-rate="1" branch-rate="1" complexity="1">
              <lines>
                <line number="28" hits="1" branch="False" />
                <line number="29" hits="1" branch="False" />
                <line number="30" hits="1" branch="False" />
                <line number="31" hits="1" branch="False" />
                <line number="32" hits="1" branch="False" />
                <line number="33" hits="1" branch="False" />
                <line number="35" hits="1" branch="False" />
                <line number="36" hits="1" branch="False" />
                <line number="37" hits="1" branch="False" />
                <line number="38" hits="1" branch="False" />
              </lines>
            </method>
          </methods>
          <lines>
            <line number="28" hits="1" branch="False" />
            <line number="29" hits="1" branch="False" />
            <line number="30" hits="1" branch="False" />
            <line number="31" hits="1" branch="False" />
            <line number="32" hits="1" branch="False" />
            <line number="33" hits="1" branch="False" />
            <line number="35" hits="1" branch="False" />
            <line number="36" hits="1" branch="False" />
            <line number="37" hits="1" branch="False" />
            <line number="38" hits="1" branch="False" />
          </lines>
        </class>
        <class name="Azure.Services.Interaction.ServiceBus.Services.AzureServiceBusService/&lt;SendMessage&gt;d__5" filename="sitcs\Projects\Azure.Services.Interaction\Azure.Services.Interaction.ServiceBus\Services\AzureServiceBusService.cs" line-rate="0.4375" branch-rate="0.25" complexity="4">
          <methods>
            <method name="MoveNext" signature="()" line-rate="0.4375" branch-rate="0.25" complexity="4">
              <lines>
                <line number="46" hits="1" branch="False" />
                <line number="48" hits="1" branch="False" />
                <line number="49" hits="1" branch="False" />
                <line number="50" hits="1" branch="True" condition-coverage="50% (1/2)">
                  <conditions>
                    <condition number="214" type="jump" coverage="50%" />
                  </conditions>
                </line>
                <line number="51" hits="0" branch="False" />
                <line number="52" hits="0" branch="True" condition-coverage="0% (0/2)">
                  <conditions>
                    <condition number="246" type="jump" coverage="0%" />
                  </conditions>
                </line>
                <line number="53" hits="0" branch="False" />
                <line number="54" hits="0" branch="False" />
                <line number="56" hits="0" branch="False" />
                <line number="58" hits="1" branch="False" />
                <line number="59" hits="1" branch="False" />
                <line number="60" hits="0" branch="False" />
                <line number="61" hits="0" branch="False" />
                <line number="62" hits="0" branch="False" />
                <line number="63" hits="0" branch="False" />
                <line number="64" hits="1" branch="False" />
              </lines>
            </method>
          </methods>
          <lines>
            <line number="46" hits="1" branch="False" />
            <line number="48" hits="1" branch="False" />
            <line number="49" hits="1" branch="False" />
            <line number="50" hits="1" branch="True" condition-coverage="50% (1/2)">
              <conditions>
                <condition number="214" type="jump" coverage="50%" />
              </conditions>
            </line>
            <line number="51" hits="0" branch="False" />
            <line number="52" hits="0" branch="True" condition-coverage="0% (0/2)">
              <conditions>
                <condition number="246" type="jump" coverage="0%" />
              </conditions>
            </line>
            <line number="53" hits="0" branch="False" />
            <line number="54" hits="0" branch="False" />
            <line number="56" hits="0" branch="False" />
            <line number="58" hits="1" branch="False" />
            <line number="59" hits="1" branch="False" />
            <line number="60" hits="0" branch="False" />
            <line number="61" hits="0" branch="False" />
            <line number="62" hits="0" branch="False" />
            <line number="63" hits="0" branch="False" />
            <line number="64" hits="1" branch="False" />
          </lines>
        </class>
        <class name="Azure.Services.Interaction.ServiceBus.Services.AzureServiceBusService/&lt;SendMessage&gt;d__6" filename="sitcs\Projects\Azure.Services.Interaction\Azure.Services.Interaction.ServiceBus\Services\AzureServiceBusService.cs" line-rate="1" branch-rate="1" complexity="1">
          <methods>
            <method name="MoveNext" signature="()" line-rate="1" branch-rate="1" complexity="1">
              <lines>
                <line number="72" hits="1" branch="False" />
                <line number="73" hits="1" branch="False" />
                <line number="74" hits="1" branch="False" />
                <line number="76" hits="1" branch="False" />
                <line number="78" hits="1" branch="False" />
                <line number="79" hits="1" branch="False" />
              </lines>
            </method>
          </methods>
          <lines>
            <line number="72" hits="1" branch="False" />
            <line number="73" hits="1" branch="False" />
            <line number="74" hits="1" branch="False" />
            <line number="76" hits="1" branch="False" />
            <line number="78" hits="1" branch="False" />
            <line number="79" hits="1" branch="False" />
          </lines>
        </class>
        <class name="Azure.Services.Interaction.ServiceBus.Model.AzureServiceBusMessage" filename="sitcs\Projects\Azure.Services.Interaction\Azure.Services.Interaction.ServiceBus\Model\AzureServiceBusMessage.cs" line-rate="1" branch-rate="1" complexity="6">
          <methods>
            <method name="get_Service" signature="()" line-rate="1" branch-rate="1" complexity="1">
              <lines>
                <line number="11" hits="2" branch="False" />
              </lines>
            </method>
            <method name="get_Message" signature="()" line-rate="1" branch-rate="1" complexity="1">
              <lines>
                <line number="15" hits="2" branch="False" />
              </lines>
            </method>
            <method name="get_Data" signature="()" line-rate="1" branch-rate="1" complexity="1">
              <lines>
                <line number="19" hits="1" branch="False" />
              </lines>
            </method>
            <method name="get_AdditionalUrl" signature="()" line-rate="1" branch-rate="1" complexity="1">
              <lines>
                <line number="23" hits="1" branch="False" />
              </lines>
            </method>
            <method name="get_Type" signature="()" line-rate="1" branch-rate="1" complexity="1">
              <lines>
                <line number="27" hits="2" branch="False" />
              </lines>
            </method>
            <method name="get_Level" signature="()" line-rate="1" branch-rate="1" complexity="1">
              <lines>
                <line number="31" hits="2" branch="False" />
              </lines>
            </method>
          </methods>
          <lines>
            <line number="11" hits="2" branch="False" />
            <line number="15" hits="2" branch="False" />
            <line number="19" hits="1" branch="False" />
            <line number="23" hits="1" branch="False" />
            <line number="27" hits="2" branch="False" />
            <line number="31" hits="2" branch="False" />
          </lines>
        </class>
        <class name="Azure.Services.Interaction.ServiceBus.Configuration.ServiceBusOptions" filename="sitcs\Projects\Azure.Services.Interaction\Azure.Services.Interaction.ServiceBus\Configuration\ServiceBusOptions.cs" line-rate="1" branch-rate="1" complexity="3">
          <methods>
            <method name="get_ConnectionString" signature="()" line-rate="1" branch-rate="1" complexity="1">
              <lines>
                <line number="8" hits="4" branch="False" />
              </lines>
            </method>
            <method name="get_QueueName" signature="()" line-rate="1" branch-rate="1" complexity="1">
              <lines>
                <line number="9" hits="3" branch="False" />
              </lines>
            </method>
            <method name="get_IsMock" signature="()" line-rate="1" branch-rate="1" complexity="1">
              <lines>
                <line number="10" hits="3" branch="False" />
              </lines>
            </method>
          </methods>
          <lines>
            <line number="8" hits="4" branch="False" />
            <line number="9" hits="3" branch="False" />
            <line number="10" hits="3" branch="False" />
          </lines>
        </class>
      </classes>
    </package>
    <package name="Azure.Services.Interaction.ServiceBus.Test" line-rate="0.9318000000000001" branch-rate="1" complexity="6">
      <classes>
        <class name="AutoGeneratedProgram" filename="Users\Michael Nuñez\.nuget\packages\microsoft.net.test.sdk\16.9.4\build\netcoreapp2.1\Microsoft.NET.Test.Sdk.Program.cs" line-rate="0" branch-rate="1" complexity="1">
          <methods>
            <method name="Main" signature="(System.String[])" line-rate="0" branch-rate="1" complexity="1">
              <lines>
                <line number="4" hits="0" branch="False" />
              </lines>
            </method>
          </methods>
          <lines>
            <line number="4" hits="0" branch="False" />
          </lines>
        </class>
        <class name="Azure.Services.Interaction.ServiceBus.Test.AzureServiceBusServiceTest" filename="sitcs\Projects\Azure.Services.Interaction\Azure.Services.Interaction.ServiceBus.Test\AzureServiceBusServiceTest.cs" line-rate="1" branch-rate="1" complexity="2">
          <methods>
            <method name="GetTestData" signature="()" line-rate="1" branch-rate="1" complexity="1">
              <lines>
                <line number="71" hits="1" branch="False" />
                <line number="72" hits="1" branch="False" />
                <line number="73" hits="1" branch="False" />
                <line number="74" hits="1" branch="False" />
                <line number="75" hits="1" branch="False" />
                <line number="76" hits="1" branch="False" />
                <line number="77" hits="1" branch="False" />
                <line number="78" hits="1" branch="False" />
                <line number="79" hits="1" branch="False" />
              </lines>
            </method>
            <method name=".ctor" signature="()" line-rate="1" branch-rate="1" complexity="1">
              <lines>
                <line number="22" hits="3" branch="False" />
                <line number="23" hits="3" branch="False" />
                <line number="24" hits="3" branch="False" />
                <line number="25" hits="3" branch="False" />
                <line number="26" hits="3" branch="False" />
                <line number="28" hits="3" branch="False" />
                <line number="29" hits="3" branch="False" />
                <line number="30" hits="3" branch="False" />
                <line number="31" hits="3" branch="False" />
              </lines>
            </method>
          </methods>
          <lines>
            <line number="71" hits="1" branch="False" />
            <line number="72" hits="1" branch="False" />
            <line number="73" hits="1" branch="False" />
            <line number="74" hits="1" branch="False" />
            <line number="75" hits="1" branch="False" />
            <line number="76" hits="1" branch="False" />
            <line number="77" hits="1" branch="False" />
            <line number="78" hits="1" branch="False" />
            <line number="79" hits="1" branch="False" />
            <line number="22" hits="3" branch="False" />
            <line number="23" hits="3" branch="False" />
            <line number="24" hits="3" branch="False" />
            <line number="25" hits="3" branch="False" />
            <line number="26" hits="3" branch="False" />
            <line number="28" hits="3" branch="False" />
            <line number="29" hits="3" branch="False" />
            <line number="30" hits="3" branch="False" />
            <line number="31" hits="3" branch="False" />
          </lines>
        </class>
        <class name="Azure.Services.Interaction.ServiceBus.Test.AzureServiceBusServiceTest/&lt;Send_Message_Queue_Successfully_Test&gt;d__5" filename="sitcs\Projects\Azure.Services.Interaction\Azure.Services.Interaction.ServiceBus.Test\AzureServiceBusServiceTest.cs" line-rate="1" branch-rate="1" complexity="1">
          <methods>
            <method name="MoveNext" signature="()" line-rate="1" branch-rate="1" complexity="1">
              <lines>
                <line number="35" hits="1" branch="False" />
                <line number="36" hits="1" branch="False" />
                <line number="37" hits="1" branch="False" />
                <line number="38" hits="1" branch="False" />
                <line number="39" hits="1" branch="False" />
                <line number="40" hits="1" branch="False" />
                <line number="41" hits="1" branch="False" />
                <line number="43" hits="1" branch="False" />
                <line number="44" hits="1" branch="False" />
                <line number="45" hits="1" branch="False" />
                <line number="46" hits="1" branch="False" />
              </lines>
            </method>
          </methods>
          <lines>
            <line number="35" hits="1" branch="False" />
            <line number="36" hits="1" branch="False" />
            <line number="37" hits="1" branch="False" />
            <line number="38" hits="1" branch="False" />
            <line number="39" hits="1" branch="False" />
            <line number="40" hits="1" branch="False" />
            <line number="41" hits="1" branch="False" />
            <line number="43" hits="1" branch="False" />
            <line number="44" hits="1" branch="False" />
            <line number="45" hits="1" branch="False" />
            <line number="46" hits="1" branch="False" />
          </lines>
        </class>
        <class name="Azure.Services.Interaction.ServiceBus.Test.AzureServiceBusServiceTest/&lt;Send_Message_Queue_Successfully_Fail_ConnectionString_Empty&gt;d__6" filename="sitcs\Projects\Azure.Services.Interaction\Azure.Services.Interaction.ServiceBus.Test\AzureServiceBusServiceTest.cs" line-rate="0.8571" branch-rate="1" complexity="1">
          <methods>
            <method name="MoveNext" signature="()" line-rate="0.8571" branch-rate="1" complexity="1">
              <lines>
                <line number="50" hits="1" branch="False" />
                <line number="51" hits="1" branch="False" />
                <line number="53" hits="3" branch="False" />
                <line number="54" hits="1" branch="False" />
                <line number="55" hits="0" branch="False" />
                <line number="56" hits="2" branch="False" />
                <line number="57" hits="1" branch="False" />
              </lines>
            </method>
          </methods>
          <lines>
            <line number="50" hits="1" branch="False" />
            <line number="51" hits="1" branch="False" />
            <line number="53" hits="3" branch="False" />
            <line number="54" hits="1" branch="False" />
            <line number="55" hits="0" branch="False" />
            <line number="56" hits="2" branch="False" />
            <line number="57" hits="1" branch="False" />
          </lines>
        </class>
        <class name="Azure.Services.Interaction.ServiceBus.Test.AzureServiceBusServiceTest/&lt;Send_Message_Queue_Successfully_Fail_Bad_ConnectionString&gt;d__7" filename="sitcs\Projects\Azure.Services.Interaction\Azure.Services.Interaction.ServiceBus.Test\AzureServiceBusServiceTest.cs" line-rate="0.8571" branch-rate="1" complexity="1">
          <methods>
            <method name="MoveNext" signature="()" line-rate="0.8571" branch-rate="1" complexity="1">
              <lines>
                <line number="61" hits="1" branch="False" />
                <line number="62" hits="1" branch="False" />
                <line number="64" hits="3" branch="False" />
                <line number="65" hits="1" branch="False" />
                <line number="66" hits="0" branch="False" />
                <line number="67" hits="2" branch="False" />
                <line number="68" hits="1" branch="False" />
              </lines>
            </method>
          </methods>
          <lines>
            <line number="61" hits="1" branch="False" />
            <line number="62" hits="1" branch="False" />
            <line number="64" hits="3" branch="False" />
            <line number="65" hits="1" branch="False" />
            <line number="66" hits="0" branch="False" />
            <line number="67" hits="2" branch="False" />
            <line number="68" hits="1" branch="False" />
          </lines>
        </class>
      </classes>
    </package>
  </packages>
</coverage>