TpTrace Verbose: 0 : 9936, 1, 2022/01/21, 16:47:39.339, 6122594211245, vstest.console.dll, Version: 17.0.0-preview-20210512-01
TpTrace Information: 0 : 9936, 1, 2022/01/21, 16:47:39.356, 6122594354366, vstest.console.dll, FilePatternParser: The given file C:\sitcs\Projects\Azure.Services.Interaction\Azure.Services.Interaction.ServiceBus.Test\bin\Debug\net5.0\fine-code-coverage\build-output\Azure.Services.Interaction.ServiceBus.Test.dll is a full path.
TpTrace Verbose: 0 : 9936, 1, 2022/01/21, 16:47:39.370, 6122594498446, vstest.console.dll, TestPluginCache.DiscoverTestExtensions: finding test extensions in assemblies ends with: RuntimeProvider.dll TPluginInfo: Microsoft.VisualStudio.TestPlatform.Common.ExtensionFramework.Utilities.TestRuntimePluginInformation TExtension: Microsoft.VisualStudio.TestPlatform.ObjectModel.Host.ITestRuntimeProvider
TpTrace Verbose: 0 : 9936, 1, 2022/01/21, 16:47:39.371, 6122594510170, vstest.console.dll, TestPluginCache.GetExtensionPaths: Filtered extension paths: 
TpTrace Verbose: 0 : 9936, 1, 2022/01/21, 16:47:39.372, 6122594511361, vstest.console.dll, TestPluginCache.GetExtensionPaths: Added default extension paths: C:\Program Files\dotnet\sdk\6.0.100-preview.5.21302.13\Extensions\Microsoft.Diagnostics.NETCore.Client.dll
C:\Program Files\dotnet\sdk\6.0.100-preview.5.21302.13\Extensions\Microsoft.TestPlatform.Extensions.BlameDataCollector.dll
C:\Program Files\dotnet\sdk\6.0.100-preview.5.21302.13\Extensions\Microsoft.TestPlatform.Extensions.EventLogCollector.dll
C:\Program Files\dotnet\sdk\6.0.100-preview.5.21302.13\Extensions\Microsoft.TestPlatform.TestHostRuntimeProvider.dll
C:\Program Files\dotnet\sdk\6.0.100-preview.5.21302.13\Extensions\Microsoft.VisualStudio.TestPlatform.Extensions.Html.TestLogger.dll
C:\Program Files\dotnet\sdk\6.0.100-preview.5.21302.13\Extensions\Microsoft.VisualStudio.TestPlatform.Extensions.Trx.TestLogger.dll
TpTrace Verbose: 0 : 9936, 1, 2022/01/21, 16:47:39.372, 6122594511916, vstest.console.dll, TestPluginCache.GetExtensionPaths: Added unfilterableExtensionPaths: 
TpTrace Information: 0 : 9936, 1, 2022/01/21, 16:47:39.373, 6122594522878, vstest.console.dll, AssemblyResolver.ctor: Creating AssemblyResolver with searchDirectories C:\Program Files\dotnet\sdk\6.0.100-preview.5.21302.13\Extensions,C:\Program Files\dotnet\sdk\6.0.100-preview.5.21302.13
TpTrace Verbose: 0 : 9936, 1, 2022/01/21, 16:47:39.375, 6122594548666, vstest.console.dll, TestPluginCache.DiscoverTestExtensions: Discovering the extensions using extension path.
TpTrace Verbose: 0 : 9936, 1, 2022/01/21, 16:47:39.375, 6122594550602, vstest.console.dll, TestPluginCache.GetExtensionPaths: Filtered extension paths: 
TpTrace Verbose: 0 : 9936, 1, 2022/01/21, 16:47:39.375, 6122594551116, vstest.console.dll, TestPluginCache.GetExtensionPaths: Added default extension paths: C:\Program Files\dotnet\sdk\6.0.100-preview.5.21302.13\Extensions\Microsoft.Diagnostics.NETCore.Client.dll
C:\Program Files\dotnet\sdk\6.0.100-preview.5.21302.13\Extensions\Microsoft.TestPlatform.Extensions.BlameDataCollector.dll
C:\Program Files\dotnet\sdk\6.0.100-preview.5.21302.13\Extensions\Microsoft.TestPlatform.Extensions.EventLogCollector.dll
C:\Program Files\dotnet\sdk\6.0.100-preview.5.21302.13\Extensions\Microsoft.TestPlatform.TestHostRuntimeProvider.dll
C:\Program Files\dotnet\sdk\6.0.100-preview.5.21302.13\Extensions\Microsoft.VisualStudio.TestPlatform.Extensions.Html.TestLogger.dll
C:\Program Files\dotnet\sdk\6.0.100-preview.5.21302.13\Extensions\Microsoft.VisualStudio.TestPlatform.Extensions.Trx.TestLogger.dll
TpTrace Verbose: 0 : 9936, 1, 2022/01/21, 16:47:39.376, 6122594551573, vstest.console.dll, TestPluginCache.GetExtensionPaths: Added unfilterableExtensionPaths: 
TpTrace Verbose: 0 : 9936, 1, 2022/01/21, 16:47:39.376, 6122594552337, vstest.console.dll, TestPluginCache.DiscoverTestExtensions: Discovering the extensions using allExtensionPaths: C:\Program Files\dotnet\sdk\6.0.100-preview.5.21302.13\Extensions\Microsoft.Diagnostics.NETCore.Client.dll
C:\Program Files\dotnet\sdk\6.0.100-preview.5.21302.13\Extensions\Microsoft.TestPlatform.Extensions.BlameDataCollector.dll
C:\Program Files\dotnet\sdk\6.0.100-preview.5.21302.13\Extensions\Microsoft.TestPlatform.Extensions.EventLogCollector.dll
C:\Program Files\dotnet\sdk\6.0.100-preview.5.21302.13\Extensions\Microsoft.TestPlatform.TestHostRuntimeProvider.dll
C:\Program Files\dotnet\sdk\6.0.100-preview.5.21302.13\Extensions\Microsoft.VisualStudio.TestPlatform.Extensions.Html.TestLogger.dll
C:\Program Files\dotnet\sdk\6.0.100-preview.5.21302.13\Extensions\Microsoft.VisualStudio.TestPlatform.Extensions.Trx.TestLogger.dll
TpTrace Information: 0 : 9936, 1, 2022/01/21, 16:47:39.376, 6122594554583, vstest.console.dll, AssemblyResolver.AddSearchDirectories: Adding more searchDirectories C:\Program Files\dotnet\sdk\6.0.100-preview.5.21302.13\Extensions,C:\Program Files\dotnet\sdk\6.0.100-preview.5.21302.13
TpTrace Information: 0 : 9936, 1, 2022/01/21, 16:47:39.376, 6122594555329, vstest.console.dll, AssemblyResolver.AddSearchDirectories: Adding more searchDirectories C:\Program Files\dotnet\sdk\6.0.100-preview.5.21302.13\Extensions,C:\Program Files\dotnet\sdk\6.0.100-preview.5.21302.13
TpTrace Information: 0 : 9936, 1, 2022/01/21, 16:47:39.376, 6122594555832, vstest.console.dll, AssemblyResolver.AddSearchDirectories: Adding more searchDirectories C:\Program Files\dotnet\sdk\6.0.100-preview.5.21302.13\Extensions,C:\Program Files\dotnet\sdk\6.0.100-preview.5.21302.13
TpTrace Information: 0 : 9936, 1, 2022/01/21, 16:47:39.376, 6122594556208, vstest.console.dll, AssemblyResolver.AddSearchDirectories: Adding more searchDirectories C:\Program Files\dotnet\sdk\6.0.100-preview.5.21302.13\Extensions,C:\Program Files\dotnet\sdk\6.0.100-preview.5.21302.13
TpTrace Information: 0 : 9936, 1, 2022/01/21, 16:47:39.376, 6122594556563, vstest.console.dll, AssemblyResolver.AddSearchDirectories: Adding more searchDirectories C:\Program Files\dotnet\sdk\6.0.100-preview.5.21302.13\Extensions,C:\Program Files\dotnet\sdk\6.0.100-preview.5.21302.13
TpTrace Information: 0 : 9936, 1, 2022/01/21, 16:47:39.376, 6122594557013, vstest.console.dll, AssemblyResolver.AddSearchDirectories: Adding more searchDirectories C:\Program Files\dotnet\sdk\6.0.100-preview.5.21302.13\Extensions,C:\Program Files\dotnet\sdk\6.0.100-preview.5.21302.13
TpTrace Information: 0 : 9936, 1, 2022/01/21, 16:47:39.377, 6122594561467, vstest.console.dll, AssemblyResolver.OnResolve: Microsoft.Diagnostics.NETCore.Client: Resolving assembly.
TpTrace Information: 0 : 9936, 1, 2022/01/21, 16:47:39.377, 6122594562364, vstest.console.dll, AssemblyResolver.OnResolve: Microsoft.Diagnostics.NETCore.Client: Searching in: 'C:\Program Files\dotnet\sdk\6.0.100-preview.5.21302.13\Extensions'.
TpTrace Information: 0 : 9936, 1, 2022/01/21, 16:47:39.377, 6122594570880, vstest.console.dll, AssemblyResolver.OnResolve: Microsoft.Diagnostics.NETCore.Client: Loading assembly 'C:\Program Files\dotnet\sdk\6.0.100-preview.5.21302.13\Extensions\Microsoft.Diagnostics.NETCore.Client.dll'.
TpTrace Information: 0 : 9936, 1, 2022/01/21, 16:47:39.378, 6122594579953, vstest.console.dll, AssemblyResolver.OnResolve: Resolved assembly: Microsoft.Diagnostics.NETCore.Client, from path: C:\Program Files\dotnet\sdk\6.0.100-preview.5.21302.13\Extensions\Microsoft.Diagnostics.NETCore.Client.dll
TpTrace Information: 0 : 9936, 1, 2022/01/21, 16:47:39.388, 6122594677541, vstest.console.dll, AssemblyResolver.OnResolve: Microsoft.Bcl.AsyncInterfaces: Resolving assembly.
TpTrace Information: 0 : 9936, 1, 2022/01/21, 16:47:39.388, 6122594678669, vstest.console.dll, AssemblyResolver.OnResolve: Microsoft.Bcl.AsyncInterfaces: Searching in: 'C:\Program Files\dotnet\sdk\6.0.100-preview.5.21302.13\Extensions'.
TpTrace Information: 0 : 9936, 1, 2022/01/21, 16:47:39.388, 6122594679816, vstest.console.dll, AssemblyResolver.OnResolve: Microsoft.Bcl.AsyncInterfaces: Assembly path does not exist: 'C:\Program Files\dotnet\sdk\6.0.100-preview.5.21302.13\Extensions\Microsoft.Bcl.AsyncInterfaces.dll', returning.
TpTrace Information: 0 : 9936, 1, 2022/01/21, 16:47:39.388, 6122594680800, vstest.console.dll, AssemblyResolver.OnResolve: Microsoft.Bcl.AsyncInterfaces: Assembly path does not exist: 'C:\Program Files\dotnet\sdk\6.0.100-preview.5.21302.13\Extensions\Microsoft.Bcl.AsyncInterfaces.exe', returning.
TpTrace Information: 0 : 9936, 1, 2022/01/21, 16:47:39.389, 6122594681845, vstest.console.dll, AssemblyResolver.OnResolve: Microsoft.Bcl.AsyncInterfaces: Searching in: 'C:\Program Files\dotnet\sdk\6.0.100-preview.5.21302.13'.
TpTrace Information: 0 : 9936, 1, 2022/01/21, 16:47:39.389, 6122594682815, vstest.console.dll, AssemblyResolver.OnResolve: Microsoft.Bcl.AsyncInterfaces: Assembly path does not exist: 'C:\Program Files\dotnet\sdk\6.0.100-preview.5.21302.13\Microsoft.Bcl.AsyncInterfaces.dll', returning.
TpTrace Information: 0 : 9936, 1, 2022/01/21, 16:47:39.389, 6122594683675, vstest.console.dll, AssemblyResolver.OnResolve: Microsoft.Bcl.AsyncInterfaces: Assembly path does not exist: 'C:\Program Files\dotnet\sdk\6.0.100-preview.5.21302.13\Microsoft.Bcl.AsyncInterfaces.exe', returning.
TpTrace Information: 0 : 9936, 1, 2022/01/21, 16:47:39.389, 6122594685391, vstest.console.dll, AssemblyResolver.OnResolve: Microsoft.Bcl.AsyncInterfaces: Failed to load assembly.
TpTrace Verbose: 0 : 9936, 1, 2022/01/21, 16:47:39.389, 6122594687482, vstest.console.dll, CurrentDomainAssemblyResolve: Resolving assembly 'Microsoft.Bcl.AsyncInterfaces'.
TpTrace Information: 0 : 9936, 1, 2022/01/21, 16:47:39.389, 6122594688953, vstest.console.dll, AssemblyResolver.OnResolve: Microsoft.Bcl.AsyncInterfaces: Resolving assembly.
TpTrace Information: 0 : 9936, 1, 2022/01/21, 16:47:39.389, 6122594689846, vstest.console.dll, AssemblyResolver.OnResolve: Microsoft.Bcl.AsyncInterfaces: Resolved from cache.
TpTrace Verbose: 0 : 9936, 1, 2022/01/21, 16:47:39.389, 6122594690384, vstest.console.dll, CurrentDomainAssemblyResolve: Resolving assembly 'Microsoft.Bcl.AsyncInterfaces'.
TpTrace Verbose: 0 : 9936, 1, 2022/01/21, 16:47:39.389, 6122594690905, vstest.console.dll, CurrentDomainAssemblyResolve: Failed to resolve assembly 'Microsoft.Bcl.AsyncInterfaces'.
TpTrace Verbose: 0 : 9936, 1, 2022/01/21, 16:47:39.391, 6122594704246, vstest.console.dll, CurrentDomainAssemblyResolve: Failed to resolve assembly 'Microsoft.Bcl.AsyncInterfaces'.
TpTrace Warning: 0 : 9936, 1, 2022/01/21, 16:47:39.426, 6122595057786, vstest.console.dll, TestPluginDiscoverer: Failed to get types from assembly 'Microsoft.Diagnostics.NETCore.Client, Version=0.2.2.41902, Culture=neutral, PublicKeyToken=31bf3856ad364e35'.  Skipping test extension scan for this assembly.  Error: System.Reflection.ReflectionTypeLoadException: Unable to load one or more of the requested types.
Could not load file or assembly 'Microsoft.Bcl.AsyncInterfaces, Version=1.0.0.0, Culture=neutral, PublicKeyToken=cc7b13ffcd2ddd51'. The system cannot find the file specified.
   at System.Reflection.RuntimeModule.GetTypes(RuntimeModule module)
   at System.Reflection.RuntimeModule.GetTypes() in System.Private.CoreLib.dll:token 0x6004ed8+0x0
   at System.Reflection.Assembly.GetTypes() in System.Private.CoreLib.dll:token 0x6004bed+0xe
   at Microsoft.VisualStudio.TestPlatform.Common.ExtensionFramework.TestPluginDiscoverer.GetTestExtensionsFromAssembly[TPluginInfo,TExtension](Assembly assembly, Dictionary`2 pluginInfos) in Microsoft.VisualStudio.TestPlatform.Common.dll:token 0x60001af+0x1a
System.IO.FileNotFoundException: Could not load file or assembly 'Microsoft.Bcl.AsyncInterfaces, Version=1.0.0.0, Culture=neutral, PublicKeyToken=cc7b13ffcd2ddd51'. The system cannot find the file specified.
File name: 'Microsoft.Bcl.AsyncInterfaces, Version=1.0.0.0, Culture=neutral, PublicKeyToken=cc7b13ffcd2ddd51'
 ---> System.IO.FileNotFoundException: Could not load file or assembly 'Microsoft.Bcl.AsyncInterfaces, Culture=neutral, PublicKeyToken=null'. The system cannot find the file specified.
File name: 'Microsoft.Bcl.AsyncInterfaces, Culture=neutral, PublicKeyToken=null'
   at System.Reflection.RuntimeAssembly.InternalLoad(ObjectHandleOnStack assemblyName, ObjectHandleOnStack requestingAssembly, StackCrawlMarkHandle stackMark, Boolean throwOnFileNotFound, ObjectHandleOnStack assemblyLoadContext, ObjectHandleOnStack retAssembly) in System.Private.CoreLib.dll:token 0x6004dec+0x8
   at System.Reflection.RuntimeAssembly.InternalLoad(AssemblyName assemblyName, RuntimeAssembly requestingAssembly, StackCrawlMark& stackMark, Boolean throwOnFileNotFound, AssemblyLoadContext assemblyLoadContext) in System.Private.CoreLib.dll:token 0x6004deb+0x16
   at System.Reflection.Assembly.Load(AssemblyName assemblyRef) in System.Private.CoreLib.dll:token 0x6004be2+0xe
   at Microsoft.VisualStudio.TestPlatform.Common.ExtensionFramework.TestPluginCache.CurrentDomainAssemblyResolve(Object sender, AssemblyResolveEventArgs args) in Microsoft.VisualStudio.TestPlatform.Common.dll:token 0x60001a9+0x64
   at Microsoft.VisualStudio.TestPlatform.PlatformAbstractions.PlatformAssemblyResolver.AssemblyResolverEvent(Object sender, Object eventArgs) in Microsoft.TestPlatform.PlatformAbstractions.dll:token 0x600004a+0x1c
   at System.Runtime.Loader.AssemblyLoadContext.GetFirstResolvedAssemblyFromResolvingEvent(AssemblyName assemblyName) in System.Private.CoreLib.dll:token 0x60035f8+0x24
   at System.Runtime.Loader.AssemblyLoadContext.ResolveUsingEvent(AssemblyName assemblyName) in System.Private.CoreLib.dll:token 0x60035fb+0x7
   at System.Runtime.Loader.AssemblyLoadContext.ResolveUsingResolvingEvent(IntPtr gchManagedAssemblyLoadContext, AssemblyName assemblyName) in System.Private.CoreLib.dll:token 0x60035bc+0x7
TpTrace Warning: 0 : 9936, 1, 2022/01/21, 16:47:39.426, 6122595060930, vstest.console.dll, LoaderExceptions: System.IO.FileNotFoundException: Could not load file or assembly 'Microsoft.Bcl.AsyncInterfaces, Version=1.0.0.0, Culture=neutral, PublicKeyToken=cc7b13ffcd2ddd51'. The system cannot find the file specified.
File name: 'Microsoft.Bcl.AsyncInterfaces, Version=1.0.0.0, Culture=neutral, PublicKeyToken=cc7b13ffcd2ddd51'
 ---> System.IO.FileNotFoundException: Could not load file or assembly 'Microsoft.Bcl.AsyncInterfaces, Culture=neutral, PublicKeyToken=null'. The system cannot find the file specified.
File name: 'Microsoft.Bcl.AsyncInterfaces, Culture=neutral, PublicKeyToken=null'
   at System.Reflection.RuntimeAssembly.InternalLoad(ObjectHandleOnStack assemblyName, ObjectHandleOnStack requestingAssembly, StackCrawlMarkHandle stackMark, Boolean throwOnFileNotFound, ObjectHandleOnStack assemblyLoadContext, ObjectHandleOnStack retAssembly) in System.Private.CoreLib.dll:token 0x6004dec+0x8
   at System.Reflection.RuntimeAssembly.InternalLoad(AssemblyName assemblyName, RuntimeAssembly requestingAssembly, StackCrawlMark& stackMark, Boolean throwOnFileNotFound, AssemblyLoadContext assemblyLoadContext) in System.Private.CoreLib.dll:token 0x6004deb+0x16
   at System.Reflection.Assembly.Load(AssemblyName assemblyRef) in System.Private.CoreLib.dll:token 0x6004be2+0xe
   at Microsoft.VisualStudio.TestPlatform.Common.ExtensionFramework.TestPluginCache.CurrentDomainAssemblyResolve(Object sender, AssemblyResolveEventArgs args) in Microsoft.VisualStudio.TestPlatform.Common.dll:token 0x60001a9+0x64
   at Microsoft.VisualStudio.TestPlatform.PlatformAbstractions.PlatformAssemblyResolver.AssemblyResolverEvent(Object sender, Object eventArgs) in Microsoft.TestPlatform.PlatformAbstractions.dll:token 0x600004a+0x1c
   at System.Runtime.Loader.AssemblyLoadContext.GetFirstResolvedAssemblyFromResolvingEvent(AssemblyName assemblyName) in System.Private.CoreLib.dll:token 0x60035f8+0x24
   at System.Runtime.Loader.AssemblyLoadContext.ResolveUsingEvent(AssemblyName assemblyName) in System.Private.CoreLib.dll:token 0x60035fb+0x7
   at System.Runtime.Loader.AssemblyLoadContext.ResolveUsingResolvingEvent(IntPtr gchManagedAssemblyLoadContext, AssemblyName assemblyName) in System.Private.CoreLib.dll:token 0x60035bc+0x7
TpTrace Information: 0 : 9936, 1, 2022/01/21, 16:47:39.427, 6122595062492, vstest.console.dll, AssemblyResolver.OnResolve: Microsoft.TestPlatform.Extensions.BlameDataCollector: Resolving assembly.
TpTrace Information: 0 : 9936, 1, 2022/01/21, 16:47:39.427, 6122595063043, vstest.console.dll, AssemblyResolver.OnResolve: Microsoft.TestPlatform.Extensions.BlameDataCollector: Searching in: 'C:\Program Files\dotnet\sdk\6.0.100-preview.5.21302.13\Extensions'.
TpTrace Information: 0 : 9936, 1, 2022/01/21, 16:47:39.427, 6122595070612, vstest.console.dll, AssemblyResolver.OnResolve: Microsoft.TestPlatform.Extensions.BlameDataCollector: Loading assembly 'C:\Program Files\dotnet\sdk\6.0.100-preview.5.21302.13\Extensions\Microsoft.TestPlatform.Extensions.BlameDataCollector.dll'.
TpTrace Information: 0 : 9936, 1, 2022/01/21, 16:47:39.428, 6122595078844, vstest.console.dll, AssemblyResolver.OnResolve: Resolved assembly: Microsoft.TestPlatform.Extensions.BlameDataCollector, from path: C:\Program Files\dotnet\sdk\6.0.100-preview.5.21302.13\Extensions\Microsoft.TestPlatform.Extensions.BlameDataCollector.dll
TpTrace Information: 0 : 9936, 1, 2022/01/21, 16:47:39.429, 6122595086852, vstest.console.dll, AssemblyResolver.OnResolve: Microsoft.TestPlatform.Extensions.EventLogCollector: Resolving assembly.
TpTrace Information: 0 : 9936, 1, 2022/01/21, 16:47:39.429, 6122595087682, vstest.console.dll, AssemblyResolver.OnResolve: Microsoft.TestPlatform.Extensions.EventLogCollector: Searching in: 'C:\Program Files\dotnet\sdk\6.0.100-preview.5.21302.13\Extensions'.
TpTrace Information: 0 : 9936, 1, 2022/01/21, 16:47:39.430, 6122595094109, vstest.console.dll, AssemblyResolver.OnResolve: Microsoft.TestPlatform.Extensions.EventLogCollector: Loading assembly 'C:\Program Files\dotnet\sdk\6.0.100-preview.5.21302.13\Extensions\Microsoft.TestPlatform.Extensions.EventLogCollector.dll'.
TpTrace Information: 0 : 9936, 1, 2022/01/21, 16:47:39.430, 6122595100952, vstest.console.dll, AssemblyResolver.OnResolve: Resolved assembly: Microsoft.TestPlatform.Extensions.EventLogCollector, from path: C:\Program Files\dotnet\sdk\6.0.100-preview.5.21302.13\Extensions\Microsoft.TestPlatform.Extensions.EventLogCollector.dll
TpTrace Information: 0 : 9936, 1, 2022/01/21, 16:47:39.433, 6122595130941, vstest.console.dll, AssemblyResolver.OnResolve: Microsoft.TestPlatform.TestHostRuntimeProvider: Resolving assembly.
TpTrace Information: 0 : 9936, 1, 2022/01/21, 16:47:39.434, 6122595133004, vstest.console.dll, AssemblyResolver.OnResolve: Microsoft.TestPlatform.TestHostRuntimeProvider: Searching in: 'C:\Program Files\dotnet\sdk\6.0.100-preview.5.21302.13\Extensions'.
TpTrace Information: 0 : 9936, 1, 2022/01/21, 16:47:39.435, 6122595142280, vstest.console.dll, AssemblyResolver.OnResolve: Microsoft.TestPlatform.TestHostRuntimeProvider: Loading assembly 'C:\Program Files\dotnet\sdk\6.0.100-preview.5.21302.13\Extensions\Microsoft.TestPlatform.TestHostRuntimeProvider.dll'.
TpTrace Information: 0 : 9936, 1, 2022/01/21, 16:47:39.437, 6122595166360, vstest.console.dll, AssemblyResolver.OnResolve: Resolved assembly: Microsoft.TestPlatform.TestHostRuntimeProvider, from path: C:\Program Files\dotnet\sdk\6.0.100-preview.5.21302.13\Extensions\Microsoft.TestPlatform.TestHostRuntimeProvider.dll
TpTrace Information: 0 : 9936, 1, 2022/01/21, 16:47:39.439, 6122595187392, vstest.console.dll, AssemblyResolver.OnResolve: Microsoft.VisualStudio.TestPlatform.Extensions.Html.TestLogger: Resolving assembly.
TpTrace Information: 0 : 9936, 1, 2022/01/21, 16:47:39.439, 6122595188341, vstest.console.dll, AssemblyResolver.OnResolve: Microsoft.VisualStudio.TestPlatform.Extensions.Html.TestLogger: Searching in: 'C:\Program Files\dotnet\sdk\6.0.100-preview.5.21302.13\Extensions'.
TpTrace Information: 0 : 9936, 1, 2022/01/21, 16:47:39.440, 6122595195170, vstest.console.dll, AssemblyResolver.OnResolve: Microsoft.VisualStudio.TestPlatform.Extensions.Html.TestLogger: Loading assembly 'C:\Program Files\dotnet\sdk\6.0.100-preview.5.21302.13\Extensions\Microsoft.VisualStudio.TestPlatform.Extensions.Html.TestLogger.dll'.
TpTrace Information: 0 : 9936, 1, 2022/01/21, 16:47:39.441, 6122595204354, vstest.console.dll, AssemblyResolver.OnResolve: Resolved assembly: Microsoft.VisualStudio.TestPlatform.Extensions.Html.TestLogger, from path: C:\Program Files\dotnet\sdk\6.0.100-preview.5.21302.13\Extensions\Microsoft.VisualStudio.TestPlatform.Extensions.Html.TestLogger.dll
TpTrace Information: 0 : 9936, 1, 2022/01/21, 16:47:39.441, 6122595208856, vstest.console.dll, AssemblyResolver.OnResolve: Microsoft.VisualStudio.TestPlatform.Extensions.Trx.TestLogger: Resolving assembly.
TpTrace Information: 0 : 9936, 1, 2022/01/21, 16:47:39.441, 6122595209601, vstest.console.dll, AssemblyResolver.OnResolve: Microsoft.VisualStudio.TestPlatform.Extensions.Trx.TestLogger: Searching in: 'C:\Program Files\dotnet\sdk\6.0.100-preview.5.21302.13\Extensions'.
TpTrace Information: 0 : 9936, 1, 2022/01/21, 16:47:39.442, 6122595217025, vstest.console.dll, AssemblyResolver.OnResolve: Microsoft.VisualStudio.TestPlatform.Extensions.Trx.TestLogger: Loading assembly 'C:\Program Files\dotnet\sdk\6.0.100-preview.5.21302.13\Extensions\Microsoft.VisualStudio.TestPlatform.Extensions.Trx.TestLogger.dll'.
TpTrace Information: 0 : 9936, 1, 2022/01/21, 16:47:39.443, 6122595227377, vstest.console.dll, AssemblyResolver.OnResolve: Resolved assembly: Microsoft.VisualStudio.TestPlatform.Extensions.Trx.TestLogger, from path: C:\Program Files\dotnet\sdk\6.0.100-preview.5.21302.13\Extensions\Microsoft.VisualStudio.TestPlatform.Extensions.Trx.TestLogger.dll
TpTrace Verbose: 0 : 9936, 1, 2022/01/21, 16:47:39.445, 6122595244640, vstest.console.dll, TestPluginCache: Discovered the extensions using extension path ''.
TpTrace Verbose: 0 : 9936, 1, 2022/01/21, 16:47:39.445, 6122595245659, vstest.console.dll, TestPluginCache: Discoverers are ''.
TpTrace Verbose: 0 : 9936, 1, 2022/01/21, 16:47:39.445, 6122595246023, vstest.console.dll, TestPluginCache: Executors are ''.
TpTrace Verbose: 0 : 9936, 1, 2022/01/21, 16:47:39.445, 6122595246328, vstest.console.dll, TestPluginCache: Executors2 are ''.
TpTrace Verbose: 0 : 9936, 1, 2022/01/21, 16:47:39.445, 6122595246620, vstest.console.dll, TestPluginCache: Setting providers are ''.
TpTrace Verbose: 0 : 9936, 1, 2022/01/21, 16:47:39.445, 6122595246908, vstest.console.dll, TestPluginCache: Loggers are ''.
TpTrace Information: 0 : 9936, 1, 2022/01/21, 16:47:39.451, 6122595308704, vstest.console.dll, RunTestsArgumentProcessor:Execute: Test run is starting.
TpTrace Verbose: 0 : 9936, 1, 2022/01/21, 16:47:39.451, 6122595309852, vstest.console.dll, RunTestsArgumentProcessor:Execute: Queuing Test run.
TpTrace Information: 0 : 9936, 1, 2022/01/21, 16:47:39.452, 6122595312416, vstest.console.dll, TestRequestManager.RunTests: run tests started.
TpTrace Information: 0 : 9936, 1, 2022/01/21, 16:47:39.456, 6122595360412, vstest.console.dll, AssemblyMetadataProvider.GetFrameWork: Determined framework:'.NETCoreApp,Version=v5.0' for source: 'C:\sitcs\Projects\Azure.Services.Interaction\Azure.Services.Interaction.ServiceBus.Test\bin\Debug\net5.0\fine-code-coverage\build-output\Azure.Services.Interaction.ServiceBus.Test.dll'
TpTrace Information: 0 : 9936, 1, 2022/01/21, 16:47:39.457, 6122595362463, vstest.console.dll, Determined framework for all sources: .NETCoreApp,Version=v5.0
TpTrace Information: 0 : 9936, 1, 2022/01/21, 16:47:39.457, 6122595367443, vstest.console.dll, AssemblyMetadataProvider.GetArchitecture: Determined architecture:AnyCPU info for assembly: C:\sitcs\Projects\Azure.Services.Interaction\Azure.Services.Interaction.ServiceBus.Test\bin\Debug\net5.0\fine-code-coverage\build-output\Azure.Services.Interaction.ServiceBus.Test.dll
TpTrace Information: 0 : 9936, 1, 2022/01/21, 16:47:39.459, 6122595388093, vstest.console.dll, Determined platform for all sources: X64
TpTrace Information: 0 : 9936, 1, 2022/01/21, 16:47:39.462, 6122595417622, vstest.console.dll, Compatible sources list : 
TpTrace Information: 0 : 9936, 1, 2022/01/21, 16:47:39.462, 6122595418565, vstest.console.dll, C:\sitcs\Projects\Azure.Services.Interaction\Azure.Services.Interaction.ServiceBus.Test\bin\Debug\net5.0\fine-code-coverage\build-output\Azure.Services.Interaction.ServiceBus.Test.dll
TpTrace Information: 0 : 9936, 1, 2022/01/21, 16:47:39.468, 6122595476657, vstest.console.dll, InferRunSettingsHelper.IsTestSettingsEnabled: Unable to navigate to RunSettings/MSTest. Current node: RunSettings
TpTrace Information: 0 : 9936, 1, 2022/01/21, 16:47:39.469, 6122595486733, vstest.console.dll, AssemblyResolver.OnResolve: Microsoft.VisualStudio.TestPlatform.Fakes: Resolving assembly.
TpTrace Information: 0 : 9936, 1, 2022/01/21, 16:47:39.469, 6122595487610, vstest.console.dll, AssemblyResolver.OnResolve: Microsoft.VisualStudio.TestPlatform.Fakes: Searching in: 'C:\Program Files\dotnet\sdk\6.0.100-preview.5.21302.13\Extensions'.
TpTrace Information: 0 : 9936, 1, 2022/01/21, 16:47:39.469, 6122595489171, vstest.console.dll, AssemblyResolver.OnResolve: Microsoft.VisualStudio.TestPlatform.Fakes: Assembly path does not exist: 'C:\Program Files\dotnet\sdk\6.0.100-preview.5.21302.13\Extensions\Microsoft.VisualStudio.TestPlatform.Fakes.dll', returning.
TpTrace Information: 0 : 9936, 1, 2022/01/21, 16:47:39.469, 6122595490089, vstest.console.dll, AssemblyResolver.OnResolve: Microsoft.VisualStudio.TestPlatform.Fakes: Assembly path does not exist: 'C:\Program Files\dotnet\sdk\6.0.100-preview.5.21302.13\Extensions\Microsoft.VisualStudio.TestPlatform.Fakes.exe', returning.
TpTrace Information: 0 : 9936, 1, 2022/01/21, 16:47:39.469, 6122595490641, vstest.console.dll, AssemblyResolver.OnResolve: Microsoft.VisualStudio.TestPlatform.Fakes: Searching in: 'C:\Program Files\dotnet\sdk\6.0.100-preview.5.21302.13'.
TpTrace Information: 0 : 9936, 1, 2022/01/21, 16:47:39.470, 6122595491505, vstest.console.dll, AssemblyResolver.OnResolve: Microsoft.VisualStudio.TestPlatform.Fakes: Assembly path does not exist: 'C:\Program Files\dotnet\sdk\6.0.100-preview.5.21302.13\Microsoft.VisualStudio.TestPlatform.Fakes.dll', returning.
TpTrace Information: 0 : 9936, 1, 2022/01/21, 16:47:39.470, 6122595492394, vstest.console.dll, AssemblyResolver.OnResolve: Microsoft.VisualStudio.TestPlatform.Fakes: Assembly path does not exist: 'C:\Program Files\dotnet\sdk\6.0.100-preview.5.21302.13\Microsoft.VisualStudio.TestPlatform.Fakes.exe', returning.
TpTrace Information: 0 : 9936, 1, 2022/01/21, 16:47:39.470, 6122595492817, vstest.console.dll, AssemblyResolver.OnResolve: Microsoft.VisualStudio.TestPlatform.Fakes: Failed to load assembly.
TpTrace Information: 0 : 9936, 1, 2022/01/21, 16:47:39.470, 6122595496389, vstest.console.dll, Failed to load assembly Microsoft.VisualStudio.TestPlatform.Fakes, Version=17.0.0.0, Culture=neutral. Reason:System.IO.FileNotFoundException: Could not load file or assembly 'Microsoft.VisualStudio.TestPlatform.Fakes, Version=17.0.0.0, Culture=neutral, PublicKeyToken=null'. The system cannot find the file specified.
File name: 'Microsoft.VisualStudio.TestPlatform.Fakes, Version=17.0.0.0, Culture=neutral, PublicKeyToken=null'
   at System.Reflection.RuntimeAssembly.InternalLoad(ObjectHandleOnStack assemblyName, ObjectHandleOnStack requestingAssembly, StackCrawlMarkHandle stackMark, Boolean throwOnFileNotFound, ObjectHandleOnStack assemblyLoadContext, ObjectHandleOnStack retAssembly) in System.Private.CoreLib.dll:token 0x6004dec+0x8
   at System.Reflection.RuntimeAssembly.InternalLoad(AssemblyName assemblyName, RuntimeAssembly requestingAssembly, StackCrawlMark& stackMark, Boolean throwOnFileNotFound, AssemblyLoadContext assemblyLoadContext) in System.Private.CoreLib.dll:token 0x6004deb+0x16
   at System.Reflection.Assembly.Load(AssemblyName assemblyRef) in System.Private.CoreLib.dll:token 0x6004be2+0xe
   at Microsoft.VisualStudio.TestPlatform.Common.Utilities.FakesUtilities.LoadTestPlatformAssembly() in Microsoft.VisualStudio.TestPlatform.Common.dll:token 0x600007c+0xa
TpTrace Verbose: 0 : 9936, 1, 2022/01/21, 16:47:39.475, 6122595542318, vstest.console.dll, TestPluginCache.DiscoverTestExtensions: finding test extensions in assemblies ends with: TestLogger.dll TPluginInfo: Microsoft.VisualStudio.TestPlatform.Common.ExtensionFramework.Utilities.TestLoggerPluginInformation TExtension: Microsoft.VisualStudio.TestPlatform.ObjectModel.Client.ITestLogger
TpTrace Verbose: 0 : 9936, 1, 2022/01/21, 16:47:39.475, 6122595543576, vstest.console.dll, TestPluginCache.GetExtensionPaths: Filtered extension paths: 
TpTrace Verbose: 0 : 9936, 1, 2022/01/21, 16:47:39.475, 6122595544235, vstest.console.dll, TestPluginCache.GetExtensionPaths: Added default extension paths: C:\Program Files\dotnet\sdk\6.0.100-preview.5.21302.13\Extensions\Microsoft.Diagnostics.NETCore.Client.dll
C:\Program Files\dotnet\sdk\6.0.100-preview.5.21302.13\Extensions\Microsoft.TestPlatform.Extensions.BlameDataCollector.dll
C:\Program Files\dotnet\sdk\6.0.100-preview.5.21302.13\Extensions\Microsoft.TestPlatform.Extensions.EventLogCollector.dll
C:\Program Files\dotnet\sdk\6.0.100-preview.5.21302.13\Extensions\Microsoft.TestPlatform.TestHostRuntimeProvider.dll
C:\Program Files\dotnet\sdk\6.0.100-preview.5.21302.13\Extensions\Microsoft.VisualStudio.TestPlatform.Extensions.Html.TestLogger.dll
C:\Program Files\dotnet\sdk\6.0.100-preview.5.21302.13\Extensions\Microsoft.VisualStudio.TestPlatform.Extensions.Trx.TestLogger.dll
TpTrace Verbose: 0 : 9936, 1, 2022/01/21, 16:47:39.475, 6122595544743, vstest.console.dll, TestPluginCache.GetExtensionPaths: Added unfilterableExtensionPaths: 
TpTrace Information: 0 : 9936, 1, 2022/01/21, 16:47:39.475, 6122595547083, vstest.console.dll, AssemblyResolver.AddSearchDirectories: Adding more searchDirectories C:\Program Files\dotnet\sdk\6.0.100-preview.5.21302.13\Extensions,C:\Program Files\dotnet\sdk\6.0.100-preview.5.21302.13
TpTrace Verbose: 0 : 9936, 1, 2022/01/21, 16:47:39.475, 6122595547710, vstest.console.dll, TestPluginCache.DiscoverTestExtensions: Discovering the extensions using extension path.
TpTrace Verbose: 0 : 9936, 1, 2022/01/21, 16:47:39.475, 6122595548173, vstest.console.dll, TestPluginCache.GetExtensionPaths: Filtered extension paths: 
TpTrace Verbose: 0 : 9936, 1, 2022/01/21, 16:47:39.475, 6122595548537, vstest.console.dll, TestPluginCache.GetExtensionPaths: Added default extension paths: C:\Program Files\dotnet\sdk\6.0.100-preview.5.21302.13\Extensions\Microsoft.Diagnostics.NETCore.Client.dll
C:\Program Files\dotnet\sdk\6.0.100-preview.5.21302.13\Extensions\Microsoft.TestPlatform.Extensions.BlameDataCollector.dll
C:\Program Files\dotnet\sdk\6.0.100-preview.5.21302.13\Extensions\Microsoft.TestPlatform.Extensions.EventLogCollector.dll
C:\Program Files\dotnet\sdk\6.0.100-preview.5.21302.13\Extensions\Microsoft.TestPlatform.TestHostRuntimeProvider.dll
C:\Program Files\dotnet\sdk\6.0.100-preview.5.21302.13\Extensions\Microsoft.VisualStudio.TestPlatform.Extensions.Html.TestLogger.dll
C:\Program Files\dotnet\sdk\6.0.100-preview.5.21302.13\Extensions\Microsoft.VisualStudio.TestPlatform.Extensions.Trx.TestLogger.dll
TpTrace Verbose: 0 : 9936, 1, 2022/01/21, 16:47:39.475, 6122595549015, vstest.console.dll, TestPluginCache.GetExtensionPaths: Added unfilterableExtensionPaths: 
TpTrace Verbose: 0 : 9936, 1, 2022/01/21, 16:47:39.475, 6122595549389, vstest.console.dll, TestPluginCache.DiscoverTestExtensions: Discovering the extensions using allExtensionPaths: C:\Program Files\dotnet\sdk\6.0.100-preview.5.21302.13\Extensions\Microsoft.Diagnostics.NETCore.Client.dll
C:\Program Files\dotnet\sdk\6.0.100-preview.5.21302.13\Extensions\Microsoft.TestPlatform.Extensions.BlameDataCollector.dll
C:\Program Files\dotnet\sdk\6.0.100-preview.5.21302.13\Extensions\Microsoft.TestPlatform.Extensions.EventLogCollector.dll
C:\Program Files\dotnet\sdk\6.0.100-preview.5.21302.13\Extensions\Microsoft.TestPlatform.TestHostRuntimeProvider.dll
C:\Program Files\dotnet\sdk\6.0.100-preview.5.21302.13\Extensions\Microsoft.VisualStudio.TestPlatform.Extensions.Html.TestLogger.dll
C:\Program Files\dotnet\sdk\6.0.100-preview.5.21302.13\Extensions\Microsoft.VisualStudio.TestPlatform.Extensions.Trx.TestLogger.dll
TpTrace Information: 0 : 9936, 1, 2022/01/21, 16:47:39.475, 6122595549957, vstest.console.dll, AssemblyResolver.AddSearchDirectories: Adding more searchDirectories C:\Program Files\dotnet\sdk\6.0.100-preview.5.21302.13\Extensions,C:\Program Files\dotnet\sdk\6.0.100-preview.5.21302.13
TpTrace Information: 0 : 9936, 1, 2022/01/21, 16:47:39.475, 6122595550377, vstest.console.dll, AssemblyResolver.AddSearchDirectories: Adding more searchDirectories C:\Program Files\dotnet\sdk\6.0.100-preview.5.21302.13\Extensions,C:\Program Files\dotnet\sdk\6.0.100-preview.5.21302.13
TpTrace Information: 0 : 9936, 1, 2022/01/21, 16:47:39.476, 6122595551468, vstest.console.dll, AssemblyResolver.AddSearchDirectories: Adding more searchDirectories C:\Program Files\dotnet\sdk\6.0.100-preview.5.21302.13\Extensions,C:\Program Files\dotnet\sdk\6.0.100-preview.5.21302.13
TpTrace Information: 0 : 9936, 1, 2022/01/21, 16:47:39.476, 6122595551949, vstest.console.dll, AssemblyResolver.AddSearchDirectories: Adding more searchDirectories C:\Program Files\dotnet\sdk\6.0.100-preview.5.21302.13\Extensions,C:\Program Files\dotnet\sdk\6.0.100-preview.5.21302.13
TpTrace Information: 0 : 9936, 1, 2022/01/21, 16:47:39.476, 6122595552376, vstest.console.dll, AssemblyResolver.AddSearchDirectories: Adding more searchDirectories C:\Program Files\dotnet\sdk\6.0.100-preview.5.21302.13\Extensions,C:\Program Files\dotnet\sdk\6.0.100-preview.5.21302.13
TpTrace Information: 0 : 9936, 1, 2022/01/21, 16:47:39.476, 6122595552745, vstest.console.dll, AssemblyResolver.AddSearchDirectories: Adding more searchDirectories C:\Program Files\dotnet\sdk\6.0.100-preview.5.21302.13\Extensions,C:\Program Files\dotnet\sdk\6.0.100-preview.5.21302.13
TpTrace Information: 0 : 9936, 1, 2022/01/21, 16:47:39.476, 6122595555641, vstest.console.dll, AssemblyResolver.OnResolve: Microsoft.Bcl.AsyncInterfaces: Resolving assembly.
TpTrace Information: 0 : 9936, 1, 2022/01/21, 16:47:39.476, 6122595556167, vstest.console.dll, AssemblyResolver.OnResolve: Microsoft.Bcl.AsyncInterfaces: Resolved from cache.
TpTrace Verbose: 0 : 9936, 1, 2022/01/21, 16:47:39.476, 6122595556643, vstest.console.dll, CurrentDomainAssemblyResolve: Resolving assembly 'Microsoft.Bcl.AsyncInterfaces'.
TpTrace Information: 0 : 9936, 1, 2022/01/21, 16:47:39.476, 6122595557832, vstest.console.dll, AssemblyResolver.OnResolve: Microsoft.Bcl.AsyncInterfaces: Resolving assembly.
TpTrace Information: 0 : 9936, 1, 2022/01/21, 16:47:39.476, 6122595558287, vstest.console.dll, AssemblyResolver.OnResolve: Microsoft.Bcl.AsyncInterfaces: Resolved from cache.
TpTrace Verbose: 0 : 9936, 1, 2022/01/21, 16:47:39.476, 6122595558667, vstest.console.dll, CurrentDomainAssemblyResolve: Resolving assembly 'Microsoft.Bcl.AsyncInterfaces'.
TpTrace Verbose: 0 : 9936, 1, 2022/01/21, 16:47:39.476, 6122595558997, vstest.console.dll, CurrentDomainAssemblyResolve: Failed to resolve assembly 'Microsoft.Bcl.AsyncInterfaces'.
TpTrace Verbose: 0 : 9936, 1, 2022/01/21, 16:47:39.476, 6122595560822, vstest.console.dll, CurrentDomainAssemblyResolve: Failed to resolve assembly 'Microsoft.Bcl.AsyncInterfaces'.
TpTrace Warning: 0 : 9936, 1, 2022/01/21, 16:47:39.477, 6122595565367, vstest.console.dll, TestPluginDiscoverer: Failed to get types from assembly 'Microsoft.Diagnostics.NETCore.Client, Version=0.2.2.41902, Culture=neutral, PublicKeyToken=31bf3856ad364e35'.  Skipping test extension scan for this assembly.  Error: System.Reflection.ReflectionTypeLoadException: Unable to load one or more of the requested types.
Could not load file or assembly 'Microsoft.Bcl.AsyncInterfaces, Version=1.0.0.0, Culture=neutral, PublicKeyToken=cc7b13ffcd2ddd51'. The system cannot find the file specified.
   at System.Reflection.RuntimeModule.GetTypes(RuntimeModule module)
   at System.Reflection.RuntimeModule.GetTypes() in System.Private.CoreLib.dll:token 0x6004ed8+0x0
   at System.Reflection.Assembly.GetTypes() in System.Private.CoreLib.dll:token 0x6004bed+0xe
   at Microsoft.VisualStudio.TestPlatform.Common.ExtensionFramework.TestPluginDiscoverer.GetTestExtensionsFromAssembly[TPluginInfo,TExtension](Assembly assembly, Dictionary`2 pluginInfos) in Microsoft.VisualStudio.TestPlatform.Common.dll:token 0x60001af+0x1a
System.IO.FileNotFoundException: Could not load file or assembly 'Microsoft.Bcl.AsyncInterfaces, Version=1.0.0.0, Culture=neutral, PublicKeyToken=cc7b13ffcd2ddd51'. The system cannot find the file specified.
File name: 'Microsoft.Bcl.AsyncInterfaces, Version=1.0.0.0, Culture=neutral, PublicKeyToken=cc7b13ffcd2ddd51'
 ---> System.IO.FileNotFoundException: Could not load file or assembly 'Microsoft.Bcl.AsyncInterfaces, Culture=neutral, PublicKeyToken=null'. The system cannot find the file specified.
File name: 'Microsoft.Bcl.AsyncInterfaces, Culture=neutral, PublicKeyToken=null'
   at System.Reflection.RuntimeAssembly.InternalLoad(ObjectHandleOnStack assemblyName, ObjectHandleOnStack requestingAssembly, StackCrawlMarkHandle stackMark, Boolean throwOnFileNotFound, ObjectHandleOnStack assemblyLoadContext, ObjectHandleOnStack retAssembly) in System.Private.CoreLib.dll:token 0x6004dec+0x8
   at System.Reflection.RuntimeAssembly.InternalLoad(AssemblyName assemblyName, RuntimeAssembly requestingAssembly, StackCrawlMark& stackMark, Boolean throwOnFileNotFound, AssemblyLoadContext assemblyLoadContext) in System.Private.CoreLib.dll:token 0x6004deb+0x16
   at System.Reflection.Assembly.Load(AssemblyName assemblyRef) in System.Private.CoreLib.dll:token 0x6004be2+0xe
   at Microsoft.VisualStudio.TestPlatform.Common.ExtensionFramework.TestPluginCache.CurrentDomainAssemblyResolve(Object sender, AssemblyResolveEventArgs args) in Microsoft.VisualStudio.TestPlatform.Common.dll:token 0x60001a9+0x64
   at Microsoft.VisualStudio.TestPlatform.PlatformAbstractions.PlatformAssemblyResolver.AssemblyResolverEvent(Object sender, Object eventArgs) in Microsoft.TestPlatform.PlatformAbstractions.dll:token 0x600004a+0x1c
   at System.Runtime.Loader.AssemblyLoadContext.GetFirstResolvedAssemblyFromResolvingEvent(AssemblyName assemblyName) in System.Private.CoreLib.dll:token 0x60035f8+0x24
   at System.Runtime.Loader.AssemblyLoadContext.ResolveUsingEvent(AssemblyName assemblyName) in System.Private.CoreLib.dll:token 0x60035fb+0x7
   at System.Runtime.Loader.AssemblyLoadContext.ResolveUsingResolvingEvent(IntPtr gchManagedAssemblyLoadContext, AssemblyName assemblyName) in System.Private.CoreLib.dll:token 0x60035bc+0x7
TpTrace Warning: 0 : 9936, 1, 2022/01/21, 16:47:39.477, 6122595567333, vstest.console.dll, LoaderExceptions: System.IO.FileNotFoundException: Could not load file or assembly 'Microsoft.Bcl.AsyncInterfaces, Version=1.0.0.0, Culture=neutral, PublicKeyToken=cc7b13ffcd2ddd51'. The system cannot find the file specified.
File name: 'Microsoft.Bcl.AsyncInterfaces, Version=1.0.0.0, Culture=neutral, PublicKeyToken=cc7b13ffcd2ddd51'
 ---> System.IO.FileNotFoundException: Could not load file or assembly 'Microsoft.Bcl.AsyncInterfaces, Culture=neutral, PublicKeyToken=null'. The system cannot find the file specified.
File name: 'Microsoft.Bcl.AsyncInterfaces, Culture=neutral, PublicKeyToken=null'
   at System.Reflection.RuntimeAssembly.InternalLoad(ObjectHandleOnStack assemblyName, ObjectHandleOnStack requestingAssembly, StackCrawlMarkHandle stackMark, Boolean throwOnFileNotFound, ObjectHandleOnStack assemblyLoadContext, ObjectHandleOnStack retAssembly) in System.Private.CoreLib.dll:token 0x6004dec+0x8
   at System.Reflection.RuntimeAssembly.InternalLoad(AssemblyName assemblyName, RuntimeAssembly requestingAssembly, StackCrawlMark& stackMark, Boolean throwOnFileNotFound, AssemblyLoadContext assemblyLoadContext) in System.Private.CoreLib.dll:token 0x6004deb+0x16
   at System.Reflection.Assembly.Load(AssemblyName assemblyRef) in System.Private.CoreLib.dll:token 0x6004be2+0xe
   at Microsoft.VisualStudio.TestPlatform.Common.ExtensionFramework.TestPluginCache.CurrentDomainAssemblyResolve(Object sender, AssemblyResolveEventArgs args) in Microsoft.VisualStudio.TestPlatform.Common.dll:token 0x60001a9+0x64
   at Microsoft.VisualStudio.TestPlatform.PlatformAbstractions.PlatformAssemblyResolver.AssemblyResolverEvent(Object sender, Object eventArgs) in Microsoft.TestPlatform.PlatformAbstractions.dll:token 0x600004a+0x1c
   at System.Runtime.Loader.AssemblyLoadContext.GetFirstResolvedAssemblyFromResolvingEvent(AssemblyName assemblyName) in System.Private.CoreLib.dll:token 0x60035f8+0x24
   at System.Runtime.Loader.AssemblyLoadContext.ResolveUsingEvent(AssemblyName assemblyName) in System.Private.CoreLib.dll:token 0x60035fb+0x7
   at System.Runtime.Loader.AssemblyLoadContext.ResolveUsingResolvingEvent(IntPtr gchManagedAssemblyLoadContext, AssemblyName assemblyName) in System.Private.CoreLib.dll:token 0x60035bc+0x7
TpTrace Verbose: 0 : 9936, 1, 2022/01/21, 16:47:39.478, 6122595571637, vstest.console.dll, TestPluginCache: Discovered the extensions using extension path ''.
TpTrace Verbose: 0 : 9936, 1, 2022/01/21, 16:47:39.478, 6122595572194, vstest.console.dll, TestPluginCache: Discoverers are ''.
TpTrace Verbose: 0 : 9936, 1, 2022/01/21, 16:47:39.478, 6122595572537, vstest.console.dll, TestPluginCache: Executors are ''.
TpTrace Verbose: 0 : 9936, 1, 2022/01/21, 16:47:39.478, 6122595572841, vstest.console.dll, TestPluginCache: Executors2 are ''.
TpTrace Verbose: 0 : 9936, 1, 2022/01/21, 16:47:39.478, 6122595573131, vstest.console.dll, TestPluginCache: Setting providers are ''.
TpTrace Verbose: 0 : 9936, 1, 2022/01/21, 16:47:39.478, 6122595574111, vstest.console.dll, TestPluginCache: Loggers are 'logger://Microsoft/TestPlatform/Extensions/Blame/v1,logger://Microsoft/TestPlatform/HtmlLogger/v1,logger://Microsoft/TestPlatform/TrxLogger/v1'.
TpTrace Information: 0 : 9936, 1, 2022/01/21, 16:47:39.478, 6122595581012, vstest.console.dll, TestPluginManager.CreateTestExtension: Attempting to load test extension: Microsoft.TestPlatform.Extensions.BlameDataCollector.BlameLogger
TpTrace Information: 0 : 9936, 1, 2022/01/21, 16:47:39.487, 6122595668300, vstest.console.dll, TestPluginManager.CreateTestExtension: Attempting to load test extension: Microsoft.VisualStudio.TestPlatform.CrossPlatEngine.Hosting.DefaultTestHostManager
TpTrace Information: 0 : 9936, 1, 2022/01/21, 16:47:39.488, 6122595671732, vstest.console.dll, TestPluginManager.CreateTestExtension: Attempting to load test extension: Microsoft.VisualStudio.TestPlatform.CrossPlatEngine.Hosting.DotnetTestHostManager
TpTrace Verbose: 0 : 9936, 1, 2022/01/21, 16:47:39.488, 6122595678916, vstest.console.dll, TestEngine: Initializing Parallel Execution as MaxCpuCount is set to: 1
TpTrace Information: 0 : 9936, 1, 2022/01/21, 16:47:39.489, 6122595688466, vstest.console.dll, InferRunSettingsHelper.IsTestSettingsEnabled: Unable to navigate to RunSettings/MSTest. Current node: RunSettings
TpTrace Verbose: 0 : 9936, 1, 2022/01/21, 16:47:39.524, 6122596039161, vstest.console.dll, TestRequestSender is acting as server
TpTrace Verbose: 0 : 9936, 5, 2022/01/21, 16:47:39.532, 6122596116049, vstest.console.dll, DataCollectionRequestSender.InitializeCommunication : Initialize communication. 
TpTrace Information: 0 : 9936, 5, 2022/01/21, 16:47:39.539, 6122596186826, vstest.console.dll, Listening on Endpoint : 127.0.0.1:27993
TpTrace Verbose: 0 : 9936, 5, 2022/01/21, 16:47:39.553, 6122596326060, vstest.console.dll, DotnetDataCollectionLauncher: Full path of dotnet.exe is C:\Program Files\dotnet\dotnet.exe
TpTrace Verbose: 0 : 9936, 5, 2022/01/21, 16:47:39.553, 6122596328539, vstest.console.dll, DotnetDataCollectionLauncher: Adding  --runtimeconfig "C:\Program Files\dotnet\sdk\6.0.100-preview.5.21302.13\datacollector.runtimeconfig.json" in args
TpTrace Verbose: 0 : 9936, 5, 2022/01/21, 16:47:39.553, 6122596329589, vstest.console.dll, DotnetDataCollectionLauncher: Adding  --depsfile "C:\Program Files\dotnet\sdk\6.0.100-preview.5.21302.13\datacollector.deps.json" in args
TpTrace Information: 0 : 9936, 5, 2022/01/21, 16:47:39.566, 6122596459787, vstest.console.dll, ProxyDataCollectionManager.Initialize: Launched datacollector processId: 16612 port: 27993
TpTrace Information: 0 : 9936, 5, 2022/01/21, 16:47:39.567, 6122596462084, vstest.console.dll, ProxyDataCollectionManager.Initialize: waiting for connection with timeout: 90 seconds
TpTrace Verbose: 0 : 9936, 5, 2022/01/21, 16:47:39.567, 6122596462969, vstest.console.dll, DataCollectionRequestSender.WaitForRequestHandlerConnection : Waiting for connection with timeout: 90000
TpTrace Information: 0 : 9936, 8, 2022/01/21, 16:47:39.872, 6122599517017, vstest.console.dll, Using the buffer size of 16384 bytes
TpTrace Verbose: 0 : 9936, 5, 2022/01/21, 16:47:39.872, 6122599517916, vstest.console.dll, ProxyDataCollectionManager.InvokeDataCollectionServiceAction: Starting.
TpTrace Information: 0 : 9936, 8, 2022/01/21, 16:47:39.872, 6122599518710, vstest.console.dll, Accepted Client request and set the flag
TpTrace Information: 0 : 9936, 5, 2022/01/21, 16:47:39.872, 6122599520380, vstest.console.dll, ProxyDataCollectionManager.BeforeTestRunStart: Get environment variable and port for datacollector processId: 16612 port: 27993
TpTrace Verbose: 0 : 9936, 5, 2022/01/21, 16:47:39.873, 6122599522368, vstest.console.dll, DataCollectionRequestSender.SendBeforeTestRunStartAndGetResult : Send BeforeTestRunStart message with settingsXml <RunSettings><RunConfiguration><ResultsDirectory>C:\sitcs\Projects\Azure.Services.Interaction\Azure.Services.Interaction.ServiceBus.Test\bin\Debug\net5.0\fine-code-coverage\coverage-tool-output</ResultsDirectory><TargetPlatform>X64</TargetPlatform><TargetFrameworkVersion>.NETCoreApp,Version=v5.0</TargetFrameworkVersion><DesignMode>False</DesignMode><CollectSourceInformation>False</CollectSourceInformation><TestAdaptersPaths>C:\Program Files\dotnet\sdk\6.0.100-preview.5.21302.13\Extensions</TestAdaptersPaths></RunConfiguration><LoggerRunSettings><Loggers><Logger friendlyName="blame" enabled="True" /><Logger friendlyName="Console" uri="logger://microsoft/TestPlatform/ConsoleLogger/v1" assemblyQualifiedName="Microsoft.VisualStudio.TestPlatform.CommandLine.Internal.ConsoleLogger, vstest.console, Version=15.0.0.0, Culture=neutral, PublicKeyToken=b03f5f7f11d50a3a" codeBase="C:\Program Files\dotnet\sdk\6.0.100-preview.5.21302.13\vstest.console.dll" enabled="True" /></Loggers></LoggerRunSettings><DataCollectionRunSettings><DataCollectors><DataCollector friendlyName="blame" enabled="True"><Configuration><ResultsDirectory>C:\sitcs\Projects\Azure.Services.Interaction\Azure.Services.Interaction.ServiceBus.Test\bin\Debug\net5.0\fine-code-coverage\coverage-tool-output</ResultsDirectory></Configuration></DataCollector></DataCollectors></DataCollectionRunSettings></RunSettings> and sources System.Linq.Enumerable+Concat2Iterator`1[System.String]: 
TpTrace Verbose: 0 : 9936, 5, 2022/01/21, 16:47:40.391, 6122604702787, vstest.console.dll, DataCollectionRequestSender.SendBeforeTestRunStartAndGetResult : Received message: (DataCollection.SendMessage) -> {
  "FriendlyName": null,
  "Uri": null,
  "TestCaseId": "00000000-0000-0000-0000-000000000000",
  "Message": "Logging DataCollector Diagnostics in file: C:\\sitcs\\Projects\\Azure.Services.Interaction\\Azure.Services.Interaction.ServiceBus.Test\\bin\\Debug\\net5.0\\fine-code-coverage\\coverage-tool-output\\diagnostics.datacollector.22-01-21_16-47-39_54859_5.log",
  "Level": 0
}
TpTrace Verbose: 0 : 9936, 5, 2022/01/21, 16:47:40.850, 6122609297149, vstest.console.dll, DataCollectionRequestSender.SendBeforeTestRunStartAndGetResult : Received message: (DataCollection.BeforeTestRunStartResult) -> {
  "EnvironmentVariables": {},
  "DataCollectionEventsPort": 27996
}
TpTrace Information: 0 : 9936, 5, 2022/01/21, 16:47:40.864, 6122609437189, vstest.console.dll, ProxyDataCollectionManager.BeforeTestRunStart: SendBeforeTestRunStartAndGetResult successful, env variable from datacollector:   and testhost port: 27996
TpTrace Information: 0 : 9936, 5, 2022/01/21, 16:47:40.865, 6122609441228, vstest.console.dll, ProxyDataCollectionManager.InvokeDataCollectionServiceAction: Completed.
TpTrace Verbose: 0 : 9936, 1, 2022/01/21, 16:47:40.866, 6122609451322, vstest.console.dll, TestRunRequest.ExecuteAsync: Creating test run request.
TpTrace Verbose: 0 : 9936, 1, 2022/01/21, 16:47:40.867, 6122609465670, vstest.console.dll, TestRunRequest.ExecuteAsync: Starting.
TpTrace Information: 0 : 9936, 1, 2022/01/21, 16:47:40.869, 6122609487014, vstest.console.dll, TestRunRequest.ExecuteAsync: Starting run with settings:TestRunCriteria:
   KeepAlive=False,FrequencyOfRunStatsChangeEvent=10,RunStatsChangeEventTimeout=00:00:01.5000000,TestCaseFilter=,TestExecutorLauncher=
   Settingsxml=<RunSettings>
  <RunConfiguration>
    <ResultsDirectory>C:\sitcs\Projects\Azure.Services.Interaction\Azure.Services.Interaction.ServiceBus.Test\bin\Debug\net5.0\fine-code-coverage\coverage-tool-output</ResultsDirectory>
    <TargetPlatform>X64</TargetPlatform>
    <TargetFrameworkVersion>.NETCoreApp,Version=v5.0</TargetFrameworkVersion>
    <DesignMode>False</DesignMode>
    <CollectSourceInformation>False</CollectSourceInformation>
  </RunConfiguration>
  <LoggerRunSettings>
    <Loggers>
      <Logger friendlyName="blame" enabled="True" />
      <Logger friendlyName="Console" uri="logger://microsoft/TestPlatform/ConsoleLogger/v1" assemblyQualifiedName="Microsoft.VisualStudio.TestPlatform.CommandLine.Internal.ConsoleLogger, vstest.console, Version=15.0.0.0, Culture=neutral, PublicKeyToken=b03f5f7f11d50a3a" codeBase="C:\Program Files\dotnet\sdk\6.0.100-preview.5.21302.13\vstest.console.dll" enabled="True" />
    </Loggers>
  </LoggerRunSettings>
  <DataCollectionRunSettings>
    <DataCollectors>
      <DataCollector friendlyName="blame" enabled="True">
        <Configuration>
          <ResultsDirectory>C:\sitcs\Projects\Azure.Services.Interaction\Azure.Services.Interaction.ServiceBus.Test\bin\Debug\net5.0\fine-code-coverage\coverage-tool-output</ResultsDirectory>
        </Configuration>
      </DataCollector>
    </DataCollectors>
  </DataCollectionRunSettings>
</RunSettings>

TpTrace Verbose: 0 : 9936, 1, 2022/01/21, 16:47:40.869, 6122609489008, vstest.console.dll, TestRunRequest.ExecuteAsync: Wait for the first run request is over.
TpTrace Verbose: 0 : 9936, 1, 2022/01/21, 16:47:40.870, 6122609497446, vstest.console.dll, ParallelProxyExecutionManager: Start execution. Total sources: 1
TpTrace Information: 0 : 9936, 1, 2022/01/21, 16:47:40.871, 6122609507707, vstest.console.dll, ProxyParallelExecutionManager: Triggering test run for next source: C:\sitcs\Projects\Azure.Services.Interaction\Azure.Services.Interaction.ServiceBus.Test\bin\Debug\net5.0\fine-code-coverage\build-output\Azure.Services.Interaction.ServiceBus.Test.dll
TpTrace Verbose: 0 : 9936, 5, 2022/01/21, 16:47:40.871, 6122609510875, vstest.console.dll, ParallelProxyExecutionManager: Execution started. Started clients: 1
TpTrace Verbose: 0 : 9936, 1, 2022/01/21, 16:47:40.872, 6122609511481, vstest.console.dll, ProxyParallelExecutionManager: No sources available for execution.
TpTrace Information: 0 : 9936, 1, 2022/01/21, 16:47:40.872, 6122609512348, vstest.console.dll, TestRunRequest.ExecuteAsync: Started.
TpTrace Verbose: 0 : 9936, 1, 2022/01/21, 16:47:40.872, 6122609513521, vstest.console.dll, TestRunRequest.WaitForCompletion: Waiting with timeout -1.
TpTrace Verbose: 0 : 9936, 5, 2022/01/21, 16:47:40.872, 6122609514724, vstest.console.dll, TestRunRequest:SendTestRunMessage: Starting.
TpTrace Information: 0 : 9936, 5, 2022/01/21, 16:47:40.872, 6122609516331, vstest.console.dll, TestRunRequest:SendTestRunMessage: Completed.
TpTrace Verbose: 0 : 9936, 5, 2022/01/21, 16:47:40.872, 6122609519374, vstest.console.dll, ProxyExecutionManager: Test host is always Lazy initialize.
TpTrace Verbose: 0 : 9936, 5, 2022/01/21, 16:47:40.873, 6122609522486, vstest.console.dll, TestRequestSender.InitializeCommunication: initialize communication. 
TpTrace Information: 0 : 9936, 5, 2022/01/21, 16:47:40.874, 6122609532896, vstest.console.dll, SocketServer.Start: Listening on endpoint : 127.0.0.1:27997
TpTrace Verbose: 0 : 9936, 5, 2022/01/21, 16:47:40.882, 6122609619050, vstest.console.dll, DotnetTestHostmanager: Adding  --runtimeconfig "C:\sitcs\Projects\Azure.Services.Interaction\Azure.Services.Interaction.ServiceBus.Test\bin\Debug\net5.0\fine-code-coverage\build-output\Azure.Services.Interaction.ServiceBus.Test.runtimeconfig.json" in args
TpTrace Verbose: 0 : 9936, 5, 2022/01/21, 16:47:40.883, 6122609621702, vstest.console.dll, DotnetTestHostmanager: Adding  --depsfile "C:\sitcs\Projects\Azure.Services.Interaction\Azure.Services.Interaction.ServiceBus.Test\bin\Debug\net5.0\fine-code-coverage\build-output\Azure.Services.Interaction.ServiceBus.Test.deps.json" in args
TpTrace Verbose: 0 : 9936, 5, 2022/01/21, 16:47:40.884, 6122609640733, vstest.console.dll, DotnetTestHostManager: Testhost.exe/testhost.x86.exe found at path: C:\sitcs\Projects\Azure.Services.Interaction\Azure.Services.Interaction.ServiceBus.Test\bin\Debug\net5.0\fine-code-coverage\build-output\testhost.exe
TpTrace Verbose: 0 : 9936, 5, 2022/01/21, 16:47:40.885, 6122609642858, vstest.console.dll, DotnetTestHostmanager: Full path of host exe is C:\sitcs\Projects\Azure.Services.Interaction\Azure.Services.Interaction.ServiceBus.Test\bin\Debug\net5.0\fine-code-coverage\build-output\testhost.exe
TpTrace Verbose: 0 : 9936, 7, 2022/01/21, 16:47:40.889, 6122609691065, vstest.console.dll, DotnetTestHostManager: Starting process 'C:\sitcs\Projects\Azure.Services.Interaction\Azure.Services.Interaction.ServiceBus.Test\bin\Debug\net5.0\fine-code-coverage\build-output\testhost.exe' with command line ' --runtimeconfig "C:\sitcs\Projects\Azure.Services.Interaction\Azure.Services.Interaction.ServiceBus.Test\bin\Debug\net5.0\fine-code-coverage\build-output\Azure.Services.Interaction.ServiceBus.Test.runtimeconfig.json" --depsfile "C:\sitcs\Projects\Azure.Services.Interaction\Azure.Services.Interaction.ServiceBus.Test\bin\Debug\net5.0\fine-code-coverage\build-output\Azure.Services.Interaction.ServiceBus.Test.deps.json" --port 27997 --endpoint 127.0.0.1:027997 --role client --parentprocessid 9936 --diag "C:\sitcs\Projects\Azure.Services.Interaction\Azure.Services.Interaction.ServiceBus.Test\bin\Debug\net5.0\fine-code-coverage\coverage-tool-output\diagnostics.host.22-01-21_16-47-40_87677_5.log" --tracelevel 4 --datacollectionport 27996 --telemetryoptedin false'
TpTrace Verbose: 0 : 9936, 7, 2022/01/21, 16:47:40.898, 6122609776181, vstest.console.dll, Test Runtime launched
TpTrace Verbose: 0 : 9936, 5, 2022/01/21, 16:47:40.899, 6122609785274, vstest.console.dll, TestRequestSender.WaitForRequestHandlerConnection: waiting for connection with timeout: 90000
TpTrace Verbose: 0 : 9936, 7, 2022/01/21, 16:47:41.437, 6122615169699, vstest.console.dll, SocketServer.OnClientConnected: Client connected for endPoint: 127.0.0.1:27997, starting MessageLoopAsync:
TpTrace Verbose: 0 : 9936, 7, 2022/01/21, 16:47:41.439, 6122615183582, vstest.console.dll, TcpClientExtensions.MessageLoopAsync: Polling on remoteEndPoint: 127.0.0.1:27998 localEndPoint: 127.0.0.1:27997
TpTrace Verbose: 0 : 9936, 7, 2022/01/21, 16:47:41.705, 6122617845718, vstest.console.dll, TcpClientExtensions.MessageLoopAsync: NotifyDataAvailable remoteEndPoint: 127.0.0.1:27998 localEndPoint: 127.0.0.1:27997
TpTrace Verbose: 0 : 9936, 7, 2022/01/21, 16:47:41.705, 6122617849021, vstest.console.dll, TestRequestSender.CheckVersionWithTestHost: onMessageReceived received message: (ProtocolVersion) -> 5
TpTrace Verbose: 0 : 9936, 7, 2022/01/21, 16:47:41.706, 6122617855106, vstest.console.dll, TcpClientExtensions.MessageLoopAsync: Polling on remoteEndPoint: 127.0.0.1:27998 localEndPoint: 127.0.0.1:27997
TpTrace Verbose: 0 : 9936, 5, 2022/01/21, 16:47:41.706, 6122617856398, vstest.console.dll, TestPluginCache.GetExtensionPaths: Filtered extension paths: 
TpTrace Verbose: 0 : 9936, 5, 2022/01/21, 16:47:41.706, 6122617857346, vstest.console.dll, TestPluginCache.GetExtensionPaths: Added default extension paths: C:\Program Files\dotnet\sdk\6.0.100-preview.5.21302.13\Extensions\Microsoft.Diagnostics.NETCore.Client.dll
C:\Program Files\dotnet\sdk\6.0.100-preview.5.21302.13\Extensions\Microsoft.TestPlatform.Extensions.BlameDataCollector.dll
C:\Program Files\dotnet\sdk\6.0.100-preview.5.21302.13\Extensions\Microsoft.TestPlatform.Extensions.EventLogCollector.dll
C:\Program Files\dotnet\sdk\6.0.100-preview.5.21302.13\Extensions\Microsoft.TestPlatform.TestHostRuntimeProvider.dll
C:\Program Files\dotnet\sdk\6.0.100-preview.5.21302.13\Extensions\Microsoft.VisualStudio.TestPlatform.Extensions.Html.TestLogger.dll
C:\Program Files\dotnet\sdk\6.0.100-preview.5.21302.13\Extensions\Microsoft.VisualStudio.TestPlatform.Extensions.Trx.TestLogger.dll
TpTrace Verbose: 0 : 9936, 5, 2022/01/21, 16:47:41.706, 6122617858116, vstest.console.dll, TestPluginCache.GetExtensionPaths: Added unfilterableExtensionPaths: 
TpTrace Verbose: 0 : 9936, 5, 2022/01/21, 16:47:41.714, 6122617934802, vstest.console.dll, TestRequestSender.InitializeExecution: Sending initializing execution with message: {"Version":5,"MessageType":"TestExecution.Initialize","Payload":["C:\\sitcs\\Projects\\Azure.Services.Interaction\\Azure.Services.Interaction.ServiceBus.Test\\bin\\Debug\\net5.0\\fine-code-coverage\\build-output\\xunit.runner.visualstudio.dotnetcore.testadapter.dll"]}
TpTrace Verbose: 0 : 9936, 5, 2022/01/21, 16:47:41.734, 6122618136593, vstest.console.dll, TestRequestSender.StartTestRun: Sending test run with message: {"Version":5,"MessageType":"TestExecution.StartWithSources","Payload":{"AdapterSourceMap":{"_none_":["C:\\sitcs\\Projects\\Azure.Services.Interaction\\Azure.Services.Interaction.ServiceBus.Test\\bin\\Debug\\net5.0\\fine-code-coverage\\build-output\\Azure.Services.Interaction.ServiceBus.Test.dll"]},"RunSettings":"<RunSettings>\r\n  <RunConfiguration>\r\n    <ResultsDirectory>C:\\sitcs\\Projects\\Azure.Services.Interaction\\Azure.Services.Interaction.ServiceBus.Test\\bin\\Debug\\net5.0\\fine-code-coverage\\coverage-tool-output</ResultsDirectory>\r\n    <TargetPlatform>X64</TargetPlatform>\r\n    <TargetFrameworkVersion>.NETCoreApp,Version=v5.0</TargetFrameworkVersion>\r\n    <DesignMode>False</DesignMode>\r\n    <CollectSourceInformation>False</CollectSourceInformation>\r\n  </RunConfiguration>\r\n  <LoggerRunSettings>\r\n    <Loggers>\r\n      <Logger friendlyName=\"blame\" enabled=\"True\" />\r\n      <Logger friendlyName=\"Console\" uri=\"logger://microsoft/TestPlatform/ConsoleLogger/v1\" assemblyQualifiedName=\"Microsoft.VisualStudio.TestPlatform.CommandLine.Internal.ConsoleLogger, vstest.console, Version=15.0.0.0, Culture=neutral, PublicKeyToken=b03f5f7f11d50a3a\" codeBase=\"C:\\Program Files\\dotnet\\sdk\\6.0.100-preview.5.21302.13\\vstest.console.dll\" enabled=\"True\" />\r\n    </Loggers>\r\n  </LoggerRunSettings>\r\n  <DataCollectionRunSettings>\r\n    <DataCollectors>\r\n      <DataCollector friendlyName=\"blame\" enabled=\"True\">\r\n        <Configuration>\r\n          <ResultsDirectory>C:\\sitcs\\Projects\\Azure.Services.Interaction\\Azure.Services.Interaction.ServiceBus.Test\\bin\\Debug\\net5.0\\fine-code-coverage\\coverage-tool-output</ResultsDirectory>\r\n        </Configuration>\r\n      </DataCollector>\r\n    </DataCollectors>\r\n  </DataCollectionRunSettings>\r\n</RunSettings>","TestExecutionContext":{"FrequencyOfRunStatsChangeEvent":10,"RunStatsChangeEventTimeout":"00:00:01.5000000","InIsolation":false,"KeepAlive":false,"AreTestCaseLevelEventsRequired":false,"IsDebug":false,"TestCaseFilter":null,"FilterOptions":null},"Package":null}}
TpTrace Verbose: 0 : 9936, 7, 2022/01/21, 16:47:41.734, 6122618138573, vstest.console.dll, TcpClientExtensions.MessageLoopAsync: NotifyDataAvailable remoteEndPoint: 127.0.0.1:27998 localEndPoint: 127.0.0.1:27997
TpTrace Verbose: 0 : 9936, 7, 2022/01/21, 16:47:41.734, 6122618140320, vstest.console.dll, TestRequestSender.OnExecutionMessageReceived: Received message: {"Version":5,"MessageType":"TestSession.Message","Payload":{"MessageLevel":0,"Message":"Logging TestHost Diagnostics in file: C:\\sitcs\\Projects\\Azure.Services.Interaction\\Azure.Services.Interaction.ServiceBus.Test\\bin\\Debug\\net5.0\\fine-code-coverage\\coverage-tool-output\\diagnostics.host.22-01-21_16-47-40_87677_5.log"}}
TpTrace Verbose: 0 : 9936, 7, 2022/01/21, 16:47:41.738, 6122618173570, vstest.console.dll, TestRunRequest:SendTestRunMessage: Starting.
TpTrace Information: 0 : 9936, 7, 2022/01/21, 16:47:41.738, 6122618175443, vstest.console.dll, TestRunRequest:SendTestRunMessage: Completed.
TpTrace Verbose: 0 : 9936, 7, 2022/01/21, 16:47:41.738, 6122618176039, vstest.console.dll, TcpClientExtensions.MessageLoopAsync: Polling on remoteEndPoint: 127.0.0.1:27998 localEndPoint: 127.0.0.1:27997
TpTrace Verbose: 0 : 9936, 7, 2022/01/21, 16:47:42.001, 6122620801843, vstest.console.dll, TcpClientExtensions.MessageLoopAsync: NotifyDataAvailable remoteEndPoint: 127.0.0.1:27998 localEndPoint: 127.0.0.1:27997
TpTrace Verbose: 0 : 9936, 7, 2022/01/21, 16:47:42.001, 6122620803152, vstest.console.dll, TestRequestSender.OnExecutionMessageReceived: Received message: {"Version":5,"MessageType":"TestSession.Message","Payload":{"MessageLevel":0,"Message":"[xUnit.net 00:00:00.00] xUnit.net VSTest Adapter v2.4.3+1b45f5407b (64-bit .NET 5.0.10)"}}
TpTrace Verbose: 0 : 9936, 7, 2022/01/21, 16:47:42.001, 6122620805815, vstest.console.dll, TestRunRequest:SendTestRunMessage: Starting.
TpTrace Information: 0 : 9936, 7, 2022/01/21, 16:47:42.001, 6122620806521, vstest.console.dll, TestRunRequest:SendTestRunMessage: Completed.
TpTrace Verbose: 0 : 9936, 7, 2022/01/21, 16:47:42.001, 6122620807171, vstest.console.dll, TcpClientExtensions.MessageLoopAsync: Polling on remoteEndPoint: 127.0.0.1:27998 localEndPoint: 127.0.0.1:27997
TpTrace Verbose: 0 : 9936, 7, 2022/01/21, 16:47:42.787, 6122628664224, vstest.console.dll, TcpClientExtensions.MessageLoopAsync: NotifyDataAvailable remoteEndPoint: 127.0.0.1:27998 localEndPoint: 127.0.0.1:27997
TpTrace Verbose: 0 : 9936, 7, 2022/01/21, 16:47:42.787, 6122628665906, vstest.console.dll, TestRequestSender.OnExecutionMessageReceived: Received message: {"Version":5,"MessageType":"TestSession.Message","Payload":{"MessageLevel":0,"Message":"[xUnit.net 00:00:00.80]   Discovering: Azure.Services.Interaction.ServiceBus.Test"}}
TpTrace Verbose: 0 : 9936, 7, 2022/01/21, 16:47:42.787, 6122628668815, vstest.console.dll, TestRunRequest:SendTestRunMessage: Starting.
TpTrace Information: 0 : 9936, 7, 2022/01/21, 16:47:42.787, 6122628669809, vstest.console.dll, TestRunRequest:SendTestRunMessage: Completed.
TpTrace Verbose: 0 : 9936, 7, 2022/01/21, 16:47:42.787, 6122628670428, vstest.console.dll, TcpClientExtensions.MessageLoopAsync: Polling on remoteEndPoint: 127.0.0.1:27998 localEndPoint: 127.0.0.1:27997
TpTrace Verbose: 0 : 9936, 7, 2022/01/21, 16:47:42.855, 6122629348686, vstest.console.dll, TcpClientExtensions.MessageLoopAsync: NotifyDataAvailable remoteEndPoint: 127.0.0.1:27998 localEndPoint: 127.0.0.1:27997
TpTrace Verbose: 0 : 9936, 7, 2022/01/21, 16:47:42.856, 6122629353470, vstest.console.dll, TestRequestSender.OnExecutionMessageReceived: Received message: {"Version":5,"MessageType":"TestSession.Message","Payload":{"MessageLevel":0,"Message":"[xUnit.net 00:00:00.87]   Discovered:  Azure.Services.Interaction.ServiceBus.Test"}}
TpTrace Verbose: 0 : 9936, 7, 2022/01/21, 16:47:42.857, 6122629363642, vstest.console.dll, TestRunRequest:SendTestRunMessage: Starting.
TpTrace Information: 0 : 9936, 7, 2022/01/21, 16:47:42.857, 6122629368803, vstest.console.dll, TestRunRequest:SendTestRunMessage: Completed.
TpTrace Verbose: 0 : 9936, 7, 2022/01/21, 16:47:42.857, 6122629371060, vstest.console.dll, TcpClientExtensions.MessageLoopAsync: Polling on remoteEndPoint: 127.0.0.1:27998 localEndPoint: 127.0.0.1:27997
TpTrace Verbose: 0 : 9936, 7, 2022/01/21, 16:47:42.864, 6122629439704, vstest.console.dll, TcpClientExtensions.MessageLoopAsync: NotifyDataAvailable remoteEndPoint: 127.0.0.1:27998 localEndPoint: 127.0.0.1:27997
TpTrace Verbose: 0 : 9936, 7, 2022/01/21, 16:47:42.865, 6122629441408, vstest.console.dll, TestRequestSender.OnExecutionMessageReceived: Received message: {"Version":5,"MessageType":"TestSession.Message","Payload":{"MessageLevel":0,"Message":"[xUnit.net 00:00:00.87]   Starting:    Azure.Services.Interaction.ServiceBus.Test"}}
TpTrace Verbose: 0 : 9936, 7, 2022/01/21, 16:47:42.865, 6122629443987, vstest.console.dll, TestRunRequest:SendTestRunMessage: Starting.
TpTrace Information: 0 : 9936, 7, 2022/01/21, 16:47:42.865, 6122629444948, vstest.console.dll, TestRunRequest:SendTestRunMessage: Completed.
TpTrace Verbose: 0 : 9936, 7, 2022/01/21, 16:47:42.865, 6122629445543, vstest.console.dll, TcpClientExtensions.MessageLoopAsync: Polling on remoteEndPoint: 127.0.0.1:27998 localEndPoint: 127.0.0.1:27997
TpTrace Verbose: 0 : 9936, 7, 2022/01/21, 16:47:43.435, 6122635146662, vstest.console.dll, TcpClientExtensions.MessageLoopAsync: NotifyDataAvailable remoteEndPoint: 127.0.0.1:27998 localEndPoint: 127.0.0.1:27997
TpTrace Verbose: 0 : 9936, 7, 2022/01/21, 16:47:43.435, 6122635150152, vstest.console.dll, TestRequestSender.OnExecutionMessageReceived: Received message: {"Version":5,"MessageType":"TestExecution.StatsChange","Payload":{"NewTestResults":[{"TestCase":{"Id":"51749cee-87f7-3a27-63bf-0ecfb27cf61b","FullyQualifiedName":"Azure.Services.Interaction.ServiceBus.Test.AzureServiceBusServiceTest.Send_Message_Queue_Successfully_Fail_ConnectionString_Empty","DisplayName":"Azure.Services.Interaction.ServiceBus.Test.AzureServiceBusServiceTest.Send_Message_Queue_Successfully_Fail_ConnectionString_Empty","ExecutorUri":"executor://xunit/VsTestRunner2/netcoreapp","Source":"C:\\sitcs\\Projects\\Azure.Services.Interaction\\Azure.Services.Interaction.ServiceBus.Test\\bin\\Debug\\net5.0\\fine-code-coverage\\build-output\\Azure.Services.Interaction.ServiceBus.Test.dll","CodeFilePath":null,"LineNumber":0,"Properties":[]},"Attachments":[],"Outcome":1,"ErrorMessage":null,"ErrorStackTrace":null,"DisplayName":"Azure.Services.Interaction.ServiceBus.Test.AzureServiceBusServiceTest.Send_Message_Queue_Successfully_Fail_ConnectionString_Empty","Messages":[],"ComputerName":"DESKTOP-TASVHQI","Duration":"00:00:00.2969104","StartTime":"2022-01-21T20:47:43.3047538+00:00","EndTime":"2022-01-21T20:47:43.3048999+00:00","Properties":[]},{"TestCase":{"Id":"8b9a64c2-51b2-6727-7386-0299bef827cc","FullyQualifiedName":"Azure.Services.Interaction.ServiceBus.Test.AzureServiceBusServiceTest.Send_Message_Queue_Successfully_Fail_Bad_ConnectionString","DisplayName":"Azure.Services.Interaction.ServiceBus.Test.AzureServiceBusServiceTest.Send_Message_Queue_Successfully_Fail_Bad_ConnectionString","ExecutorUri":"executor://xunit/VsTestRunner2/netcoreapp","Source":"C:\\sitcs\\Projects\\Azure.Services.Interaction\\Azure.Services.Interaction.ServiceBus.Test\\bin\\Debug\\net5.0\\fine-code-coverage\\build-output\\Azure.Services.Interaction.ServiceBus.Test.dll","CodeFilePath":null,"LineNumber":0,"Properties":[]},"Attachments":[],"Outcome":1,"ErrorMessage":null,"ErrorStackTrace":null,"DisplayName":"Azure.Services.Interaction.ServiceBus.Test.AzureServiceBusServiceTest.Send_Message_Queue_Successfully_Fail_Bad_ConnectionString","Messages":[],"ComputerName":"DESKTOP-TASVHQI","Duration":"00:00:00.0120421","StartTime":"2022-01-21T20:47:43.3460638+00:00","EndTime":"2022-01-21T20:47:43.3460664+00:00","Properties":[]}],"TestRunStatistics":{"ExecutedTests":2,"Stats":{"Passed":2}},"ActiveTests":[{"Id":"087757a3-3de1-0cda-dac0-9c25b92d7afc","FullyQualifiedName":"Azure.Services.Interaction.ServiceBus.Test.AzureServiceBusServiceTest.Send_Message_Queue_Successfully_Test","DisplayName":"Azure.Services.Interaction.ServiceBus.Test.AzureServiceBusServiceTest.Send_Message_Queue_Successfully_Test","ExecutorUri":"executor://xunit/VsTestRunner2/netcoreapp","Source":"C:\\sitcs\\Projects\\Azure.Services.Interaction\\Azure.Services.Interaction.ServiceBus.Test\\bin\\Debug\\net5.0\\fine-code-coverage\\build-output\\Azure.Services.Interaction.ServiceBus.Test.dll","CodeFilePath":null,"LineNumber":0,"Properties":[]}]}}
TpTrace Verbose: 0 : 9936, 7, 2022/01/21, 16:47:43.478, 6122635579104, vstest.console.dll, TestRunRequest:SendTestRunStatsChange: Starting.
TpTrace Verbose: 0 : 9936, 7, 2022/01/21, 16:47:43.478, 6122635581107, vstest.console.dll, InProgress is Azure.Services.Interaction.ServiceBus.Test.AzureServiceBusServiceTest.Send_Message_Queue_Successfully_Test
TpTrace Information: 0 : 9936, 7, 2022/01/21, 16:47:43.479, 6122635583849, vstest.console.dll, TestRunRequest:SendTestRunStatsChange: Completed.
TpTrace Verbose: 0 : 9936, 7, 2022/01/21, 16:47:43.479, 6122635584611, vstest.console.dll, TcpClientExtensions.MessageLoopAsync: Polling on remoteEndPoint: 127.0.0.1:27998 localEndPoint: 127.0.0.1:27997
TpTrace Verbose: 0 : 9936, 7, 2022/01/21, 16:47:43.479, 6122635585301, vstest.console.dll, TcpClientExtensions.MessageLoopAsync: NotifyDataAvailable remoteEndPoint: 127.0.0.1:27998 localEndPoint: 127.0.0.1:27997
TpTrace Verbose: 0 : 9936, 7, 2022/01/21, 16:47:43.479, 6122635586281, vstest.console.dll, TestRequestSender.OnExecutionMessageReceived: Received message: {"Version":5,"MessageType":"TestSession.Message","Payload":{"MessageLevel":0,"Message":"[xUnit.net 00:00:01.45]   Finished:    Azure.Services.Interaction.ServiceBus.Test"}}
TpTrace Verbose: 0 : 9936, 7, 2022/01/21, 16:47:43.479, 6122635588141, vstest.console.dll, TestRunRequest:SendTestRunMessage: Starting.
TpTrace Information: 0 : 9936, 7, 2022/01/21, 16:47:43.479, 6122635588829, vstest.console.dll, TestRunRequest:SendTestRunMessage: Completed.
TpTrace Verbose: 0 : 9936, 7, 2022/01/21, 16:47:43.479, 6122635589397, vstest.console.dll, TcpClientExtensions.MessageLoopAsync: Polling on remoteEndPoint: 127.0.0.1:27998 localEndPoint: 127.0.0.1:27997
TpTrace Verbose: 0 : 9936, 7, 2022/01/21, 16:47:43.479, 6122635589952, vstest.console.dll, TcpClientExtensions.MessageLoopAsync: NotifyDataAvailable remoteEndPoint: 127.0.0.1:27998 localEndPoint: 127.0.0.1:27997
TpTrace Verbose: 0 : 9936, 7, 2022/01/21, 16:47:43.479, 6122635590933, vstest.console.dll, TestRequestSender.OnExecutionMessageReceived: Received message: {"Version":5,"MessageType":"TestExecution.Completed","Payload":{"TestRunCompleteArgs":{"TestRunStatistics":{"ExecutedTests":3,"Stats":{"Passed":3}},"IsCanceled":false,"IsAborted":false,"Error":null,"AttachmentSets":[],"ElapsedTimeInRunningTests":"00:00:01.4687854","Metrics":{}},"LastRunTests":{"NewTestResults":[{"TestCase":{"Id":"087757a3-3de1-0cda-dac0-9c25b92d7afc","FullyQualifiedName":"Azure.Services.Interaction.ServiceBus.Test.AzureServiceBusServiceTest.Send_Message_Queue_Successfully_Test","DisplayName":"Azure.Services.Interaction.ServiceBus.Test.AzureServiceBusServiceTest.Send_Message_Queue_Successfully_Test","ExecutorUri":"executor://xunit/VsTestRunner2/netcoreapp","Source":"C:\\sitcs\\Projects\\Azure.Services.Interaction\\Azure.Services.Interaction.ServiceBus.Test\\bin\\Debug\\net5.0\\fine-code-coverage\\build-output\\Azure.Services.Interaction.ServiceBus.Test.dll","CodeFilePath":null,"LineNumber":0,"Properties":[]},"Attachments":[],"Outcome":1,"ErrorMessage":null,"ErrorStackTrace":null,"DisplayName":"Azure.Services.Interaction.ServiceBus.Test.AzureServiceBusServiceTest.Send_Message_Queue_Successfully_Test","Messages":[],"ComputerName":"DESKTOP-TASVHQI","Duration":"00:00:00.0920060","StartTime":"2022-01-21T20:47:43.411729+00:00","EndTime":"2022-01-21T20:47:43.411732+00:00","Properties":[]}],"TestRunStatistics":{"ExecutedTests":3,"Stats":{"Passed":3}},"ActiveTests":[]},"RunAttachments":[],"ExecutorUris":["executor://xunit/VsTestRunner2/netcoreapp"]}}
TpTrace Verbose: 0 : 9936, 7, 2022/01/21, 16:47:43.480, 6122635593432, vstest.console.dll, TestRequestSender.EndSession: Sending end session.
TpTrace Verbose: 0 : 9936, 7, 2022/01/21, 16:47:43.480, 6122635595886, vstest.console.dll, ProxyOperationManager.Close: waiting for test host to exit for 100 ms
TpTrace Warning: 0 : 9936, 11, 2022/01/21, 16:47:43.507, 6122635863780, vstest.console.dll, TestHostManagerCallbacks.ErrorReceivedCallback Test host standard error line: 
TpTrace Verbose: 0 : 9936, 8, 2022/01/21, 16:47:43.540, 6122636192726, vstest.console.dll, TestHostProvider.ExitCallBack: Host exited starting callback.
TpTrace Information: 0 : 9936, 8, 2022/01/21, 16:47:43.541, 6122636201713, vstest.console.dll, TestHostManagerCallbacks.ExitCallBack: Testhost processId: 16408 exited with exitcode: 0 error: ''
TpTrace Verbose: 0 : 9936, 8, 2022/01/21, 16:47:43.541, 6122636202661, vstest.console.dll, DotnetTestHostManager.OnHostExited: invoking OnHostExited callback
TpTrace Verbose: 0 : 9936, 8, 2022/01/21, 16:47:43.541, 6122636203544, vstest.console.dll, CrossPlatEngine.TestHostManagerHostExited: calling on client process exit callback.
TpTrace Warning: 0 : 9936, 7, 2022/01/21, 16:47:43.541, 6122636204746, vstest.console.dll, ProxyOperationManager: Timed out waiting for test host to exit. Will terminate process.
TpTrace Information: 0 : 9936, 8, 2022/01/21, 16:47:43.541, 6122636204877, vstest.console.dll, TestRequestSender.OnClientProcessExit: Test host process exited. Standard error: 
TpTrace Information: 0 : 9936, 8, 2022/01/21, 16:47:43.541, 6122636206569, vstest.console.dll, SocketServer.Stop: Stop server endPoint: 127.0.0.1:27997
TpTrace Information: 0 : 9936, 8, 2022/01/21, 16:47:43.541, 6122636207283, vstest.console.dll, SocketServer.Stop: Cancellation requested. Stopping message loop.
TpTrace Verbose: 0 : 9936, 7, 2022/01/21, 16:47:43.542, 6122636214799, vstest.console.dll, ProxyDataCollectionManager.InvokeDataCollectionServiceAction: Starting.
TpTrace Information: 0 : 9936, 7, 2022/01/21, 16:47:43.542, 6122636215696, vstest.console.dll, ProxyDataCollectionManager.AfterTestRunEnd: Get attachment set for datacollector processId: 16612 port: 27993
TpTrace Verbose: 0 : 9936, 7, 2022/01/21, 16:47:43.542, 6122636216666, vstest.console.dll, DataCollectionRequestSender.SendAfterTestRunStartAndGetResult : Send AfterTestRunEnd message with isCancelled: False
TpTrace Verbose: 0 : 9936, 7, 2022/01/21, 16:47:43.549, 6122636283087, vstest.console.dll, DataCollectionRequestSender.SendAfterTestRunStartAndGetResult : Received message: (DataCollection.AfterTestRunEndResult) -> {
  "AttachmentSets": [],
  "Metrics": {}
}
TpTrace Information: 0 : 9936, 7, 2022/01/21, 16:47:43.553, 6122636321352, vstest.console.dll, ProxyDataCollectionManager.InvokeDataCollectionServiceAction: Completed.
TpTrace Warning: 0 : 9936, 10, 2022/01/21, 16:47:43.559, 6122636387914, vstest.console.dll, DataCollectionLauncher.ErrorReceivedCallback datacollector standard error line: 
TpTrace Information: 0 : 9936, 8, 2022/01/21, 16:47:43.597, 6122636764024, vstest.console.dll, DataCollectionLauncher.ExitCallBack: Data collector exited with exitcode: 0 error: ''
TpTrace Verbose: 0 : 9936, 7, 2022/01/21, 16:47:43.608, 6122636880854, vstest.console.dll, TestRunRequest:SendTestRunStatsChange: Starting.
TpTrace Information: 0 : 9936, 7, 2022/01/21, 16:47:43.609, 6122636882308, vstest.console.dll, TestRunRequest:SendTestRunStatsChange: Completed.
TpTrace Verbose: 0 : 9936, 7, 2022/01/21, 16:47:43.609, 6122636885323, vstest.console.dll, ParallelProxyExecutionManager: HandlePartialRunComplete: Total completed clients = 1, Run complete = True, Run canceled: False.
TpTrace Verbose: 0 : 9936, 7, 2022/01/21, 16:47:43.655, 6122637341739, vstest.console.dll, TestRunRequest:TestRunComplete: Starting. IsAborted:False IsCanceled:False.
TpTrace Verbose: 0 : 9936, 7, 2022/01/21, 16:47:43.655, 6122637344962, vstest.console.dll, TestLoggerManager.HandleTestRunComplete: Ignoring as the object is disposed.
TpTrace Information: 0 : 9936, 7, 2022/01/21, 16:47:43.655, 6122637349413, vstest.console.dll, TestRunRequest:TestRunComplete: Completed.
TpTrace Verbose: 0 : 9936, 1, 2022/01/21, 16:47:43.655, 6122637349511, vstest.console.dll, TestRunRequest.Dispose: Starting.
TpTrace Verbose: 0 : 9936, 7, 2022/01/21, 16:47:43.655, 6122637350435, vstest.console.dll, TestRequestSender.SetOperationComplete: Setting operation complete.
TpTrace Information: 0 : 9936, 1, 2022/01/21, 16:47:43.656, 6122637351394, vstest.console.dll, TestRunRequest.Dispose: Completed.
TpTrace Information: 0 : 9936, 7, 2022/01/21, 16:47:43.656, 6122637352123, vstest.console.dll, SocketServer.Stop: Stop server endPoint: 127.0.0.1:27997
TpTrace Information: 0 : 9936, 1, 2022/01/21, 16:47:43.656, 6122637353079, vstest.console.dll, TestRequestManager.RunTests: run tests completed.
TpTrace Information: 0 : 9936, 7, 2022/01/21, 16:47:43.656, 6122637353602, vstest.console.dll, SocketServer.Stop: Cancellation requested. Stopping message loop.
TpTrace Information: 0 : 9936, 1, 2022/01/21, 16:47:43.656, 6122637355225, vstest.console.dll, RunTestsArgumentProcessor:Execute: Test run is completed.
TpTrace Information: 0 : 9936, 7, 2022/01/21, 16:47:43.656, 6122637355269, vstest.console.dll, SocketServer.PrivateStop: Stop server endPoint: 127.0.0.1:27997 error: 
TpTrace Verbose: 0 : 9936, 1, 2022/01/21, 16:47:43.656, 6122637358643, vstest.console.dll, Executor.Execute: Exiting with exit code of 0
