TpTrace Verbose: 0 : 14732, 1, 2022/01/21, 16:47:46.749, 6122668308557, vstest.console.dll, Version: 17.0.0-preview-20210512-01
TpTrace Information: 0 : 14732, 1, 2022/01/21, 16:47:46.781, 6122668601426, vstest.console.dll, FilePatternParser: The given file C:\sitcs\Projects\Azure.Services.Interaction\Azure.Services.Interaction.Storage.Test\bin\Debug\net5.0\fine-code-coverage\build-output\Azure.Services.Interaction.Storage.Test.dll is a full path.
TpTrace Verbose: 0 : 14732, 1, 2022/01/21, 16:47:46.793, 6122668730766, vstest.console.dll, TestPluginCache.DiscoverTestExtensions: finding test extensions in assemblies ends with: RuntimeProvider.dll TPluginInfo: Microsoft.VisualStudio.TestPlatform.Common.ExtensionFramework.Utilities.TestRuntimePluginInformation TExtension: Microsoft.VisualStudio.TestPlatform.ObjectModel.Host.ITestRuntimeProvider
TpTrace Verbose: 0 : 14732, 1, 2022/01/21, 16:47:46.795, 6122668745180, vstest.console.dll, TestPluginCache.GetExtensionPaths: Filtered extension paths: 
TpTrace Verbose: 0 : 14732, 1, 2022/01/21, 16:47:46.795, 6122668747066, vstest.console.dll, TestPluginCache.GetExtensionPaths: Added default extension paths: C:\Program Files\dotnet\sdk\6.0.100-preview.5.21302.13\Extensions\Microsoft.Diagnostics.NETCore.Client.dll
C:\Program Files\dotnet\sdk\6.0.100-preview.5.21302.13\Extensions\Microsoft.TestPlatform.Extensions.BlameDataCollector.dll
C:\Program Files\dotnet\sdk\6.0.100-preview.5.21302.13\Extensions\Microsoft.TestPlatform.Extensions.EventLogCollector.dll
C:\Program Files\dotnet\sdk\6.0.100-preview.5.21302.13\Extensions\Microsoft.TestPlatform.TestHostRuntimeProvider.dll
C:\Program Files\dotnet\sdk\6.0.100-preview.5.21302.13\Extensions\Microsoft.VisualStudio.TestPlatform.Extensions.Html.TestLogger.dll
C:\Program Files\dotnet\sdk\6.0.100-preview.5.21302.13\Extensions\Microsoft.VisualStudio.TestPlatform.Extensions.Trx.TestLogger.dll
TpTrace Verbose: 0 : 14732, 1, 2022/01/21, 16:47:46.795, 6122668747904, vstest.console.dll, TestPluginCache.GetExtensionPaths: Added unfilterableExtensionPaths: 
TpTrace Information: 0 : 14732, 1, 2022/01/21, 16:47:46.797, 6122668762560, vstest.console.dll, AssemblyResolver.ctor: Creating AssemblyResolver with searchDirectories C:\Program Files\dotnet\sdk\6.0.100-preview.5.21302.13\Extensions,C:\Program Files\dotnet\sdk\6.0.100-preview.5.21302.13
TpTrace Verbose: 0 : 14732, 1, 2022/01/21, 16:47:46.800, 6122668796317, vstest.console.dll, TestPluginCache.DiscoverTestExtensions: Discovering the extensions using extension path.
TpTrace Verbose: 0 : 14732, 1, 2022/01/21, 16:47:46.800, 6122668799226, vstest.console.dll, TestPluginCache.GetExtensionPaths: Filtered extension paths: 
TpTrace Verbose: 0 : 14732, 1, 2022/01/21, 16:47:46.800, 6122668799774, vstest.console.dll, TestPluginCache.GetExtensionPaths: Added default extension paths: C:\Program Files\dotnet\sdk\6.0.100-preview.5.21302.13\Extensions\Microsoft.Diagnostics.NETCore.Client.dll
C:\Program Files\dotnet\sdk\6.0.100-preview.5.21302.13\Extensions\Microsoft.TestPlatform.Extensions.BlameDataCollector.dll
C:\Program Files\dotnet\sdk\6.0.100-preview.5.21302.13\Extensions\Microsoft.TestPlatform.Extensions.EventLogCollector.dll
C:\Program Files\dotnet\sdk\6.0.100-preview.5.21302.13\Extensions\Microsoft.TestPlatform.TestHostRuntimeProvider.dll
C:\Program Files\dotnet\sdk\6.0.100-preview.5.21302.13\Extensions\Microsoft.VisualStudio.TestPlatform.Extensions.Html.TestLogger.dll
C:\Program Files\dotnet\sdk\6.0.100-preview.5.21302.13\Extensions\Microsoft.VisualStudio.TestPlatform.Extensions.Trx.TestLogger.dll
TpTrace Verbose: 0 : 14732, 1, 2022/01/21, 16:47:46.800, 6122668800258, vstest.console.dll, TestPluginCache.GetExtensionPaths: Added unfilterableExtensionPaths: 
TpTrace Verbose: 0 : 14732, 1, 2022/01/21, 16:47:46.800, 6122668801045, vstest.console.dll, TestPluginCache.DiscoverTestExtensions: Discovering the extensions using allExtensionPaths: C:\Program Files\dotnet\sdk\6.0.100-preview.5.21302.13\Extensions\Microsoft.Diagnostics.NETCore.Client.dll
C:\Program Files\dotnet\sdk\6.0.100-preview.5.21302.13\Extensions\Microsoft.TestPlatform.Extensions.BlameDataCollector.dll
C:\Program Files\dotnet\sdk\6.0.100-preview.5.21302.13\Extensions\Microsoft.TestPlatform.Extensions.EventLogCollector.dll
C:\Program Files\dotnet\sdk\6.0.100-preview.5.21302.13\Extensions\Microsoft.TestPlatform.TestHostRuntimeProvider.dll
C:\Program Files\dotnet\sdk\6.0.100-preview.5.21302.13\Extensions\Microsoft.VisualStudio.TestPlatform.Extensions.Html.TestLogger.dll
C:\Program Files\dotnet\sdk\6.0.100-preview.5.21302.13\Extensions\Microsoft.VisualStudio.TestPlatform.Extensions.Trx.TestLogger.dll
TpTrace Information: 0 : 14732, 1, 2022/01/21, 16:47:46.801, 6122668803490, vstest.console.dll, AssemblyResolver.AddSearchDirectories: Adding more searchDirectories C:\Program Files\dotnet\sdk\6.0.100-preview.5.21302.13\Extensions,C:\Program Files\dotnet\sdk\6.0.100-preview.5.21302.13
TpTrace Information: 0 : 14732, 1, 2022/01/21, 16:47:46.801, 6122668804243, vstest.console.dll, AssemblyResolver.AddSearchDirectories: Adding more searchDirectories C:\Program Files\dotnet\sdk\6.0.100-preview.5.21302.13\Extensions,C:\Program Files\dotnet\sdk\6.0.100-preview.5.21302.13
TpTrace Information: 0 : 14732, 1, 2022/01/21, 16:47:46.801, 6122668804694, vstest.console.dll, AssemblyResolver.AddSearchDirectories: Adding more searchDirectories C:\Program Files\dotnet\sdk\6.0.100-preview.5.21302.13\Extensions,C:\Program Files\dotnet\sdk\6.0.100-preview.5.21302.13
TpTrace Information: 0 : 14732, 1, 2022/01/21, 16:47:46.801, 6122668805183, vstest.console.dll, AssemblyResolver.AddSearchDirectories: Adding more searchDirectories C:\Program Files\dotnet\sdk\6.0.100-preview.5.21302.13\Extensions,C:\Program Files\dotnet\sdk\6.0.100-preview.5.21302.13
TpTrace Information: 0 : 14732, 1, 2022/01/21, 16:47:46.801, 6122668805588, vstest.console.dll, AssemblyResolver.AddSearchDirectories: Adding more searchDirectories C:\Program Files\dotnet\sdk\6.0.100-preview.5.21302.13\Extensions,C:\Program Files\dotnet\sdk\6.0.100-preview.5.21302.13
TpTrace Information: 0 : 14732, 1, 2022/01/21, 16:47:46.801, 6122668805983, vstest.console.dll, AssemblyResolver.AddSearchDirectories: Adding more searchDirectories C:\Program Files\dotnet\sdk\6.0.100-preview.5.21302.13\Extensions,C:\Program Files\dotnet\sdk\6.0.100-preview.5.21302.13
TpTrace Information: 0 : 14732, 1, 2022/01/21, 16:47:46.801, 6122668810519, vstest.console.dll, AssemblyResolver.OnResolve: Microsoft.Diagnostics.NETCore.Client: Resolving assembly.
TpTrace Information: 0 : 14732, 1, 2022/01/21, 16:47:46.802, 6122668811319, vstest.console.dll, AssemblyResolver.OnResolve: Microsoft.Diagnostics.NETCore.Client: Searching in: 'C:\Program Files\dotnet\sdk\6.0.100-preview.5.21302.13\Extensions'.
TpTrace Information: 0 : 14732, 1, 2022/01/21, 16:47:46.803, 6122668821266, vstest.console.dll, AssemblyResolver.OnResolve: Microsoft.Diagnostics.NETCore.Client: Loading assembly 'C:\Program Files\dotnet\sdk\6.0.100-preview.5.21302.13\Extensions\Microsoft.Diagnostics.NETCore.Client.dll'.
TpTrace Information: 0 : 14732, 1, 2022/01/21, 16:47:46.804, 6122668832210, vstest.console.dll, AssemblyResolver.OnResolve: Resolved assembly: Microsoft.Diagnostics.NETCore.Client, from path: C:\Program Files\dotnet\sdk\6.0.100-preview.5.21302.13\Extensions\Microsoft.Diagnostics.NETCore.Client.dll
TpTrace Information: 0 : 14732, 1, 2022/01/21, 16:47:46.814, 6122668932890, vstest.console.dll, AssemblyResolver.OnResolve: Microsoft.Bcl.AsyncInterfaces: Resolving assembly.
TpTrace Information: 0 : 14732, 1, 2022/01/21, 16:47:46.814, 6122668934640, vstest.console.dll, AssemblyResolver.OnResolve: Microsoft.Bcl.AsyncInterfaces: Searching in: 'C:\Program Files\dotnet\sdk\6.0.100-preview.5.21302.13\Extensions'.
TpTrace Information: 0 : 14732, 1, 2022/01/21, 16:47:46.814, 6122668936094, vstest.console.dll, AssemblyResolver.OnResolve: Microsoft.Bcl.AsyncInterfaces: Assembly path does not exist: 'C:\Program Files\dotnet\sdk\6.0.100-preview.5.21302.13\Extensions\Microsoft.Bcl.AsyncInterfaces.dll', returning.
TpTrace Information: 0 : 14732, 1, 2022/01/21, 16:47:46.814, 6122668937007, vstest.console.dll, AssemblyResolver.OnResolve: Microsoft.Bcl.AsyncInterfaces: Assembly path does not exist: 'C:\Program Files\dotnet\sdk\6.0.100-preview.5.21302.13\Extensions\Microsoft.Bcl.AsyncInterfaces.exe', returning.
TpTrace Information: 0 : 14732, 1, 2022/01/21, 16:47:46.814, 6122668938083, vstest.console.dll, AssemblyResolver.OnResolve: Microsoft.Bcl.AsyncInterfaces: Searching in: 'C:\Program Files\dotnet\sdk\6.0.100-preview.5.21302.13'.
TpTrace Information: 0 : 14732, 1, 2022/01/21, 16:47:46.814, 6122668939166, vstest.console.dll, AssemblyResolver.OnResolve: Microsoft.Bcl.AsyncInterfaces: Assembly path does not exist: 'C:\Program Files\dotnet\sdk\6.0.100-preview.5.21302.13\Microsoft.Bcl.AsyncInterfaces.dll', returning.
TpTrace Information: 0 : 14732, 1, 2022/01/21, 16:47:46.814, 6122668940018, vstest.console.dll, AssemblyResolver.OnResolve: Microsoft.Bcl.AsyncInterfaces: Assembly path does not exist: 'C:\Program Files\dotnet\sdk\6.0.100-preview.5.21302.13\Microsoft.Bcl.AsyncInterfaces.exe', returning.
TpTrace Information: 0 : 14732, 1, 2022/01/21, 16:47:46.814, 6122668940439, vstest.console.dll, AssemblyResolver.OnResolve: Microsoft.Bcl.AsyncInterfaces: Failed to load assembly.
TpTrace Verbose: 0 : 14732, 1, 2022/01/21, 16:47:46.814, 6122668940935, vstest.console.dll, CurrentDomainAssemblyResolve: Resolving assembly 'Microsoft.Bcl.AsyncInterfaces'.
TpTrace Information: 0 : 14732, 1, 2022/01/21, 16:47:46.815, 6122668941815, vstest.console.dll, AssemblyResolver.OnResolve: Microsoft.Bcl.AsyncInterfaces: Resolving assembly.
TpTrace Information: 0 : 14732, 1, 2022/01/21, 16:47:46.815, 6122668942370, vstest.console.dll, AssemblyResolver.OnResolve: Microsoft.Bcl.AsyncInterfaces: Resolved from cache.
TpTrace Verbose: 0 : 14732, 1, 2022/01/21, 16:47:46.815, 6122668942776, vstest.console.dll, CurrentDomainAssemblyResolve: Resolving assembly 'Microsoft.Bcl.AsyncInterfaces'.
TpTrace Verbose: 0 : 14732, 1, 2022/01/21, 16:47:46.815, 6122668943356, vstest.console.dll, CurrentDomainAssemblyResolve: Failed to resolve assembly 'Microsoft.Bcl.AsyncInterfaces'.
TpTrace Verbose: 0 : 14732, 1, 2022/01/21, 16:47:46.816, 6122668955398, vstest.console.dll, CurrentDomainAssemblyResolve: Failed to resolve assembly 'Microsoft.Bcl.AsyncInterfaces'.
TpTrace Warning: 0 : 14732, 1, 2022/01/21, 16:47:46.838, 6122669174243, vstest.console.dll, TestPluginDiscoverer: Failed to get types from assembly 'Microsoft.Diagnostics.NETCore.Client, Version=0.2.2.41902, Culture=neutral, PublicKeyToken=31bf3856ad364e35'.  Skipping test extension scan for this assembly.  Error: System.Reflection.ReflectionTypeLoadException: Unable to load one or more of the requested types.
Could not load file or assembly 'Microsoft.Bcl.AsyncInterfaces, Version=1.0.0.0, Culture=neutral, PublicKeyToken=cc7b13ffcd2ddd51'. The system cannot find the file specified.
   at System.Reflection.RuntimeModule.GetTypes(RuntimeModule module)
   at System.Reflection.RuntimeModule.GetTypes() in System.Private.CoreLib.dll:token 0x6004ed8+0x0
   at System.Reflection.Assembly.GetTypes() in System.Private.CoreLib.dll:token 0x6004bed+0xe
   at Microsoft.VisualStudio.TestPlatform.Common.ExtensionFramework.TestPluginDiscoverer.GetTestExtensionsFromAssembly[TPluginInfo,TExtension](Assembly assembly, Dictionary`2 pluginInfos) in Microsoft.VisualStudio.TestPlatform.Common.dll:token 0x60001af+0x1a
System.IO.FileNotFoundException: Could not load file or assembly 'Microsoft.Bcl.AsyncInterfaces, Version=1.0.0.0, Culture=neutral, PublicKeyToken=cc7b13ffcd2ddd51'. The system cannot find the file specified.
File name: 'Microsoft.Bcl.AsyncInterfaces, Version=1.0.0.0, Culture=neutral, PublicKeyToken=cc7b13ffcd2ddd51'
 ---> System.IO.FileNotFoundException: Could not load file or assembly 'Microsoft.Bcl.AsyncInterfaces, Culture=neutral, PublicKeyToken=null'. The system cannot find the file specified.
File name: 'Microsoft.Bcl.AsyncInterfaces, Culture=neutral, PublicKeyToken=null'
   at System.Reflection.RuntimeAssembly.InternalLoad(ObjectHandleOnStack assemblyName, ObjectHandleOnStack requestingAssembly, StackCrawlMarkHandle stackMark, Boolean throwOnFileNotFound, ObjectHandleOnStack assemblyLoadContext, ObjectHandleOnStack retAssembly) in System.Private.CoreLib.dll:token 0x6004dec+0x8
   at System.Reflection.RuntimeAssembly.InternalLoad(AssemblyName assemblyName, RuntimeAssembly requestingAssembly, StackCrawlMark& stackMark, Boolean throwOnFileNotFound, AssemblyLoadContext assemblyLoadContext) in System.Private.CoreLib.dll:token 0x6004deb+0x16
   at System.Reflection.Assembly.Load(AssemblyName assemblyRef) in System.Private.CoreLib.dll:token 0x6004be2+0xe
   at Microsoft.VisualStudio.TestPlatform.Common.ExtensionFramework.TestPluginCache.CurrentDomainAssemblyResolve(Object sender, AssemblyResolveEventArgs args) in Microsoft.VisualStudio.TestPlatform.Common.dll:token 0x60001a9+0x64
   at Microsoft.VisualStudio.TestPlatform.PlatformAbstractions.PlatformAssemblyResolver.AssemblyResolverEvent(Object sender, Object eventArgs) in Microsoft.TestPlatform.PlatformAbstractions.dll:token 0x600004a+0x1c
   at System.Runtime.Loader.AssemblyLoadContext.GetFirstResolvedAssemblyFromResolvingEvent(AssemblyName assemblyName) in System.Private.CoreLib.dll:token 0x60035f8+0x24
   at System.Runtime.Loader.AssemblyLoadContext.ResolveUsingEvent(AssemblyName assemblyName) in System.Private.CoreLib.dll:token 0x60035fb+0x7
   at System.Runtime.Loader.AssemblyLoadContext.ResolveUsingResolvingEvent(IntPtr gchManagedAssemblyLoadContext, AssemblyName assemblyName) in System.Private.CoreLib.dll:token 0x60035bc+0x7
TpTrace Warning: 0 : 14732, 1, 2022/01/21, 16:47:46.838, 6122669176803, vstest.console.dll, LoaderExceptions: System.IO.FileNotFoundException: Could not load file or assembly 'Microsoft.Bcl.AsyncInterfaces, Version=1.0.0.0, Culture=neutral, PublicKeyToken=cc7b13ffcd2ddd51'. The system cannot find the file specified.
File name: 'Microsoft.Bcl.AsyncInterfaces, Version=1.0.0.0, Culture=neutral, PublicKeyToken=cc7b13ffcd2ddd51'
 ---> System.IO.FileNotFoundException: Could not load file or assembly 'Microsoft.Bcl.AsyncInterfaces, Culture=neutral, PublicKeyToken=null'. The system cannot find the file specified.
File name: 'Microsoft.Bcl.AsyncInterfaces, Culture=neutral, PublicKeyToken=null'
   at System.Reflection.RuntimeAssembly.InternalLoad(ObjectHandleOnStack assemblyName, ObjectHandleOnStack requestingAssembly, StackCrawlMarkHandle stackMark, Boolean throwOnFileNotFound, ObjectHandleOnStack assemblyLoadContext, ObjectHandleOnStack retAssembly) in System.Private.CoreLib.dll:token 0x6004dec+0x8
   at System.Reflection.RuntimeAssembly.InternalLoad(AssemblyName assemblyName, RuntimeAssembly requestingAssembly, StackCrawlMark& stackMark, Boolean throwOnFileNotFound, AssemblyLoadContext assemblyLoadContext) in System.Private.CoreLib.dll:token 0x6004deb+0x16
   at System.Reflection.Assembly.Load(AssemblyName assemblyRef) in System.Private.CoreLib.dll:token 0x6004be2+0xe
   at Microsoft.VisualStudio.TestPlatform.Common.ExtensionFramework.TestPluginCache.CurrentDomainAssemblyResolve(Object sender, AssemblyResolveEventArgs args) in Microsoft.VisualStudio.TestPlatform.Common.dll:token 0x60001a9+0x64
   at Microsoft.VisualStudio.TestPlatform.PlatformAbstractions.PlatformAssemblyResolver.AssemblyResolverEvent(Object sender, Object eventArgs) in Microsoft.TestPlatform.PlatformAbstractions.dll:token 0x600004a+0x1c
   at System.Runtime.Loader.AssemblyLoadContext.GetFirstResolvedAssemblyFromResolvingEvent(AssemblyName assemblyName) in System.Private.CoreLib.dll:token 0x60035f8+0x24
   at System.Runtime.Loader.AssemblyLoadContext.ResolveUsingEvent(AssemblyName assemblyName) in System.Private.CoreLib.dll:token 0x60035fb+0x7
   at System.Runtime.Loader.AssemblyLoadContext.ResolveUsingResolvingEvent(IntPtr gchManagedAssemblyLoadContext, AssemblyName assemblyName) in System.Private.CoreLib.dll:token 0x60035bc+0x7
TpTrace Information: 0 : 14732, 1, 2022/01/21, 16:47:46.838, 6122669178237, vstest.console.dll, AssemblyResolver.OnResolve: Microsoft.TestPlatform.Extensions.BlameDataCollector: Resolving assembly.
TpTrace Information: 0 : 14732, 1, 2022/01/21, 16:47:46.838, 6122669179392, vstest.console.dll, AssemblyResolver.OnResolve: Microsoft.TestPlatform.Extensions.BlameDataCollector: Searching in: 'C:\Program Files\dotnet\sdk\6.0.100-preview.5.21302.13\Extensions'.
TpTrace Information: 0 : 14732, 1, 2022/01/21, 16:47:46.839, 6122669185894, vstest.console.dll, AssemblyResolver.OnResolve: Microsoft.TestPlatform.Extensions.BlameDataCollector: Loading assembly 'C:\Program Files\dotnet\sdk\6.0.100-preview.5.21302.13\Extensions\Microsoft.TestPlatform.Extensions.BlameDataCollector.dll'.
TpTrace Information: 0 : 14732, 1, 2022/01/21, 16:47:46.840, 6122669195108, vstest.console.dll, AssemblyResolver.OnResolve: Resolved assembly: Microsoft.TestPlatform.Extensions.BlameDataCollector, from path: C:\Program Files\dotnet\sdk\6.0.100-preview.5.21302.13\Extensions\Microsoft.TestPlatform.Extensions.BlameDataCollector.dll
TpTrace Information: 0 : 14732, 1, 2022/01/21, 16:47:46.841, 6122669203363, vstest.console.dll, AssemblyResolver.OnResolve: Microsoft.TestPlatform.Extensions.EventLogCollector: Resolving assembly.
TpTrace Information: 0 : 14732, 1, 2022/01/21, 16:47:46.841, 6122669204269, vstest.console.dll, AssemblyResolver.OnResolve: Microsoft.TestPlatform.Extensions.EventLogCollector: Searching in: 'C:\Program Files\dotnet\sdk\6.0.100-preview.5.21302.13\Extensions'.
TpTrace Information: 0 : 14732, 1, 2022/01/21, 16:47:46.841, 6122669210076, vstest.console.dll, AssemblyResolver.OnResolve: Microsoft.TestPlatform.Extensions.EventLogCollector: Loading assembly 'C:\Program Files\dotnet\sdk\6.0.100-preview.5.21302.13\Extensions\Microsoft.TestPlatform.Extensions.EventLogCollector.dll'.
TpTrace Information: 0 : 14732, 1, 2022/01/21, 16:47:46.842, 6122669216437, vstest.console.dll, AssemblyResolver.OnResolve: Resolved assembly: Microsoft.TestPlatform.Extensions.EventLogCollector, from path: C:\Program Files\dotnet\sdk\6.0.100-preview.5.21302.13\Extensions\Microsoft.TestPlatform.Extensions.EventLogCollector.dll
TpTrace Information: 0 : 14732, 1, 2022/01/21, 16:47:46.845, 6122669245977, vstest.console.dll, AssemblyResolver.OnResolve: Microsoft.TestPlatform.TestHostRuntimeProvider: Resolving assembly.
TpTrace Information: 0 : 14732, 1, 2022/01/21, 16:47:46.845, 6122669246980, vstest.console.dll, AssemblyResolver.OnResolve: Microsoft.TestPlatform.TestHostRuntimeProvider: Searching in: 'C:\Program Files\dotnet\sdk\6.0.100-preview.5.21302.13\Extensions'.
TpTrace Information: 0 : 14732, 1, 2022/01/21, 16:47:46.846, 6122669252297, vstest.console.dll, AssemblyResolver.OnResolve: Microsoft.TestPlatform.TestHostRuntimeProvider: Loading assembly 'C:\Program Files\dotnet\sdk\6.0.100-preview.5.21302.13\Extensions\Microsoft.TestPlatform.TestHostRuntimeProvider.dll'.
TpTrace Information: 0 : 14732, 1, 2022/01/21, 16:47:46.846, 6122669259061, vstest.console.dll, AssemblyResolver.OnResolve: Resolved assembly: Microsoft.TestPlatform.TestHostRuntimeProvider, from path: C:\Program Files\dotnet\sdk\6.0.100-preview.5.21302.13\Extensions\Microsoft.TestPlatform.TestHostRuntimeProvider.dll
TpTrace Information: 0 : 14732, 1, 2022/01/21, 16:47:46.848, 6122669274694, vstest.console.dll, AssemblyResolver.OnResolve: Microsoft.VisualStudio.TestPlatform.Extensions.Html.TestLogger: Resolving assembly.
TpTrace Information: 0 : 14732, 1, 2022/01/21, 16:47:46.848, 6122669275481, vstest.console.dll, AssemblyResolver.OnResolve: Microsoft.VisualStudio.TestPlatform.Extensions.Html.TestLogger: Searching in: 'C:\Program Files\dotnet\sdk\6.0.100-preview.5.21302.13\Extensions'.
TpTrace Information: 0 : 14732, 1, 2022/01/21, 16:47:46.848, 6122669281174, vstest.console.dll, AssemblyResolver.OnResolve: Microsoft.VisualStudio.TestPlatform.Extensions.Html.TestLogger: Loading assembly 'C:\Program Files\dotnet\sdk\6.0.100-preview.5.21302.13\Extensions\Microsoft.VisualStudio.TestPlatform.Extensions.Html.TestLogger.dll'.
TpTrace Information: 0 : 14732, 1, 2022/01/21, 16:47:46.849, 6122669288858, vstest.console.dll, AssemblyResolver.OnResolve: Resolved assembly: Microsoft.VisualStudio.TestPlatform.Extensions.Html.TestLogger, from path: C:\Program Files\dotnet\sdk\6.0.100-preview.5.21302.13\Extensions\Microsoft.VisualStudio.TestPlatform.Extensions.Html.TestLogger.dll
TpTrace Information: 0 : 14732, 1, 2022/01/21, 16:47:46.850, 6122669294262, vstest.console.dll, AssemblyResolver.OnResolve: Microsoft.VisualStudio.TestPlatform.Extensions.Trx.TestLogger: Resolving assembly.
TpTrace Information: 0 : 14732, 1, 2022/01/21, 16:47:46.850, 6122669295158, vstest.console.dll, AssemblyResolver.OnResolve: Microsoft.VisualStudio.TestPlatform.Extensions.Trx.TestLogger: Searching in: 'C:\Program Files\dotnet\sdk\6.0.100-preview.5.21302.13\Extensions'.
TpTrace Information: 0 : 14732, 1, 2022/01/21, 16:47:46.851, 6122669302271, vstest.console.dll, AssemblyResolver.OnResolve: Microsoft.VisualStudio.TestPlatform.Extensions.Trx.TestLogger: Loading assembly 'C:\Program Files\dotnet\sdk\6.0.100-preview.5.21302.13\Extensions\Microsoft.VisualStudio.TestPlatform.Extensions.Trx.TestLogger.dll'.
TpTrace Information: 0 : 14732, 1, 2022/01/21, 16:47:46.851, 6122669309885, vstest.console.dll, AssemblyResolver.OnResolve: Resolved assembly: Microsoft.VisualStudio.TestPlatform.Extensions.Trx.TestLogger, from path: C:\Program Files\dotnet\sdk\6.0.100-preview.5.21302.13\Extensions\Microsoft.VisualStudio.TestPlatform.Extensions.Trx.TestLogger.dll
TpTrace Verbose: 0 : 14732, 1, 2022/01/21, 16:47:46.853, 6122669321474, vstest.console.dll, TestPluginCache: Discovered the extensions using extension path ''.
TpTrace Verbose: 0 : 14732, 1, 2022/01/21, 16:47:46.853, 6122669323671, vstest.console.dll, TestPluginCache: Discoverers are ''.
TpTrace Verbose: 0 : 14732, 1, 2022/01/21, 16:47:46.853, 6122669325110, vstest.console.dll, TestPluginCache: Executors are ''.
TpTrace Verbose: 0 : 14732, 1, 2022/01/21, 16:47:46.853, 6122669325762, vstest.console.dll, TestPluginCache: Executors2 are ''.
TpTrace Verbose: 0 : 14732, 1, 2022/01/21, 16:47:46.853, 6122669326343, vstest.console.dll, TestPluginCache: Setting providers are ''.
TpTrace Verbose: 0 : 14732, 1, 2022/01/21, 16:47:46.853, 6122669326889, vstest.console.dll, TestPluginCache: Loggers are ''.
TpTrace Information: 0 : 14732, 1, 2022/01/21, 16:47:46.859, 6122669388338, vstest.console.dll, RunTestsArgumentProcessor:Execute: Test run is starting.
TpTrace Verbose: 0 : 14732, 1, 2022/01/21, 16:47:46.859, 6122669389664, vstest.console.dll, RunTestsArgumentProcessor:Execute: Queuing Test run.
TpTrace Information: 0 : 14732, 1, 2022/01/21, 16:47:46.860, 6122669393777, vstest.console.dll, TestRequestManager.RunTests: run tests started.
TpTrace Information: 0 : 14732, 1, 2022/01/21, 16:47:46.865, 6122669442651, vstest.console.dll, AssemblyMetadataProvider.GetFrameWork: Determined framework:'.NETCoreApp,Version=v5.0' for source: 'C:\sitcs\Projects\Azure.Services.Interaction\Azure.Services.Interaction.Storage.Test\bin\Debug\net5.0\fine-code-coverage\build-output\Azure.Services.Interaction.Storage.Test.dll'
TpTrace Information: 0 : 14732, 1, 2022/01/21, 16:47:46.865, 6122669444771, vstest.console.dll, Determined framework for all sources: .NETCoreApp,Version=v5.0
TpTrace Information: 0 : 14732, 1, 2022/01/21, 16:47:46.865, 6122669449691, vstest.console.dll, AssemblyMetadataProvider.GetArchitecture: Determined architecture:AnyCPU info for assembly: C:\sitcs\Projects\Azure.Services.Interaction\Azure.Services.Interaction.Storage.Test\bin\Debug\net5.0\fine-code-coverage\build-output\Azure.Services.Interaction.Storage.Test.dll
TpTrace Information: 0 : 14732, 1, 2022/01/21, 16:47:46.867, 6122669470305, vstest.console.dll, Determined platform for all sources: X64
TpTrace Information: 0 : 14732, 1, 2022/01/21, 16:47:46.873, 6122669527606, vstest.console.dll, Compatible sources list : 
TpTrace Information: 0 : 14732, 1, 2022/01/21, 16:47:46.873, 6122669529891, vstest.console.dll, C:\sitcs\Projects\Azure.Services.Interaction\Azure.Services.Interaction.Storage.Test\bin\Debug\net5.0\fine-code-coverage\build-output\Azure.Services.Interaction.Storage.Test.dll
TpTrace Information: 0 : 14732, 1, 2022/01/21, 16:47:46.878, 6122669581183, vstest.console.dll, InferRunSettingsHelper.IsTestSettingsEnabled: Unable to navigate to RunSettings/MSTest. Current node: RunSettings
TpTrace Information: 0 : 14732, 1, 2022/01/21, 16:47:46.879, 6122669590480, vstest.console.dll, AssemblyResolver.OnResolve: Microsoft.VisualStudio.TestPlatform.Fakes: Resolving assembly.
TpTrace Information: 0 : 14732, 1, 2022/01/21, 16:47:46.880, 6122669591431, vstest.console.dll, AssemblyResolver.OnResolve: Microsoft.VisualStudio.TestPlatform.Fakes: Searching in: 'C:\Program Files\dotnet\sdk\6.0.100-preview.5.21302.13\Extensions'.
TpTrace Information: 0 : 14732, 1, 2022/01/21, 16:47:46.880, 6122669592923, vstest.console.dll, AssemblyResolver.OnResolve: Microsoft.VisualStudio.TestPlatform.Fakes: Assembly path does not exist: 'C:\Program Files\dotnet\sdk\6.0.100-preview.5.21302.13\Extensions\Microsoft.VisualStudio.TestPlatform.Fakes.dll', returning.
TpTrace Information: 0 : 14732, 1, 2022/01/21, 16:47:46.880, 6122669594008, vstest.console.dll, AssemblyResolver.OnResolve: Microsoft.VisualStudio.TestPlatform.Fakes: Assembly path does not exist: 'C:\Program Files\dotnet\sdk\6.0.100-preview.5.21302.13\Extensions\Microsoft.VisualStudio.TestPlatform.Fakes.exe', returning.
TpTrace Information: 0 : 14732, 1, 2022/01/21, 16:47:46.880, 6122669594595, vstest.console.dll, AssemblyResolver.OnResolve: Microsoft.VisualStudio.TestPlatform.Fakes: Searching in: 'C:\Program Files\dotnet\sdk\6.0.100-preview.5.21302.13'.
TpTrace Information: 0 : 14732, 1, 2022/01/21, 16:47:46.880, 6122669595499, vstest.console.dll, AssemblyResolver.OnResolve: Microsoft.VisualStudio.TestPlatform.Fakes: Assembly path does not exist: 'C:\Program Files\dotnet\sdk\6.0.100-preview.5.21302.13\Microsoft.VisualStudio.TestPlatform.Fakes.dll', returning.
TpTrace Information: 0 : 14732, 1, 2022/01/21, 16:47:46.880, 6122669596331, vstest.console.dll, AssemblyResolver.OnResolve: Microsoft.VisualStudio.TestPlatform.Fakes: Assembly path does not exist: 'C:\Program Files\dotnet\sdk\6.0.100-preview.5.21302.13\Microsoft.VisualStudio.TestPlatform.Fakes.exe', returning.
TpTrace Information: 0 : 14732, 1, 2022/01/21, 16:47:46.880, 6122669596738, vstest.console.dll, AssemblyResolver.OnResolve: Microsoft.VisualStudio.TestPlatform.Fakes: Failed to load assembly.
TpTrace Information: 0 : 14732, 1, 2022/01/21, 16:47:46.880, 6122669599914, vstest.console.dll, Failed to load assembly Microsoft.VisualStudio.TestPlatform.Fakes, Version=17.0.0.0, Culture=neutral. Reason:System.IO.FileNotFoundException: Could not load file or assembly 'Microsoft.VisualStudio.TestPlatform.Fakes, Version=17.0.0.0, Culture=neutral, PublicKeyToken=null'. The system cannot find the file specified.
File name: 'Microsoft.VisualStudio.TestPlatform.Fakes, Version=17.0.0.0, Culture=neutral, PublicKeyToken=null'
   at System.Reflection.RuntimeAssembly.InternalLoad(ObjectHandleOnStack assemblyName, ObjectHandleOnStack requestingAssembly, StackCrawlMarkHandle stackMark, Boolean throwOnFileNotFound, ObjectHandleOnStack assemblyLoadContext, ObjectHandleOnStack retAssembly) in System.Private.CoreLib.dll:token 0x6004dec+0x8
   at System.Reflection.RuntimeAssembly.InternalLoad(AssemblyName assemblyName, RuntimeAssembly requestingAssembly, StackCrawlMark& stackMark, Boolean throwOnFileNotFound, AssemblyLoadContext assemblyLoadContext) in System.Private.CoreLib.dll:token 0x6004deb+0x16
   at System.Reflection.Assembly.Load(AssemblyName assemblyRef) in System.Private.CoreLib.dll:token 0x6004be2+0xe
   at Microsoft.VisualStudio.TestPlatform.Common.Utilities.FakesUtilities.LoadTestPlatformAssembly() in Microsoft.VisualStudio.TestPlatform.Common.dll:token 0x600007c+0xa
TpTrace Verbose: 0 : 14732, 1, 2022/01/21, 16:47:46.885, 6122669646491, vstest.console.dll, TestPluginCache.DiscoverTestExtensions: finding test extensions in assemblies ends with: TestLogger.dll TPluginInfo: Microsoft.VisualStudio.TestPlatform.Common.ExtensionFramework.Utilities.TestLoggerPluginInformation TExtension: Microsoft.VisualStudio.TestPlatform.ObjectModel.Client.ITestLogger
TpTrace Verbose: 0 : 14732, 1, 2022/01/21, 16:47:46.885, 6122669647820, vstest.console.dll, TestPluginCache.GetExtensionPaths: Filtered extension paths: 
TpTrace Verbose: 0 : 14732, 1, 2022/01/21, 16:47:46.885, 6122669648423, vstest.console.dll, TestPluginCache.GetExtensionPaths: Added default extension paths: C:\Program Files\dotnet\sdk\6.0.100-preview.5.21302.13\Extensions\Microsoft.Diagnostics.NETCore.Client.dll
C:\Program Files\dotnet\sdk\6.0.100-preview.5.21302.13\Extensions\Microsoft.TestPlatform.Extensions.BlameDataCollector.dll
C:\Program Files\dotnet\sdk\6.0.100-preview.5.21302.13\Extensions\Microsoft.TestPlatform.Extensions.EventLogCollector.dll
C:\Program Files\dotnet\sdk\6.0.100-preview.5.21302.13\Extensions\Microsoft.TestPlatform.TestHostRuntimeProvider.dll
C:\Program Files\dotnet\sdk\6.0.100-preview.5.21302.13\Extensions\Microsoft.VisualStudio.TestPlatform.Extensions.Html.TestLogger.dll
C:\Program Files\dotnet\sdk\6.0.100-preview.5.21302.13\Extensions\Microsoft.VisualStudio.TestPlatform.Extensions.Trx.TestLogger.dll
TpTrace Verbose: 0 : 14732, 1, 2022/01/21, 16:47:46.885, 6122669648975, vstest.console.dll, TestPluginCache.GetExtensionPaths: Added unfilterableExtensionPaths: 
TpTrace Information: 0 : 14732, 1, 2022/01/21, 16:47:46.885, 6122669650981, vstest.console.dll, AssemblyResolver.AddSearchDirectories: Adding more searchDirectories C:\Program Files\dotnet\sdk\6.0.100-preview.5.21302.13\Extensions,C:\Program Files\dotnet\sdk\6.0.100-preview.5.21302.13
TpTrace Verbose: 0 : 14732, 1, 2022/01/21, 16:47:46.886, 6122669651640, vstest.console.dll, TestPluginCache.DiscoverTestExtensions: Discovering the extensions using extension path.
TpTrace Verbose: 0 : 14732, 1, 2022/01/21, 16:47:46.886, 6122669652114, vstest.console.dll, TestPluginCache.GetExtensionPaths: Filtered extension paths: 
TpTrace Verbose: 0 : 14732, 1, 2022/01/21, 16:47:46.886, 6122669652482, vstest.console.dll, TestPluginCache.GetExtensionPaths: Added default extension paths: C:\Program Files\dotnet\sdk\6.0.100-preview.5.21302.13\Extensions\Microsoft.Diagnostics.NETCore.Client.dll
C:\Program Files\dotnet\sdk\6.0.100-preview.5.21302.13\Extensions\Microsoft.TestPlatform.Extensions.BlameDataCollector.dll
C:\Program Files\dotnet\sdk\6.0.100-preview.5.21302.13\Extensions\Microsoft.TestPlatform.Extensions.EventLogCollector.dll
C:\Program Files\dotnet\sdk\6.0.100-preview.5.21302.13\Extensions\Microsoft.TestPlatform.TestHostRuntimeProvider.dll
C:\Program Files\dotnet\sdk\6.0.100-preview.5.21302.13\Extensions\Microsoft.VisualStudio.TestPlatform.Extensions.Html.TestLogger.dll
C:\Program Files\dotnet\sdk\6.0.100-preview.5.21302.13\Extensions\Microsoft.VisualStudio.TestPlatform.Extensions.Trx.TestLogger.dll
TpTrace Verbose: 0 : 14732, 1, 2022/01/21, 16:47:46.886, 6122669652975, vstest.console.dll, TestPluginCache.GetExtensionPaths: Added unfilterableExtensionPaths: 
TpTrace Verbose: 0 : 14732, 1, 2022/01/21, 16:47:46.886, 6122669653461, vstest.console.dll, TestPluginCache.DiscoverTestExtensions: Discovering the extensions using allExtensionPaths: C:\Program Files\dotnet\sdk\6.0.100-preview.5.21302.13\Extensions\Microsoft.Diagnostics.NETCore.Client.dll
C:\Program Files\dotnet\sdk\6.0.100-preview.5.21302.13\Extensions\Microsoft.TestPlatform.Extensions.BlameDataCollector.dll
C:\Program Files\dotnet\sdk\6.0.100-preview.5.21302.13\Extensions\Microsoft.TestPlatform.Extensions.EventLogCollector.dll
C:\Program Files\dotnet\sdk\6.0.100-preview.5.21302.13\Extensions\Microsoft.TestPlatform.TestHostRuntimeProvider.dll
C:\Program Files\dotnet\sdk\6.0.100-preview.5.21302.13\Extensions\Microsoft.VisualStudio.TestPlatform.Extensions.Html.TestLogger.dll
C:\Program Files\dotnet\sdk\6.0.100-preview.5.21302.13\Extensions\Microsoft.VisualStudio.TestPlatform.Extensions.Trx.TestLogger.dll
TpTrace Information: 0 : 14732, 1, 2022/01/21, 16:47:46.886, 6122669654028, vstest.console.dll, AssemblyResolver.AddSearchDirectories: Adding more searchDirectories C:\Program Files\dotnet\sdk\6.0.100-preview.5.21302.13\Extensions,C:\Program Files\dotnet\sdk\6.0.100-preview.5.21302.13
TpTrace Information: 0 : 14732, 1, 2022/01/21, 16:47:46.886, 6122669655193, vstest.console.dll, AssemblyResolver.AddSearchDirectories: Adding more searchDirectories C:\Program Files\dotnet\sdk\6.0.100-preview.5.21302.13\Extensions,C:\Program Files\dotnet\sdk\6.0.100-preview.5.21302.13
TpTrace Information: 0 : 14732, 1, 2022/01/21, 16:47:46.886, 6122669655696, vstest.console.dll, AssemblyResolver.AddSearchDirectories: Adding more searchDirectories C:\Program Files\dotnet\sdk\6.0.100-preview.5.21302.13\Extensions,C:\Program Files\dotnet\sdk\6.0.100-preview.5.21302.13
TpTrace Information: 0 : 14732, 1, 2022/01/21, 16:47:46.886, 6122669656080, vstest.console.dll, AssemblyResolver.AddSearchDirectories: Adding more searchDirectories C:\Program Files\dotnet\sdk\6.0.100-preview.5.21302.13\Extensions,C:\Program Files\dotnet\sdk\6.0.100-preview.5.21302.13
TpTrace Information: 0 : 14732, 1, 2022/01/21, 16:47:46.886, 6122669656505, vstest.console.dll, AssemblyResolver.AddSearchDirectories: Adding more searchDirectories C:\Program Files\dotnet\sdk\6.0.100-preview.5.21302.13\Extensions,C:\Program Files\dotnet\sdk\6.0.100-preview.5.21302.13
TpTrace Information: 0 : 14732, 1, 2022/01/21, 16:47:46.886, 6122669656872, vstest.console.dll, AssemblyResolver.AddSearchDirectories: Adding more searchDirectories C:\Program Files\dotnet\sdk\6.0.100-preview.5.21302.13\Extensions,C:\Program Files\dotnet\sdk\6.0.100-preview.5.21302.13
TpTrace Information: 0 : 14732, 1, 2022/01/21, 16:47:46.886, 6122669659581, vstest.console.dll, AssemblyResolver.OnResolve: Microsoft.Bcl.AsyncInterfaces: Resolving assembly.
TpTrace Information: 0 : 14732, 1, 2022/01/21, 16:47:46.886, 6122669660158, vstest.console.dll, AssemblyResolver.OnResolve: Microsoft.Bcl.AsyncInterfaces: Resolved from cache.
TpTrace Verbose: 0 : 14732, 1, 2022/01/21, 16:47:46.886, 6122669660569, vstest.console.dll, CurrentDomainAssemblyResolve: Resolving assembly 'Microsoft.Bcl.AsyncInterfaces'.
TpTrace Information: 0 : 14732, 1, 2022/01/21, 16:47:46.886, 6122669661120, vstest.console.dll, AssemblyResolver.OnResolve: Microsoft.Bcl.AsyncInterfaces: Resolving assembly.
TpTrace Information: 0 : 14732, 1, 2022/01/21, 16:47:46.887, 6122669661503, vstest.console.dll, AssemblyResolver.OnResolve: Microsoft.Bcl.AsyncInterfaces: Resolved from cache.
TpTrace Verbose: 0 : 14732, 1, 2022/01/21, 16:47:46.887, 6122669661875, vstest.console.dll, CurrentDomainAssemblyResolve: Resolving assembly 'Microsoft.Bcl.AsyncInterfaces'.
TpTrace Verbose: 0 : 14732, 1, 2022/01/21, 16:47:46.887, 6122669662270, vstest.console.dll, CurrentDomainAssemblyResolve: Failed to resolve assembly 'Microsoft.Bcl.AsyncInterfaces'.
TpTrace Verbose: 0 : 14732, 1, 2022/01/21, 16:47:46.887, 6122669664071, vstest.console.dll, CurrentDomainAssemblyResolve: Failed to resolve assembly 'Microsoft.Bcl.AsyncInterfaces'.
TpTrace Warning: 0 : 14732, 1, 2022/01/21, 16:47:46.887, 6122669668413, vstest.console.dll, TestPluginDiscoverer: Failed to get types from assembly 'Microsoft.Diagnostics.NETCore.Client, Version=0.2.2.41902, Culture=neutral, PublicKeyToken=31bf3856ad364e35'.  Skipping test extension scan for this assembly.  Error: System.Reflection.ReflectionTypeLoadException: Unable to load one or more of the requested types.
Could not load file or assembly 'Microsoft.Bcl.AsyncInterfaces, Version=1.0.0.0, Culture=neutral, PublicKeyToken=cc7b13ffcd2ddd51'. The system cannot find the file specified.
   at System.Reflection.RuntimeModule.GetTypes(RuntimeModule module)
   at System.Reflection.RuntimeModule.GetTypes() in System.Private.CoreLib.dll:token 0x6004ed8+0x0
   at System.Reflection.Assembly.GetTypes() in System.Private.CoreLib.dll:token 0x6004bed+0xe
   at Microsoft.VisualStudio.TestPlatform.Common.ExtensionFramework.TestPluginDiscoverer.GetTestExtensionsFromAssembly[TPluginInfo,TExtension](Assembly assembly, Dictionary`2 pluginInfos) in Microsoft.VisualStudio.TestPlatform.Common.dll:token 0x60001af+0x1a
System.IO.FileNotFoundException: Could not load file or assembly 'Microsoft.Bcl.AsyncInterfaces, Version=1.0.0.0, Culture=neutral, PublicKeyToken=cc7b13ffcd2ddd51'. The system cannot find the file specified.
File name: 'Microsoft.Bcl.AsyncInterfaces, Version=1.0.0.0, Culture=neutral, PublicKeyToken=cc7b13ffcd2ddd51'
 ---> System.IO.FileNotFoundException: Could not load file or assembly 'Microsoft.Bcl.AsyncInterfaces, Culture=neutral, PublicKeyToken=null'. The system cannot find the file specified.
File name: 'Microsoft.Bcl.AsyncInterfaces, Culture=neutral, PublicKeyToken=null'
   at System.Reflection.RuntimeAssembly.InternalLoad(ObjectHandleOnStack assemblyName, ObjectHandleOnStack requestingAssembly, StackCrawlMarkHandle stackMark, Boolean throwOnFileNotFound, ObjectHandleOnStack assemblyLoadContext, ObjectHandleOnStack retAssembly) in System.Private.CoreLib.dll:token 0x6004dec+0x8
   at System.Reflection.RuntimeAssembly.InternalLoad(AssemblyName assemblyName, RuntimeAssembly requestingAssembly, StackCrawlMark& stackMark, Boolean throwOnFileNotFound, AssemblyLoadContext assemblyLoadContext) in System.Private.CoreLib.dll:token 0x6004deb+0x16
   at System.Reflection.Assembly.Load(AssemblyName assemblyRef) in System.Private.CoreLib.dll:token 0x6004be2+0xe
   at Microsoft.VisualStudio.TestPlatform.Common.ExtensionFramework.TestPluginCache.CurrentDomainAssemblyResolve(Object sender, AssemblyResolveEventArgs args) in Microsoft.VisualStudio.TestPlatform.Common.dll:token 0x60001a9+0x64
   at Microsoft.VisualStudio.TestPlatform.PlatformAbstractions.PlatformAssemblyResolver.AssemblyResolverEvent(Object sender, Object eventArgs) in Microsoft.TestPlatform.PlatformAbstractions.dll:token 0x600004a+0x1c
   at System.Runtime.Loader.AssemblyLoadContext.GetFirstResolvedAssemblyFromResolvingEvent(AssemblyName assemblyName) in System.Private.CoreLib.dll:token 0x60035f8+0x24
   at System.Runtime.Loader.AssemblyLoadContext.ResolveUsingEvent(AssemblyName assemblyName) in System.Private.CoreLib.dll:token 0x60035fb+0x7
   at System.Runtime.Loader.AssemblyLoadContext.ResolveUsingResolvingEvent(IntPtr gchManagedAssemblyLoadContext, AssemblyName assemblyName) in System.Private.CoreLib.dll:token 0x60035bc+0x7
TpTrace Warning: 0 : 14732, 1, 2022/01/21, 16:47:46.887, 6122669670379, vstest.console.dll, LoaderExceptions: System.IO.FileNotFoundException: Could not load file or assembly 'Microsoft.Bcl.AsyncInterfaces, Version=1.0.0.0, Culture=neutral, PublicKeyToken=cc7b13ffcd2ddd51'. The system cannot find the file specified.
File name: 'Microsoft.Bcl.AsyncInterfaces, Version=1.0.0.0, Culture=neutral, PublicKeyToken=cc7b13ffcd2ddd51'
 ---> System.IO.FileNotFoundException: Could not load file or assembly 'Microsoft.Bcl.AsyncInterfaces, Culture=neutral, PublicKeyToken=null'. The system cannot find the file specified.
File name: 'Microsoft.Bcl.AsyncInterfaces, Culture=neutral, PublicKeyToken=null'
   at System.Reflection.RuntimeAssembly.InternalLoad(ObjectHandleOnStack assemblyName, ObjectHandleOnStack requestingAssembly, StackCrawlMarkHandle stackMark, Boolean throwOnFileNotFound, ObjectHandleOnStack assemblyLoadContext, ObjectHandleOnStack retAssembly) in System.Private.CoreLib.dll:token 0x6004dec+0x8
   at System.Reflection.RuntimeAssembly.InternalLoad(AssemblyName assemblyName, RuntimeAssembly requestingAssembly, StackCrawlMark& stackMark, Boolean throwOnFileNotFound, AssemblyLoadContext assemblyLoadContext) in System.Private.CoreLib.dll:token 0x6004deb+0x16
   at System.Reflection.Assembly.Load(AssemblyName assemblyRef) in System.Private.CoreLib.dll:token 0x6004be2+0xe
   at Microsoft.VisualStudio.TestPlatform.Common.ExtensionFramework.TestPluginCache.CurrentDomainAssemblyResolve(Object sender, AssemblyResolveEventArgs args) in Microsoft.VisualStudio.TestPlatform.Common.dll:token 0x60001a9+0x64
   at Microsoft.VisualStudio.TestPlatform.PlatformAbstractions.PlatformAssemblyResolver.AssemblyResolverEvent(Object sender, Object eventArgs) in Microsoft.TestPlatform.PlatformAbstractions.dll:token 0x600004a+0x1c
   at System.Runtime.Loader.AssemblyLoadContext.GetFirstResolvedAssemblyFromResolvingEvent(AssemblyName assemblyName) in System.Private.CoreLib.dll:token 0x60035f8+0x24
   at System.Runtime.Loader.AssemblyLoadContext.ResolveUsingEvent(AssemblyName assemblyName) in System.Private.CoreLib.dll:token 0x60035fb+0x7
   at System.Runtime.Loader.AssemblyLoadContext.ResolveUsingResolvingEvent(IntPtr gchManagedAssemblyLoadContext, AssemblyName assemblyName) in System.Private.CoreLib.dll:token 0x60035bc+0x7
TpTrace Verbose: 0 : 14732, 1, 2022/01/21, 16:47:46.888, 6122669674797, vstest.console.dll, TestPluginCache: Discovered the extensions using extension path ''.
TpTrace Verbose: 0 : 14732, 1, 2022/01/21, 16:47:46.888, 6122669675357, vstest.console.dll, TestPluginCache: Discoverers are ''.
TpTrace Verbose: 0 : 14732, 1, 2022/01/21, 16:47:46.888, 6122669675702, vstest.console.dll, TestPluginCache: Executors are ''.
TpTrace Verbose: 0 : 14732, 1, 2022/01/21, 16:47:46.888, 6122669676011, vstest.console.dll, TestPluginCache: Executors2 are ''.
TpTrace Verbose: 0 : 14732, 1, 2022/01/21, 16:47:46.888, 6122669676311, vstest.console.dll, TestPluginCache: Setting providers are ''.
TpTrace Verbose: 0 : 14732, 1, 2022/01/21, 16:47:46.888, 6122669677139, vstest.console.dll, TestPluginCache: Loggers are 'logger://Microsoft/TestPlatform/Extensions/Blame/v1,logger://Microsoft/TestPlatform/HtmlLogger/v1,logger://Microsoft/TestPlatform/TrxLogger/v1'.
TpTrace Information: 0 : 14732, 1, 2022/01/21, 16:47:46.889, 6122669684110, vstest.console.dll, TestPluginManager.CreateTestExtension: Attempting to load test extension: Microsoft.TestPlatform.Extensions.BlameDataCollector.BlameLogger
TpTrace Information: 0 : 14732, 1, 2022/01/21, 16:47:46.896, 6122669760147, vstest.console.dll, TestPluginManager.CreateTestExtension: Attempting to load test extension: Microsoft.VisualStudio.TestPlatform.CrossPlatEngine.Hosting.DefaultTestHostManager
TpTrace Information: 0 : 14732, 1, 2022/01/21, 16:47:46.897, 6122669763884, vstest.console.dll, TestPluginManager.CreateTestExtension: Attempting to load test extension: Microsoft.VisualStudio.TestPlatform.CrossPlatEngine.Hosting.DotnetTestHostManager
TpTrace Verbose: 0 : 14732, 1, 2022/01/21, 16:47:46.897, 6122669770204, vstest.console.dll, TestEngine: Initializing Parallel Execution as MaxCpuCount is set to: 1
TpTrace Information: 0 : 14732, 1, 2022/01/21, 16:47:46.898, 6122669779970, vstest.console.dll, InferRunSettingsHelper.IsTestSettingsEnabled: Unable to navigate to RunSettings/MSTest. Current node: RunSettings
TpTrace Verbose: 0 : 14732, 1, 2022/01/21, 16:47:46.918, 6122669974516, vstest.console.dll, TestRequestSender is acting as server
TpTrace Verbose: 0 : 14732, 5, 2022/01/21, 16:47:46.924, 6122670039549, vstest.console.dll, DataCollectionRequestSender.InitializeCommunication : Initialize communication. 
TpTrace Information: 0 : 14732, 5, 2022/01/21, 16:47:46.935, 6122670144080, vstest.console.dll, Listening on Endpoint : 127.0.0.1:28001
TpTrace Verbose: 0 : 14732, 5, 2022/01/21, 16:47:46.954, 6122670332107, vstest.console.dll, DotnetDataCollectionLauncher: Full path of dotnet.exe is C:\Program Files\dotnet\dotnet.exe
TpTrace Verbose: 0 : 14732, 5, 2022/01/21, 16:47:46.954, 6122670337032, vstest.console.dll, DotnetDataCollectionLauncher: Adding  --runtimeconfig "C:\Program Files\dotnet\sdk\6.0.100-preview.5.21302.13\datacollector.runtimeconfig.json" in args
TpTrace Verbose: 0 : 14732, 5, 2022/01/21, 16:47:46.954, 6122670338471, vstest.console.dll, DotnetDataCollectionLauncher: Adding  --depsfile "C:\Program Files\dotnet\sdk\6.0.100-preview.5.21302.13\datacollector.deps.json" in args
TpTrace Information: 0 : 14732, 5, 2022/01/21, 16:47:46.978, 6122670574304, vstest.console.dll, ProxyDataCollectionManager.Initialize: Launched datacollector processId: 21640 port: 28001
TpTrace Information: 0 : 14732, 5, 2022/01/21, 16:47:46.978, 6122670576947, vstest.console.dll, ProxyDataCollectionManager.Initialize: waiting for connection with timeout: 90 seconds
TpTrace Verbose: 0 : 14732, 5, 2022/01/21, 16:47:46.978, 6122670578028, vstest.console.dll, DataCollectionRequestSender.WaitForRequestHandlerConnection : Waiting for connection with timeout: 90000
TpTrace Information: 0 : 14732, 8, 2022/01/21, 16:47:47.447, 6122675263205, vstest.console.dll, Using the buffer size of 16384 bytes
TpTrace Verbose: 0 : 14732, 5, 2022/01/21, 16:47:47.447, 6122675264102, vstest.console.dll, ProxyDataCollectionManager.InvokeDataCollectionServiceAction: Starting.
TpTrace Information: 0 : 14732, 8, 2022/01/21, 16:47:47.447, 6122675264924, vstest.console.dll, Accepted Client request and set the flag
TpTrace Information: 0 : 14732, 5, 2022/01/21, 16:47:47.447, 6122675266487, vstest.console.dll, ProxyDataCollectionManager.BeforeTestRunStart: Get environment variable and port for datacollector processId: 21640 port: 28001
TpTrace Verbose: 0 : 14732, 5, 2022/01/21, 16:47:47.447, 6122675268340, vstest.console.dll, DataCollectionRequestSender.SendBeforeTestRunStartAndGetResult : Send BeforeTestRunStart message with settingsXml <RunSettings><RunConfiguration><ResultsDirectory>C:\sitcs\Projects\Azure.Services.Interaction\Azure.Services.Interaction.Storage.Test\bin\Debug\net5.0\fine-code-coverage\coverage-tool-output</ResultsDirectory><TargetPlatform>X64</TargetPlatform><TargetFrameworkVersion>.NETCoreApp,Version=v5.0</TargetFrameworkVersion><DesignMode>False</DesignMode><CollectSourceInformation>False</CollectSourceInformation><TestAdaptersPaths>C:\Program Files\dotnet\sdk\6.0.100-preview.5.21302.13\Extensions</TestAdaptersPaths></RunConfiguration><LoggerRunSettings><Loggers><Logger friendlyName="blame" enabled="True" /><Logger friendlyName="Console" uri="logger://microsoft/TestPlatform/ConsoleLogger/v1" assemblyQualifiedName="Microsoft.VisualStudio.TestPlatform.CommandLine.Internal.ConsoleLogger, vstest.console, Version=15.0.0.0, Culture=neutral, PublicKeyToken=b03f5f7f11d50a3a" codeBase="C:\Program Files\dotnet\sdk\6.0.100-preview.5.21302.13\vstest.console.dll" enabled="True" /></Loggers></LoggerRunSettings><DataCollectionRunSettings><DataCollectors><DataCollector friendlyName="blame" enabled="True"><Configuration><ResultsDirectory>C:\sitcs\Projects\Azure.Services.Interaction\Azure.Services.Interaction.Storage.Test\bin\Debug\net5.0\fine-code-coverage\coverage-tool-output</ResultsDirectory></Configuration></DataCollector></DataCollectors></DataCollectionRunSettings></RunSettings> and sources System.Linq.Enumerable+Concat2Iterator`1[System.String]: 
TpTrace Verbose: 0 : 14732, 5, 2022/01/21, 16:47:47.642, 6122677217575, vstest.console.dll, DataCollectionRequestSender.SendBeforeTestRunStartAndGetResult : Received message: (DataCollection.SendMessage) -> {
  "FriendlyName": null,
  "Uri": null,
  "TestCaseId": "00000000-0000-0000-0000-000000000000",
  "Message": "Logging DataCollector Diagnostics in file: C:\\sitcs\\Projects\\Azure.Services.Interaction\\Azure.Services.Interaction.Storage.Test\\bin\\Debug\\net5.0\\fine-code-coverage\\coverage-tool-output\\diagnostics.datacollector.22-01-21_16-47-46_94933_5.log",
  "Level": 0
}
TpTrace Verbose: 0 : 14732, 5, 2022/01/21, 16:47:47.812, 6122678920931, vstest.console.dll, DataCollectionRequestSender.SendBeforeTestRunStartAndGetResult : Received message: (DataCollection.BeforeTestRunStartResult) -> {
  "EnvironmentVariables": {},
  "DataCollectionEventsPort": 28003
}
TpTrace Information: 0 : 14732, 5, 2022/01/21, 16:47:47.818, 6122678974645, vstest.console.dll, ProxyDataCollectionManager.BeforeTestRunStart: SendBeforeTestRunStartAndGetResult successful, env variable from datacollector:   and testhost port: 28003
TpTrace Information: 0 : 14732, 5, 2022/01/21, 16:47:47.818, 6122678975873, vstest.console.dll, ProxyDataCollectionManager.InvokeDataCollectionServiceAction: Completed.
TpTrace Verbose: 0 : 14732, 1, 2022/01/21, 16:47:47.818, 6122678977597, vstest.console.dll, TestRunRequest.ExecuteAsync: Creating test run request.
TpTrace Verbose: 0 : 14732, 1, 2022/01/21, 16:47:47.819, 6122678982102, vstest.console.dll, TestRunRequest.ExecuteAsync: Starting.
TpTrace Information: 0 : 14732, 1, 2022/01/21, 16:47:47.819, 6122678989721, vstest.console.dll, TestRunRequest.ExecuteAsync: Starting run with settings:TestRunCriteria:
   KeepAlive=False,FrequencyOfRunStatsChangeEvent=10,RunStatsChangeEventTimeout=00:00:01.5000000,TestCaseFilter=,TestExecutorLauncher=
   Settingsxml=<RunSettings>
  <RunConfiguration>
    <ResultsDirectory>C:\sitcs\Projects\Azure.Services.Interaction\Azure.Services.Interaction.Storage.Test\bin\Debug\net5.0\fine-code-coverage\coverage-tool-output</ResultsDirectory>
    <TargetPlatform>X64</TargetPlatform>
    <TargetFrameworkVersion>.NETCoreApp,Version=v5.0</TargetFrameworkVersion>
    <DesignMode>False</DesignMode>
    <CollectSourceInformation>False</CollectSourceInformation>
  </RunConfiguration>
  <LoggerRunSettings>
    <Loggers>
      <Logger friendlyName="blame" enabled="True" />
      <Logger friendlyName="Console" uri="logger://microsoft/TestPlatform/ConsoleLogger/v1" assemblyQualifiedName="Microsoft.VisualStudio.TestPlatform.CommandLine.Internal.ConsoleLogger, vstest.console, Version=15.0.0.0, Culture=neutral, PublicKeyToken=b03f5f7f11d50a3a" codeBase="C:\Program Files\dotnet\sdk\6.0.100-preview.5.21302.13\vstest.console.dll" enabled="True" />
    </Loggers>
  </LoggerRunSettings>
  <DataCollectionRunSettings>
    <DataCollectors>
      <DataCollector friendlyName="blame" enabled="True">
        <Configuration>
          <ResultsDirectory>C:\sitcs\Projects\Azure.Services.Interaction\Azure.Services.Interaction.Storage.Test\bin\Debug\net5.0\fine-code-coverage\coverage-tool-output</ResultsDirectory>
        </Configuration>
      </DataCollector>
    </DataCollectors>
  </DataCollectionRunSettings>
</RunSettings>

TpTrace Verbose: 0 : 14732, 1, 2022/01/21, 16:47:47.820, 6122678992510, vstest.console.dll, TestRunRequest.ExecuteAsync: Wait for the first run request is over.
TpTrace Verbose: 0 : 14732, 1, 2022/01/21, 16:47:47.820, 6122679000819, vstest.console.dll, ParallelProxyExecutionManager: Start execution. Total sources: 1
TpTrace Information: 0 : 14732, 1, 2022/01/21, 16:47:47.822, 6122679011592, vstest.console.dll, ProxyParallelExecutionManager: Triggering test run for next source: C:\sitcs\Projects\Azure.Services.Interaction\Azure.Services.Interaction.Storage.Test\bin\Debug\net5.0\fine-code-coverage\build-output\Azure.Services.Interaction.Storage.Test.dll
TpTrace Verbose: 0 : 14732, 5, 2022/01/21, 16:47:47.822, 6122679014386, vstest.console.dll, ParallelProxyExecutionManager: Execution started. Started clients: 1
TpTrace Verbose: 0 : 14732, 1, 2022/01/21, 16:47:47.822, 6122679015131, vstest.console.dll, ProxyParallelExecutionManager: No sources available for execution.
TpTrace Information: 0 : 14732, 1, 2022/01/21, 16:47:47.822, 6122679016299, vstest.console.dll, TestRunRequest.ExecuteAsync: Started.
TpTrace Verbose: 0 : 14732, 1, 2022/01/21, 16:47:47.822, 6122679017763, vstest.console.dll, TestRunRequest.WaitForCompletion: Waiting with timeout -1.
TpTrace Verbose: 0 : 14732, 5, 2022/01/21, 16:47:47.822, 6122679019795, vstest.console.dll, TestRunRequest:SendTestRunMessage: Starting.
TpTrace Information: 0 : 14732, 5, 2022/01/21, 16:47:47.822, 6122679021173, vstest.console.dll, TestRunRequest:SendTestRunMessage: Completed.
TpTrace Verbose: 0 : 14732, 5, 2022/01/21, 16:47:47.823, 6122679024391, vstest.console.dll, ProxyExecutionManager: Test host is always Lazy initialize.
TpTrace Verbose: 0 : 14732, 5, 2022/01/21, 16:47:47.823, 6122679028199, vstest.console.dll, TestRequestSender.InitializeCommunication: initialize communication. 
TpTrace Information: 0 : 14732, 5, 2022/01/21, 16:47:47.824, 6122679037085, vstest.console.dll, SocketServer.Start: Listening on endpoint : 127.0.0.1:28004
TpTrace Verbose: 0 : 14732, 5, 2022/01/21, 16:47:47.825, 6122679046178, vstest.console.dll, DotnetTestHostmanager: Adding  --runtimeconfig "C:\sitcs\Projects\Azure.Services.Interaction\Azure.Services.Interaction.Storage.Test\bin\Debug\net5.0\fine-code-coverage\build-output\Azure.Services.Interaction.Storage.Test.runtimeconfig.json" in args
TpTrace Verbose: 0 : 14732, 5, 2022/01/21, 16:47:47.825, 6122679047470, vstest.console.dll, DotnetTestHostmanager: Adding  --depsfile "C:\sitcs\Projects\Azure.Services.Interaction\Azure.Services.Interaction.Storage.Test\bin\Debug\net5.0\fine-code-coverage\build-output\Azure.Services.Interaction.Storage.Test.deps.json" in args
TpTrace Verbose: 0 : 14732, 5, 2022/01/21, 16:47:47.825, 6122679050174, vstest.console.dll, DotnetTestHostManager: Testhost.exe/testhost.x86.exe found at path: C:\sitcs\Projects\Azure.Services.Interaction\Azure.Services.Interaction.Storage.Test\bin\Debug\net5.0\fine-code-coverage\build-output\testhost.exe
TpTrace Verbose: 0 : 14732, 5, 2022/01/21, 16:47:47.825, 6122679050836, vstest.console.dll, DotnetTestHostmanager: Full path of host exe is C:\sitcs\Projects\Azure.Services.Interaction\Azure.Services.Interaction.Storage.Test\bin\Debug\net5.0\fine-code-coverage\build-output\testhost.exe
TpTrace Verbose: 0 : 14732, 11, 2022/01/21, 16:47:47.827, 6122679061709, vstest.console.dll, DotnetTestHostManager: Starting process 'C:\sitcs\Projects\Azure.Services.Interaction\Azure.Services.Interaction.Storage.Test\bin\Debug\net5.0\fine-code-coverage\build-output\testhost.exe' with command line ' --runtimeconfig "C:\sitcs\Projects\Azure.Services.Interaction\Azure.Services.Interaction.Storage.Test\bin\Debug\net5.0\fine-code-coverage\build-output\Azure.Services.Interaction.Storage.Test.runtimeconfig.json" --depsfile "C:\sitcs\Projects\Azure.Services.Interaction\Azure.Services.Interaction.Storage.Test\bin\Debug\net5.0\fine-code-coverage\build-output\Azure.Services.Interaction.Storage.Test.deps.json" --port 28004 --endpoint 127.0.0.1:028004 --role client --parentprocessid 14732 --diag "C:\sitcs\Projects\Azure.Services.Interaction\Azure.Services.Interaction.Storage.Test\bin\Debug\net5.0\fine-code-coverage\coverage-tool-output\diagnostics.host.22-01-21_16-47-47_82501_5.log" --tracelevel 4 --datacollectionport 28003 --telemetryoptedin false'
TpTrace Verbose: 0 : 14732, 11, 2022/01/21, 16:47:47.834, 6122679133792, vstest.console.dll, Test Runtime launched
TpTrace Verbose: 0 : 14732, 5, 2022/01/21, 16:47:47.835, 6122679145305, vstest.console.dll, TestRequestSender.WaitForRequestHandlerConnection: waiting for connection with timeout: 90000
TpTrace Verbose: 0 : 14732, 10, 2022/01/21, 16:47:48.416, 6122684955958, vstest.console.dll, SocketServer.OnClientConnected: Client connected for endPoint: 127.0.0.1:28004, starting MessageLoopAsync:
TpTrace Verbose: 0 : 14732, 10, 2022/01/21, 16:47:48.416, 6122684959487, vstest.console.dll, TcpClientExtensions.MessageLoopAsync: Polling on remoteEndPoint: 127.0.0.1:28005 localEndPoint: 127.0.0.1:28004
TpTrace Verbose: 0 : 14732, 10, 2022/01/21, 16:47:48.862, 6122689419050, vstest.console.dll, TcpClientExtensions.MessageLoopAsync: NotifyDataAvailable remoteEndPoint: 127.0.0.1:28005 localEndPoint: 127.0.0.1:28004
TpTrace Verbose: 0 : 14732, 10, 2022/01/21, 16:47:48.863, 6122689422042, vstest.console.dll, TestRequestSender.CheckVersionWithTestHost: onMessageReceived received message: (ProtocolVersion) -> 5
TpTrace Verbose: 0 : 14732, 10, 2022/01/21, 16:47:48.863, 6122689428713, vstest.console.dll, TcpClientExtensions.MessageLoopAsync: Polling on remoteEndPoint: 127.0.0.1:28005 localEndPoint: 127.0.0.1:28004
TpTrace Verbose: 0 : 14732, 5, 2022/01/21, 16:47:48.863, 6122689429771, vstest.console.dll, TestPluginCache.GetExtensionPaths: Filtered extension paths: 
TpTrace Verbose: 0 : 14732, 5, 2022/01/21, 16:47:48.863, 6122689430583, vstest.console.dll, TestPluginCache.GetExtensionPaths: Added default extension paths: C:\Program Files\dotnet\sdk\6.0.100-preview.5.21302.13\Extensions\Microsoft.Diagnostics.NETCore.Client.dll
C:\Program Files\dotnet\sdk\6.0.100-preview.5.21302.13\Extensions\Microsoft.TestPlatform.Extensions.BlameDataCollector.dll
C:\Program Files\dotnet\sdk\6.0.100-preview.5.21302.13\Extensions\Microsoft.TestPlatform.Extensions.EventLogCollector.dll
C:\Program Files\dotnet\sdk\6.0.100-preview.5.21302.13\Extensions\Microsoft.TestPlatform.TestHostRuntimeProvider.dll
C:\Program Files\dotnet\sdk\6.0.100-preview.5.21302.13\Extensions\Microsoft.VisualStudio.TestPlatform.Extensions.Html.TestLogger.dll
C:\Program Files\dotnet\sdk\6.0.100-preview.5.21302.13\Extensions\Microsoft.VisualStudio.TestPlatform.Extensions.Trx.TestLogger.dll
TpTrace Verbose: 0 : 14732, 5, 2022/01/21, 16:47:48.864, 6122689431333, vstest.console.dll, TestPluginCache.GetExtensionPaths: Added unfilterableExtensionPaths: 
TpTrace Verbose: 0 : 14732, 5, 2022/01/21, 16:47:48.868, 6122689472962, vstest.console.dll, TestRequestSender.InitializeExecution: Sending initializing execution with message: {"Version":5,"MessageType":"TestExecution.Initialize","Payload":["C:\\sitcs\\Projects\\Azure.Services.Interaction\\Azure.Services.Interaction.Storage.Test\\bin\\Debug\\net5.0\\fine-code-coverage\\build-output\\xunit.runner.visualstudio.dotnetcore.testadapter.dll"]}
TpTrace Verbose: 0 : 14732, 10, 2022/01/21, 16:47:48.878, 6122689578400, vstest.console.dll, TcpClientExtensions.MessageLoopAsync: NotifyDataAvailable remoteEndPoint: 127.0.0.1:28005 localEndPoint: 127.0.0.1:28004
TpTrace Verbose: 0 : 14732, 10, 2022/01/21, 16:47:48.878, 6122689580656, vstest.console.dll, TestRequestSender.OnExecutionMessageReceived: Received message: {"Version":5,"MessageType":"TestSession.Message","Payload":{"MessageLevel":0,"Message":"Logging TestHost Diagnostics in file: C:\\sitcs\\Projects\\Azure.Services.Interaction\\Azure.Services.Interaction.Storage.Test\\bin\\Debug\\net5.0\\fine-code-coverage\\coverage-tool-output\\diagnostics.host.22-01-21_16-47-47_82501_5.log"}}
TpTrace Verbose: 0 : 14732, 10, 2022/01/21, 16:47:48.881, 6122689610778, vstest.console.dll, TestRunRequest:SendTestRunMessage: Starting.
TpTrace Verbose: 0 : 14732, 5, 2022/01/21, 16:47:48.881, 6122689611070, vstest.console.dll, TestRequestSender.StartTestRun: Sending test run with message: {"Version":5,"MessageType":"TestExecution.StartWithSources","Payload":{"AdapterSourceMap":{"_none_":["C:\\sitcs\\Projects\\Azure.Services.Interaction\\Azure.Services.Interaction.Storage.Test\\bin\\Debug\\net5.0\\fine-code-coverage\\build-output\\Azure.Services.Interaction.Storage.Test.dll"]},"RunSettings":"<RunSettings>\r\n  <RunConfiguration>\r\n    <ResultsDirectory>C:\\sitcs\\Projects\\Azure.Services.Interaction\\Azure.Services.Interaction.Storage.Test\\bin\\Debug\\net5.0\\fine-code-coverage\\coverage-tool-output</ResultsDirectory>\r\n    <TargetPlatform>X64</TargetPlatform>\r\n    <TargetFrameworkVersion>.NETCoreApp,Version=v5.0</TargetFrameworkVersion>\r\n    <DesignMode>False</DesignMode>\r\n    <CollectSourceInformation>False</CollectSourceInformation>\r\n  </RunConfiguration>\r\n  <LoggerRunSettings>\r\n    <Loggers>\r\n      <Logger friendlyName=\"blame\" enabled=\"True\" />\r\n      <Logger friendlyName=\"Console\" uri=\"logger://microsoft/TestPlatform/ConsoleLogger/v1\" assemblyQualifiedName=\"Microsoft.VisualStudio.TestPlatform.CommandLine.Internal.ConsoleLogger, vstest.console, Version=15.0.0.0, Culture=neutral, PublicKeyToken=b03f5f7f11d50a3a\" codeBase=\"C:\\Program Files\\dotnet\\sdk\\6.0.100-preview.5.21302.13\\vstest.console.dll\" enabled=\"True\" />\r\n    </Loggers>\r\n  </LoggerRunSettings>\r\n  <DataCollectionRunSettings>\r\n    <DataCollectors>\r\n      <DataCollector friendlyName=\"blame\" enabled=\"True\">\r\n        <Configuration>\r\n          <ResultsDirectory>C:\\sitcs\\Projects\\Azure.Services.Interaction\\Azure.Services.Interaction.Storage.Test\\bin\\Debug\\net5.0\\fine-code-coverage\\coverage-tool-output</ResultsDirectory>\r\n        </Configuration>\r\n      </DataCollector>\r\n    </DataCollectors>\r\n  </DataCollectionRunSettings>\r\n</RunSettings>","TestExecutionContext":{"FrequencyOfRunStatsChangeEvent":10,"RunStatsChangeEventTimeout":"00:00:01.5000000","InIsolation":false,"KeepAlive":false,"AreTestCaseLevelEventsRequired":false,"IsDebug":false,"TestCaseFilter":null,"FilterOptions":null},"Package":null}}
TpTrace Information: 0 : 14732, 10, 2022/01/21, 16:47:48.882, 6122689612813, vstest.console.dll, TestRunRequest:SendTestRunMessage: Completed.
TpTrace Verbose: 0 : 14732, 10, 2022/01/21, 16:47:48.882, 6122689613650, vstest.console.dll, TcpClientExtensions.MessageLoopAsync: Polling on remoteEndPoint: 127.0.0.1:28005 localEndPoint: 127.0.0.1:28004
TpTrace Verbose: 0 : 14732, 10, 2022/01/21, 16:47:49.136, 6122692154881, vstest.console.dll, TcpClientExtensions.MessageLoopAsync: NotifyDataAvailable remoteEndPoint: 127.0.0.1:28005 localEndPoint: 127.0.0.1:28004
TpTrace Verbose: 0 : 14732, 10, 2022/01/21, 16:47:49.136, 6122692156454, vstest.console.dll, TestRequestSender.OnExecutionMessageReceived: Received message: {"Version":5,"MessageType":"TestSession.Message","Payload":{"MessageLevel":0,"Message":"[xUnit.net 00:00:00.00] xUnit.net VSTest Adapter v2.4.3+1b45f5407b (64-bit .NET 5.0.10)"}}
TpTrace Verbose: 0 : 14732, 10, 2022/01/21, 16:47:49.136, 6122692160119, vstest.console.dll, TestRunRequest:SendTestRunMessage: Starting.
TpTrace Information: 0 : 14732, 10, 2022/01/21, 16:47:49.136, 6122692161129, vstest.console.dll, TestRunRequest:SendTestRunMessage: Completed.
TpTrace Verbose: 0 : 14732, 10, 2022/01/21, 16:47:49.137, 6122692161755, vstest.console.dll, TcpClientExtensions.MessageLoopAsync: Polling on remoteEndPoint: 127.0.0.1:28005 localEndPoint: 127.0.0.1:28004
TpTrace Verbose: 0 : 14732, 10, 2022/01/21, 16:47:50.148, 6122702277779, vstest.console.dll, TcpClientExtensions.MessageLoopAsync: Polling on remoteEndPoint: 127.0.0.1:28005 localEndPoint: 127.0.0.1:28004
TpTrace Verbose: 0 : 14732, 10, 2022/01/21, 16:47:50.331, 6122704106938, vstest.console.dll, TcpClientExtensions.MessageLoopAsync: NotifyDataAvailable remoteEndPoint: 127.0.0.1:28005 localEndPoint: 127.0.0.1:28004
TpTrace Verbose: 0 : 14732, 10, 2022/01/21, 16:47:50.331, 6122704108633, vstest.console.dll, TestRequestSender.OnExecutionMessageReceived: Received message: {"Version":5,"MessageType":"TestSession.Message","Payload":{"MessageLevel":0,"Message":"[xUnit.net 00:00:01.21]   Discovering: Azure.Services.Interaction.Storage.Test"}}
TpTrace Verbose: 0 : 14732, 10, 2022/01/21, 16:47:50.332, 6122704111871, vstest.console.dll, TestRunRequest:SendTestRunMessage: Starting.
TpTrace Information: 0 : 14732, 10, 2022/01/21, 16:47:50.332, 6122704112985, vstest.console.dll, TestRunRequest:SendTestRunMessage: Completed.
TpTrace Verbose: 0 : 14732, 10, 2022/01/21, 16:47:50.332, 6122704113726, vstest.console.dll, TcpClientExtensions.MessageLoopAsync: Polling on remoteEndPoint: 127.0.0.1:28005 localEndPoint: 127.0.0.1:28004
TpTrace Verbose: 0 : 14732, 10, 2022/01/21, 16:47:50.409, 6122704886007, vstest.console.dll, TcpClientExtensions.MessageLoopAsync: NotifyDataAvailable remoteEndPoint: 127.0.0.1:28005 localEndPoint: 127.0.0.1:28004
TpTrace Verbose: 0 : 14732, 10, 2022/01/21, 16:47:50.409, 6122704887712, vstest.console.dll, TestRequestSender.OnExecutionMessageReceived: Received message: {"Version":5,"MessageType":"TestSession.Message","Payload":{"MessageLevel":0,"Message":"[xUnit.net 00:00:01.29]   Discovered:  Azure.Services.Interaction.Storage.Test"}}
TpTrace Verbose: 0 : 14732, 10, 2022/01/21, 16:47:50.409, 6122704890022, vstest.console.dll, TestRunRequest:SendTestRunMessage: Starting.
TpTrace Information: 0 : 14732, 10, 2022/01/21, 16:47:50.409, 6122704891052, vstest.console.dll, TestRunRequest:SendTestRunMessage: Completed.
TpTrace Verbose: 0 : 14732, 10, 2022/01/21, 16:47:50.410, 6122704891688, vstest.console.dll, TcpClientExtensions.MessageLoopAsync: Polling on remoteEndPoint: 127.0.0.1:28005 localEndPoint: 127.0.0.1:28004
TpTrace Verbose: 0 : 14732, 10, 2022/01/21, 16:47:50.415, 6122704947355, vstest.console.dll, TcpClientExtensions.MessageLoopAsync: NotifyDataAvailable remoteEndPoint: 127.0.0.1:28005 localEndPoint: 127.0.0.1:28004
TpTrace Verbose: 0 : 14732, 10, 2022/01/21, 16:47:50.415, 6122704949070, vstest.console.dll, TestRequestSender.OnExecutionMessageReceived: Received message: {"Version":5,"MessageType":"TestSession.Message","Payload":{"MessageLevel":0,"Message":"[xUnit.net 00:00:01.29]   Starting:    Azure.Services.Interaction.Storage.Test"}}
TpTrace Verbose: 0 : 14732, 10, 2022/01/21, 16:47:50.416, 6122704951552, vstest.console.dll, TestRunRequest:SendTestRunMessage: Starting.
TpTrace Information: 0 : 14732, 10, 2022/01/21, 16:47:50.416, 6122704952539, vstest.console.dll, TestRunRequest:SendTestRunMessage: Completed.
TpTrace Verbose: 0 : 14732, 10, 2022/01/21, 16:47:50.416, 6122704954327, vstest.console.dll, TcpClientExtensions.MessageLoopAsync: Polling on remoteEndPoint: 127.0.0.1:28005 localEndPoint: 127.0.0.1:28004
TpTrace Verbose: 0 : 14732, 10, 2022/01/21, 16:47:50.584, 6122706631625, vstest.console.dll, TcpClientExtensions.MessageLoopAsync: NotifyDataAvailable remoteEndPoint: 127.0.0.1:28005 localEndPoint: 127.0.0.1:28004
TpTrace Verbose: 0 : 14732, 10, 2022/01/21, 16:47:50.584, 6122706634323, vstest.console.dll, TestRequestSender.OnExecutionMessageReceived: Received message: {"Version":5,"MessageType":"TestExecution.StatsChange","Payload":{"NewTestResults":[],"TestRunStatistics":{"ExecutedTests":0,"Stats":{}},"ActiveTests":[{"Id":"2af61f0a-3e74-0c44-71df-23e05f4e0822","FullyQualifiedName":"Azure.Services.Interaction.Storage.Test.AzureTableStorageServiceTest.Store_Table_Information_Successfully","DisplayName":"Azure.Services.Interaction.Storage.Test.AzureTableStorageServiceTest.Store_Table_Information_Successfully","ExecutorUri":"executor://xunit/VsTestRunner2/netcoreapp","Source":"C:\\sitcs\\Projects\\Azure.Services.Interaction\\Azure.Services.Interaction.Storage.Test\\bin\\Debug\\net5.0\\fine-code-coverage\\build-output\\Azure.Services.Interaction.Storage.Test.dll","CodeFilePath":null,"LineNumber":0,"Properties":[]}]}}
TpTrace Verbose: 0 : 14732, 10, 2022/01/21, 16:47:50.608, 6122706871502, vstest.console.dll, TestRunRequest:SendTestRunStatsChange: Starting.
TpTrace Verbose: 0 : 14732, 10, 2022/01/21, 16:47:50.608, 6122706873450, vstest.console.dll, InProgress is Azure.Services.Interaction.Storage.Test.AzureTableStorageServiceTest.Store_Table_Information_Successfully
TpTrace Information: 0 : 14732, 10, 2022/01/21, 16:47:50.608, 6122706874995, vstest.console.dll, TestRunRequest:SendTestRunStatsChange: Completed.
TpTrace Verbose: 0 : 14732, 10, 2022/01/21, 16:47:50.608, 6122706875692, vstest.console.dll, TcpClientExtensions.MessageLoopAsync: Polling on remoteEndPoint: 127.0.0.1:28005 localEndPoint: 127.0.0.1:28004
TpTrace Verbose: 0 : 14732, 10, 2022/01/21, 16:47:51.482, 6122715611302, vstest.console.dll, TcpClientExtensions.MessageLoopAsync: NotifyDataAvailable remoteEndPoint: 127.0.0.1:28005 localEndPoint: 127.0.0.1:28004
TpTrace Verbose: 0 : 14732, 10, 2022/01/21, 16:47:51.482, 6122715613062, vstest.console.dll, TestRequestSender.OnExecutionMessageReceived: Received message: {"Version":5,"MessageType":"TestSession.Message","Payload":{"MessageLevel":0,"Message":"[xUnit.net 00:00:02.36]   Finished:    Azure.Services.Interaction.Storage.Test"}}
TpTrace Verbose: 0 : 14732, 10, 2022/01/21, 16:47:51.482, 6122715615360, vstest.console.dll, TestRunRequest:SendTestRunMessage: Starting.
TpTrace Information: 0 : 14732, 10, 2022/01/21, 16:47:51.482, 6122715616295, vstest.console.dll, TestRunRequest:SendTestRunMessage: Completed.
TpTrace Verbose: 0 : 14732, 10, 2022/01/21, 16:47:51.482, 6122715617016, vstest.console.dll, TcpClientExtensions.MessageLoopAsync: Polling on remoteEndPoint: 127.0.0.1:28005 localEndPoint: 127.0.0.1:28004
TpTrace Verbose: 0 : 14732, 10, 2022/01/21, 16:47:51.545, 6122716249013, vstest.console.dll, TcpClientExtensions.MessageLoopAsync: NotifyDataAvailable remoteEndPoint: 127.0.0.1:28005 localEndPoint: 127.0.0.1:28004
TpTrace Verbose: 0 : 14732, 10, 2022/01/21, 16:47:51.546, 6122716252401, vstest.console.dll, TestRequestSender.OnExecutionMessageReceived: Received message: {"Version":5,"MessageType":"TestExecution.Completed","Payload":{"TestRunCompleteArgs":{"TestRunStatistics":{"ExecutedTests":7,"Stats":{"Passed":7}},"IsCanceled":false,"IsAborted":false,"Error":null,"AttachmentSets":[],"ElapsedTimeInRunningTests":"00:00:02.3831153","Metrics":{}},"LastRunTests":{"NewTestResults":[{"TestCase":{"Id":"2af61f0a-3e74-0c44-71df-23e05f4e0822","FullyQualifiedName":"Azure.Services.Interaction.Storage.Test.AzureTableStorageServiceTest.Store_Table_Information_Successfully","DisplayName":"Azure.Services.Interaction.Storage.Test.AzureTableStorageServiceTest.Store_Table_Information_Successfully","ExecutorUri":"executor://xunit/VsTestRunner2/netcoreapp","Source":"C:\\sitcs\\Projects\\Azure.Services.Interaction\\Azure.Services.Interaction.Storage.Test\\bin\\Debug\\net5.0\\fine-code-coverage\\build-output\\Azure.Services.Interaction.Storage.Test.dll","CodeFilePath":null,"LineNumber":0,"Properties":[]},"Attachments":[],"Outcome":1,"ErrorMessage":null,"ErrorStackTrace":null,"DisplayName":"Azure.Services.Interaction.Storage.Test.AzureTableStorageServiceTest.Store_Table_Information_Successfully","Messages":[],"ComputerName":"DESKTOP-TASVHQI","Duration":"00:00:00.7502837","StartTime":"2022-01-21T20:47:51.3185137+00:00","EndTime":"2022-01-21T20:47:51.3185708+00:00","Properties":[]},{"TestCase":{"Id":"727cfc82-e175-8f89-e0a9-5746f60371b5","FullyQualifiedName":"Azure.Services.Interaction.Storage.Test.AzureTableStorageServiceTest.Delete_Table_Information_Successfully","DisplayName":"Azure.Services.Interaction.Storage.Test.AzureTableStorageServiceTest.Delete_Table_Information_Successfully","ExecutorUri":"executor://xunit/VsTestRunner2/netcoreapp","Source":"C:\\sitcs\\Projects\\Azure.Services.Interaction\\Azure.Services.Interaction.Storage.Test\\bin\\Debug\\net5.0\\fine-code-coverage\\build-output\\Azure.Services.Interaction.Storage.Test.dll","CodeFilePath":null,"LineNumber":0,"Properties":[]},"Attachments":[],"Outcome":1,"ErrorMessage":null,"ErrorStackTrace":null,"DisplayName":"Azure.Services.Interaction.Storage.Test.AzureTableStorageServiceTest.Delete_Table_Information_Successfully","Messages":[],"ComputerName":"DESKTOP-TASVHQI","Duration":"00:00:00.0587390","StartTime":"2022-01-21T20:47:51.3806212+00:00","EndTime":"2022-01-21T20:47:51.3806238+00:00","Properties":[]},{"TestCase":{"Id":"6856457d-cc87-a406-fc7e-4e239b81ff78","FullyQualifiedName":"Azure.Services.Interaction.Storage.Test.AzureTableStorageServiceTest.Get_Table_Information_Successfully","DisplayName":"Azure.Services.Interaction.Storage.Test.AzureTableStorageServiceTest.Get_Table_Information_Successfully","ExecutorUri":"executor://xunit/VsTestRunner2/netcoreapp","Source":"C:\\sitcs\\Projects\\Azure.Services.Interaction\\Azure.Services.Interaction.Storage.Test\\bin\\Debug\\net5.0\\fine-code-coverage\\build-output\\Azure.Services.Interaction.Storage.Test.dll","CodeFilePath":null,"LineNumber":0,"Properties":[]},"Attachments":[],"Outcome":1,"ErrorMessage":null,"ErrorStackTrace":null,"DisplayName":"Azure.Services.Interaction.Storage.Test.AzureTableStorageServiceTest.Get_Table_Information_Successfully","Messages":[],"ComputerName":"DESKTOP-TASVHQI","Duration":"00:00:00.0493188","StartTime":"2022-01-21T20:47:51.4300577+00:00","EndTime":"2022-01-21T20:47:51.43006+00:00","Properties":[]},{"TestCase":{"Id":"c780d408-d345-aeba-0ee1-a60726593902","FullyQualifiedName":"Azure.Services.Interaction.Storage.Test.AzureBlogStorageServiceTest.UploadBlobAsync_Returns_Success","DisplayName":"Azure.Services.Interaction.Storage.Test.AzureBlogStorageServiceTest.UploadBlobAsync_Returns_Success","ExecutorUri":"executor://xunit/VsTestRunner2/netcoreapp","Source":"C:\\sitcs\\Projects\\Azure.Services.Interaction\\Azure.Services.Interaction.Storage.Test\\bin\\Debug\\net5.0\\fine-code-coverage\\build-output\\Azure.Services.Interaction.Storage.Test.dll","CodeFilePath":null,"LineNumber":0,"Properties":[]},"Attachments":[],"Outcome":1,"ErrorMessage":null,"ErrorStackTrace":null,"DisplayName":"Azure.Services.Interaction.Storage.Test.AzureBlogStorageServiceTest.UploadBlobAsync_Returns_Success","Messages":[],"ComputerName":"DESKTOP-TASVHQI","Duration":"00:00:00.8900365","StartTime":"2022-01-21T20:47:51.4422376+00:00","EndTime":"2022-01-21T20:47:51.4422401+00:00","Properties":[]},{"TestCase":{"Id":"186db3df-ae80-25d9-6e0e-6571468dd523","FullyQualifiedName":"Azure.Services.Interaction.Storage.Test.AzureBlogStorageServiceTest.GetBlobAsync_Returns_Success","DisplayName":"Azure.Services.Interaction.Storage.Test.AzureBlogStorageServiceTest.GetBlobAsync_Returns_Success","ExecutorUri":"executor://xunit/VsTestRunner2/netcoreapp","Source":"C:\\sitcs\\Projects\\Azure.Services.Interaction\\Azure.Services.Interaction.Storage.Test\\bin\\Debug\\net5.0\\fine-code-coverage\\build-output\\Azure.Services.Interaction.Storage.Test.dll","CodeFilePath":null,"LineNumber":0,"Properties":[]},"Attachments":[],"Outcome":1,"ErrorMessage":null,"ErrorStackTrace":null,"DisplayName":"Azure.Services.Interaction.Storage.Test.AzureBlogStorageServiceTest.GetBlobAsync_Returns_Success","Messages":[],"ComputerName":"DESKTOP-TASVHQI","Duration":"00:00:00.0057018","StartTime":"2022-01-21T20:47:51.4481586+00:00","EndTime":"2022-01-21T20:47:51.4481626+00:00","Properties":[]},{"TestCase":{"Id":"e52f2aea-cc90-159d-6da2-42c879735fa3","FullyQualifiedName":"Azure.Services.Interaction.Storage.Test.AzureBlogStorageServiceTest.GetAllBlobName_Returns_Success","DisplayName":"Azure.Services.Interaction.Storage.Test.AzureBlogStorageServiceTest.GetAllBlobName_Returns_Success","ExecutorUri":"executor://xunit/VsTestRunner2/netcoreapp","Source":"C:\\sitcs\\Projects\\Azure.Services.Interaction\\Azure.Services.Interaction.Storage.Test\\bin\\Debug\\net5.0\\fine-code-coverage\\build-output\\Azure.Services.Interaction.Storage.Test.dll","CodeFilePath":null,"LineNumber":0,"Properties":[]},"Attachments":[],"Outcome":1,"ErrorMessage":null,"ErrorStackTrace":null,"DisplayName":"Azure.Services.Interaction.Storage.Test.AzureBlogStorageServiceTest.GetAllBlobName_Returns_Success","Messages":[],"ComputerName":"DESKTOP-TASVHQI","Duration":"00:00:00.0077910","StartTime":"2022-01-21T20:47:51.4561701+00:00","EndTime":"2022-01-21T20:47:51.4561734+00:00","Properties":[]},{"TestCase":{"Id":"9701c0a1-8f35-64f6-90d3-e1f61c6e9ef5","FullyQualifiedName":"Azure.Services.Interaction.Storage.Test.AzureBlogStorageServiceTest.DeleteBlobAsync_Returns_Success","DisplayName":"Azure.Services.Interaction.Storage.Test.AzureBlogStorageServiceTest.DeleteBlobAsync_Returns_Success","ExecutorUri":"executor://xunit/VsTestRunner2/netcoreapp","Source":"C:\\sitcs\\Projects\\Azure.Services.Interaction\\Azure.Services.Interaction.Storage.Test\\bin\\Debug\\net5.0\\fine-code-coverage\\build-output\\Azure.Services.Interaction.Storage.Test.dll","CodeFilePath":null,"LineNumber":0,"Properties":[]},"Attachments":[],"Outcome":1,"ErrorMessage":null,"ErrorStackTrace":null,"DisplayName":"Azure.Services.Interaction.Storage.Test.AzureBlogStorageServiceTest.DeleteBlobAsync_Returns_Success","Messages":[],"ComputerName":"DESKTOP-TASVHQI","Duration":"00:00:00.0168027","StartTime":"2022-01-21T20:47:51.4746947+00:00","EndTime":"2022-01-21T20:47:51.4746981+00:00","Properties":[]}],"TestRunStatistics":{"ExecutedTests":7,"Stats":{"Passed":7}},"ActiveTests":[]},"RunAttachments":[],"ExecutorUris":["executor://xunit/VsTestRunner2/netcoreapp"]}}
TpTrace Verbose: 0 : 14732, 10, 2022/01/21, 16:47:51.551, 6122716305289, vstest.console.dll, TestRequestSender.EndSession: Sending end session.
TpTrace Verbose: 0 : 14732, 10, 2022/01/21, 16:47:51.551, 6122716307469, vstest.console.dll, ProxyOperationManager.Close: waiting for test host to exit for 100 ms
TpTrace Warning: 0 : 14732, 11, 2022/01/21, 16:47:51.579, 6122716585052, vstest.console.dll, TestHostManagerCallbacks.ErrorReceivedCallback Test host standard error line: 
TpTrace Verbose: 0 : 14732, 12, 2022/01/21, 16:47:51.620, 6122716995866, vstest.console.dll, TestHostProvider.ExitCallBack: Host exited starting callback.
TpTrace Information: 0 : 14732, 12, 2022/01/21, 16:47:51.621, 6122717004274, vstest.console.dll, TestHostManagerCallbacks.ExitCallBack: Testhost processId: 25780 exited with exitcode: 0 error: ''
TpTrace Verbose: 0 : 14732, 12, 2022/01/21, 16:47:51.621, 6122717005339, vstest.console.dll, DotnetTestHostManager.OnHostExited: invoking OnHostExited callback
TpTrace Verbose: 0 : 14732, 12, 2022/01/21, 16:47:51.621, 6122717006256, vstest.console.dll, CrossPlatEngine.TestHostManagerHostExited: calling on client process exit callback.
TpTrace Warning: 0 : 14732, 10, 2022/01/21, 16:47:51.621, 6122717007272, vstest.console.dll, ProxyOperationManager: Timed out waiting for test host to exit. Will terminate process.
TpTrace Information: 0 : 14732, 12, 2022/01/21, 16:47:51.621, 6122717007397, vstest.console.dll, TestRequestSender.OnClientProcessExit: Test host process exited. Standard error: 
TpTrace Information: 0 : 14732, 12, 2022/01/21, 16:47:51.621, 6122717009153, vstest.console.dll, SocketServer.Stop: Stop server endPoint: 127.0.0.1:28004
TpTrace Information: 0 : 14732, 12, 2022/01/21, 16:47:51.621, 6122717009756, vstest.console.dll, SocketServer.Stop: Cancellation requested. Stopping message loop.
TpTrace Verbose: 0 : 14732, 10, 2022/01/21, 16:47:51.622, 6122717018460, vstest.console.dll, ProxyDataCollectionManager.InvokeDataCollectionServiceAction: Starting.
TpTrace Information: 0 : 14732, 10, 2022/01/21, 16:47:51.622, 6122717019405, vstest.console.dll, ProxyDataCollectionManager.AfterTestRunEnd: Get attachment set for datacollector processId: 21640 port: 28001
TpTrace Verbose: 0 : 14732, 10, 2022/01/21, 16:47:51.622, 6122717020265, vstest.console.dll, DataCollectionRequestSender.SendAfterTestRunStartAndGetResult : Send AfterTestRunEnd message with isCancelled: False
TpTrace Verbose: 0 : 14732, 10, 2022/01/21, 16:47:51.628, 6122717080029, vstest.console.dll, DataCollectionRequestSender.SendAfterTestRunStartAndGetResult : Received message: (DataCollection.AfterTestRunEndResult) -> {
  "AttachmentSets": [],
  "Metrics": {}
}
TpTrace Information: 0 : 14732, 10, 2022/01/21, 16:47:51.637, 6122717168393, vstest.console.dll, ProxyDataCollectionManager.InvokeDataCollectionServiceAction: Completed.
TpTrace Warning: 0 : 14732, 7, 2022/01/21, 16:47:51.645, 6122717242495, vstest.console.dll, DataCollectionLauncher.ErrorReceivedCallback datacollector standard error line: 
TpTrace Information: 0 : 14732, 12, 2022/01/21, 16:47:51.662, 6122717413163, vstest.console.dll, DataCollectionLauncher.ExitCallBack: Data collector exited with exitcode: 0 error: ''
TpTrace Verbose: 0 : 14732, 10, 2022/01/21, 16:47:51.707, 6122717862010, vstest.console.dll, TestRunRequest:SendTestRunStatsChange: Starting.
TpTrace Information: 0 : 14732, 10, 2022/01/21, 16:47:51.707, 6122717864800, vstest.console.dll, TestRunRequest:SendTestRunStatsChange: Completed.
TpTrace Verbose: 0 : 14732, 10, 2022/01/21, 16:47:51.707, 6122717867560, vstest.console.dll, ParallelProxyExecutionManager: HandlePartialRunComplete: Total completed clients = 1, Run complete = True, Run canceled: False.
TpTrace Verbose: 0 : 14732, 10, 2022/01/21, 16:47:51.751, 6122718309563, vstest.console.dll, TestRunRequest:TestRunComplete: Starting. IsAborted:False IsCanceled:False.
TpTrace Verbose: 0 : 14732, 10, 2022/01/21, 16:47:51.752, 6122718312607, vstest.console.dll, TestLoggerManager.HandleTestRunComplete: Ignoring as the object is disposed.
TpTrace Information: 0 : 14732, 10, 2022/01/21, 16:47:51.753, 6122718324569, vstest.console.dll, TestRunRequest:TestRunComplete: Completed.
TpTrace Verbose: 0 : 14732, 1, 2022/01/21, 16:47:51.753, 6122718325847, vstest.console.dll, TestRunRequest.Dispose: Starting.
TpTrace Information: 0 : 14732, 1, 2022/01/21, 16:47:51.753, 6122718328319, vstest.console.dll, TestRunRequest.Dispose: Completed.
TpTrace Information: 0 : 14732, 1, 2022/01/21, 16:47:51.753, 6122718329366, vstest.console.dll, TestRequestManager.RunTests: run tests completed.
TpTrace Information: 0 : 14732, 1, 2022/01/21, 16:47:51.754, 6122718331187, vstest.console.dll, RunTestsArgumentProcessor:Execute: Test run is completed.
TpTrace Verbose: 0 : 14732, 1, 2022/01/21, 16:47:51.754, 6122718337459, vstest.console.dll, Executor.Execute: Exiting with exit code of 0
