TpTrace Verbose: 0 : 16704, 1, 2022/01/21, 16:47:33.544, 6122536265602, vstest.console.dll, Version: 17.0.0-preview-20210512-01
TpTrace Information: 0 : 16704, 1, 2022/01/21, 16:47:33.575, 6122536544238, vstest.console.dll, FilePatternParser: The given file C:\sitcs\Projects\Azure.Services.Interaction\Azure.Services.Interaction.B2C.Test\bin\Debug\net5.0\fine-code-coverage\build-output\Azure.Services.Interaction.B2C.Test.dll is a full path.
TpTrace Verbose: 0 : 16704, 1, 2022/01/21, 16:47:33.599, 6122536789150, vstest.console.dll, TestPluginCache.DiscoverTestExtensions: finding test extensions in assemblies ends with: RuntimeProvider.dll TPluginInfo: Microsoft.VisualStudio.TestPlatform.Common.ExtensionFramework.Utilities.TestRuntimePluginInformation TExtension: Microsoft.VisualStudio.TestPlatform.ObjectModel.Host.ITestRuntimeProvider
TpTrace Verbose: 0 : 16704, 1, 2022/01/21, 16:47:33.602, 6122536815511, vstest.console.dll, TestPluginCache.GetExtensionPaths: Filtered extension paths: 
TpTrace Verbose: 0 : 16704, 1, 2022/01/21, 16:47:33.603, 6122536822567, vstest.console.dll, TestPluginCache.GetExtensionPaths: Added default extension paths: C:\Program Files\dotnet\sdk\6.0.100-preview.5.21302.13\Extensions\Microsoft.Diagnostics.NETCore.Client.dll
C:\Program Files\dotnet\sdk\6.0.100-preview.5.21302.13\Extensions\Microsoft.TestPlatform.Extensions.BlameDataCollector.dll
C:\Program Files\dotnet\sdk\6.0.100-preview.5.21302.13\Extensions\Microsoft.TestPlatform.Extensions.EventLogCollector.dll
C:\Program Files\dotnet\sdk\6.0.100-preview.5.21302.13\Extensions\Microsoft.TestPlatform.TestHostRuntimeProvider.dll
C:\Program Files\dotnet\sdk\6.0.100-preview.5.21302.13\Extensions\Microsoft.VisualStudio.TestPlatform.Extensions.Html.TestLogger.dll
C:\Program Files\dotnet\sdk\6.0.100-preview.5.21302.13\Extensions\Microsoft.VisualStudio.TestPlatform.Extensions.Trx.TestLogger.dll
TpTrace Verbose: 0 : 16704, 1, 2022/01/21, 16:47:33.603, 6122536825176, vstest.console.dll, TestPluginCache.GetExtensionPaths: Added unfilterableExtensionPaths: 
TpTrace Information: 0 : 16704, 1, 2022/01/21, 16:47:33.608, 6122536873141, vstest.console.dll, AssemblyResolver.ctor: Creating AssemblyResolver with searchDirectories C:\Program Files\dotnet\sdk\6.0.100-preview.5.21302.13\Extensions,C:\Program Files\dotnet\sdk\6.0.100-preview.5.21302.13
TpTrace Verbose: 0 : 16704, 1, 2022/01/21, 16:47:33.617, 6122536970499, vstest.console.dll, TestPluginCache.DiscoverTestExtensions: Discovering the extensions using extension path.
TpTrace Verbose: 0 : 16704, 1, 2022/01/21, 16:47:33.618, 6122536978764, vstest.console.dll, TestPluginCache.GetExtensionPaths: Filtered extension paths: 
TpTrace Verbose: 0 : 16704, 1, 2022/01/21, 16:47:33.619, 6122536982737, vstest.console.dll, TestPluginCache.GetExtensionPaths: Added default extension paths: C:\Program Files\dotnet\sdk\6.0.100-preview.5.21302.13\Extensions\Microsoft.Diagnostics.NETCore.Client.dll
C:\Program Files\dotnet\sdk\6.0.100-preview.5.21302.13\Extensions\Microsoft.TestPlatform.Extensions.BlameDataCollector.dll
C:\Program Files\dotnet\sdk\6.0.100-preview.5.21302.13\Extensions\Microsoft.TestPlatform.Extensions.EventLogCollector.dll
C:\Program Files\dotnet\sdk\6.0.100-preview.5.21302.13\Extensions\Microsoft.TestPlatform.TestHostRuntimeProvider.dll
C:\Program Files\dotnet\sdk\6.0.100-preview.5.21302.13\Extensions\Microsoft.VisualStudio.TestPlatform.Extensions.Html.TestLogger.dll
C:\Program Files\dotnet\sdk\6.0.100-preview.5.21302.13\Extensions\Microsoft.VisualStudio.TestPlatform.Extensions.Trx.TestLogger.dll
TpTrace Verbose: 0 : 16704, 1, 2022/01/21, 16:47:33.619, 6122536986065, vstest.console.dll, TestPluginCache.GetExtensionPaths: Added unfilterableExtensionPaths: 
TpTrace Verbose: 0 : 16704, 1, 2022/01/21, 16:47:33.619, 6122536991168, vstest.console.dll, TestPluginCache.DiscoverTestExtensions: Discovering the extensions using allExtensionPaths: C:\Program Files\dotnet\sdk\6.0.100-preview.5.21302.13\Extensions\Microsoft.Diagnostics.NETCore.Client.dll
C:\Program Files\dotnet\sdk\6.0.100-preview.5.21302.13\Extensions\Microsoft.TestPlatform.Extensions.BlameDataCollector.dll
C:\Program Files\dotnet\sdk\6.0.100-preview.5.21302.13\Extensions\Microsoft.TestPlatform.Extensions.EventLogCollector.dll
C:\Program Files\dotnet\sdk\6.0.100-preview.5.21302.13\Extensions\Microsoft.TestPlatform.TestHostRuntimeProvider.dll
C:\Program Files\dotnet\sdk\6.0.100-preview.5.21302.13\Extensions\Microsoft.VisualStudio.TestPlatform.Extensions.Html.TestLogger.dll
C:\Program Files\dotnet\sdk\6.0.100-preview.5.21302.13\Extensions\Microsoft.VisualStudio.TestPlatform.Extensions.Trx.TestLogger.dll
TpTrace Information: 0 : 16704, 1, 2022/01/21, 16:47:33.621, 6122537006753, vstest.console.dll, AssemblyResolver.AddSearchDirectories: Adding more searchDirectories C:\Program Files\dotnet\sdk\6.0.100-preview.5.21302.13\Extensions,C:\Program Files\dotnet\sdk\6.0.100-preview.5.21302.13
TpTrace Information: 0 : 16704, 1, 2022/01/21, 16:47:33.622, 6122537012595, vstest.console.dll, AssemblyResolver.AddSearchDirectories: Adding more searchDirectories C:\Program Files\dotnet\sdk\6.0.100-preview.5.21302.13\Extensions,C:\Program Files\dotnet\sdk\6.0.100-preview.5.21302.13
TpTrace Information: 0 : 16704, 1, 2022/01/21, 16:47:33.622, 6122537015492, vstest.console.dll, AssemblyResolver.AddSearchDirectories: Adding more searchDirectories C:\Program Files\dotnet\sdk\6.0.100-preview.5.21302.13\Extensions,C:\Program Files\dotnet\sdk\6.0.100-preview.5.21302.13
TpTrace Information: 0 : 16704, 1, 2022/01/21, 16:47:33.622, 6122537016307, vstest.console.dll, AssemblyResolver.AddSearchDirectories: Adding more searchDirectories C:\Program Files\dotnet\sdk\6.0.100-preview.5.21302.13\Extensions,C:\Program Files\dotnet\sdk\6.0.100-preview.5.21302.13
TpTrace Information: 0 : 16704, 1, 2022/01/21, 16:47:33.622, 6122537017066, vstest.console.dll, AssemblyResolver.AddSearchDirectories: Adding more searchDirectories C:\Program Files\dotnet\sdk\6.0.100-preview.5.21302.13\Extensions,C:\Program Files\dotnet\sdk\6.0.100-preview.5.21302.13
TpTrace Information: 0 : 16704, 1, 2022/01/21, 16:47:33.622, 6122537017945, vstest.console.dll, AssemblyResolver.AddSearchDirectories: Adding more searchDirectories C:\Program Files\dotnet\sdk\6.0.100-preview.5.21302.13\Extensions,C:\Program Files\dotnet\sdk\6.0.100-preview.5.21302.13
TpTrace Information: 0 : 16704, 1, 2022/01/21, 16:47:33.624, 6122537037745, vstest.console.dll, AssemblyResolver.OnResolve: Microsoft.Diagnostics.NETCore.Client: Resolving assembly.
TpTrace Information: 0 : 16704, 1, 2022/01/21, 16:47:33.624, 6122537040675, vstest.console.dll, AssemblyResolver.OnResolve: Microsoft.Diagnostics.NETCore.Client: Searching in: 'C:\Program Files\dotnet\sdk\6.0.100-preview.5.21302.13\Extensions'.
TpTrace Information: 0 : 16704, 1, 2022/01/21, 16:47:33.629, 6122537083031, vstest.console.dll, AssemblyResolver.OnResolve: Microsoft.Diagnostics.NETCore.Client: Loading assembly 'C:\Program Files\dotnet\sdk\6.0.100-preview.5.21302.13\Extensions\Microsoft.Diagnostics.NETCore.Client.dll'.
TpTrace Information: 0 : 16704, 1, 2022/01/21, 16:47:33.630, 6122537098461, vstest.console.dll, AssemblyResolver.OnResolve: Resolved assembly: Microsoft.Diagnostics.NETCore.Client, from path: C:\Program Files\dotnet\sdk\6.0.100-preview.5.21302.13\Extensions\Microsoft.Diagnostics.NETCore.Client.dll
TpTrace Information: 0 : 16704, 1, 2022/01/21, 16:47:33.664, 6122537435796, vstest.console.dll, AssemblyResolver.OnResolve: Microsoft.Bcl.AsyncInterfaces: Resolving assembly.
TpTrace Information: 0 : 16704, 1, 2022/01/21, 16:47:33.664, 6122537437815, vstest.console.dll, AssemblyResolver.OnResolve: Microsoft.Bcl.AsyncInterfaces: Searching in: 'C:\Program Files\dotnet\sdk\6.0.100-preview.5.21302.13\Extensions'.
TpTrace Information: 0 : 16704, 1, 2022/01/21, 16:47:33.664, 6122537440009, vstest.console.dll, AssemblyResolver.OnResolve: Microsoft.Bcl.AsyncInterfaces: Assembly path does not exist: 'C:\Program Files\dotnet\sdk\6.0.100-preview.5.21302.13\Extensions\Microsoft.Bcl.AsyncInterfaces.dll', returning.
TpTrace Information: 0 : 16704, 1, 2022/01/21, 16:47:33.665, 6122537441601, vstest.console.dll, AssemblyResolver.OnResolve: Microsoft.Bcl.AsyncInterfaces: Assembly path does not exist: 'C:\Program Files\dotnet\sdk\6.0.100-preview.5.21302.13\Extensions\Microsoft.Bcl.AsyncInterfaces.exe', returning.
TpTrace Information: 0 : 16704, 1, 2022/01/21, 16:47:33.665, 6122537442723, vstest.console.dll, AssemblyResolver.OnResolve: Microsoft.Bcl.AsyncInterfaces: Searching in: 'C:\Program Files\dotnet\sdk\6.0.100-preview.5.21302.13'.
TpTrace Information: 0 : 16704, 1, 2022/01/21, 16:47:33.665, 6122537443840, vstest.console.dll, AssemblyResolver.OnResolve: Microsoft.Bcl.AsyncInterfaces: Assembly path does not exist: 'C:\Program Files\dotnet\sdk\6.0.100-preview.5.21302.13\Microsoft.Bcl.AsyncInterfaces.dll', returning.
TpTrace Information: 0 : 16704, 1, 2022/01/21, 16:47:33.665, 6122537444752, vstest.console.dll, AssemblyResolver.OnResolve: Microsoft.Bcl.AsyncInterfaces: Assembly path does not exist: 'C:\Program Files\dotnet\sdk\6.0.100-preview.5.21302.13\Microsoft.Bcl.AsyncInterfaces.exe', returning.
TpTrace Information: 0 : 16704, 1, 2022/01/21, 16:47:33.665, 6122537445261, vstest.console.dll, AssemblyResolver.OnResolve: Microsoft.Bcl.AsyncInterfaces: Failed to load assembly.
TpTrace Verbose: 0 : 16704, 1, 2022/01/21, 16:47:33.665, 6122537445815, vstest.console.dll, CurrentDomainAssemblyResolve: Resolving assembly 'Microsoft.Bcl.AsyncInterfaces'.
TpTrace Information: 0 : 16704, 1, 2022/01/21, 16:47:33.665, 6122537446731, vstest.console.dll, AssemblyResolver.OnResolve: Microsoft.Bcl.AsyncInterfaces: Resolving assembly.
TpTrace Information: 0 : 16704, 1, 2022/01/21, 16:47:33.665, 6122537447313, vstest.console.dll, AssemblyResolver.OnResolve: Microsoft.Bcl.AsyncInterfaces: Resolved from cache.
TpTrace Verbose: 0 : 16704, 1, 2022/01/21, 16:47:33.665, 6122537447720, vstest.console.dll, CurrentDomainAssemblyResolve: Resolving assembly 'Microsoft.Bcl.AsyncInterfaces'.
TpTrace Verbose: 0 : 16704, 1, 2022/01/21, 16:47:33.665, 6122537448309, vstest.console.dll, CurrentDomainAssemblyResolve: Failed to resolve assembly 'Microsoft.Bcl.AsyncInterfaces'.
TpTrace Verbose: 0 : 16704, 1, 2022/01/21, 16:47:33.667, 6122537462644, vstest.console.dll, CurrentDomainAssemblyResolve: Failed to resolve assembly 'Microsoft.Bcl.AsyncInterfaces'.
TpTrace Warning: 0 : 16704, 1, 2022/01/21, 16:47:33.704, 6122537840172, vstest.console.dll, TestPluginDiscoverer: Failed to get types from assembly 'Microsoft.Diagnostics.NETCore.Client, Version=0.2.2.41902, Culture=neutral, PublicKeyToken=31bf3856ad364e35'.  Skipping test extension scan for this assembly.  Error: System.Reflection.ReflectionTypeLoadException: Unable to load one or more of the requested types.
Could not load file or assembly 'Microsoft.Bcl.AsyncInterfaces, Version=1.0.0.0, Culture=neutral, PublicKeyToken=cc7b13ffcd2ddd51'. The system cannot find the file specified.
   at System.Reflection.RuntimeModule.GetTypes(RuntimeModule module)
   at System.Reflection.RuntimeModule.GetTypes() in System.Private.CoreLib.dll:token 0x6004ed8+0x0
   at System.Reflection.Assembly.GetTypes() in System.Private.CoreLib.dll:token 0x6004bed+0xe
   at Microsoft.VisualStudio.TestPlatform.Common.ExtensionFramework.TestPluginDiscoverer.GetTestExtensionsFromAssembly[TPluginInfo,TExtension](Assembly assembly, Dictionary`2 pluginInfos) in Microsoft.VisualStudio.TestPlatform.Common.dll:token 0x60001af+0x1a
System.IO.FileNotFoundException: Could not load file or assembly 'Microsoft.Bcl.AsyncInterfaces, Version=1.0.0.0, Culture=neutral, PublicKeyToken=cc7b13ffcd2ddd51'. The system cannot find the file specified.
File name: 'Microsoft.Bcl.AsyncInterfaces, Version=1.0.0.0, Culture=neutral, PublicKeyToken=cc7b13ffcd2ddd51'
 ---> System.IO.FileNotFoundException: Could not load file or assembly 'Microsoft.Bcl.AsyncInterfaces, Culture=neutral, PublicKeyToken=null'. The system cannot find the file specified.
File name: 'Microsoft.Bcl.AsyncInterfaces, Culture=neutral, PublicKeyToken=null'
   at System.Reflection.RuntimeAssembly.InternalLoad(ObjectHandleOnStack assemblyName, ObjectHandleOnStack requestingAssembly, StackCrawlMarkHandle stackMark, Boolean throwOnFileNotFound, ObjectHandleOnStack assemblyLoadContext, ObjectHandleOnStack retAssembly) in System.Private.CoreLib.dll:token 0x6004dec+0x8
   at System.Reflection.RuntimeAssembly.InternalLoad(AssemblyName assemblyName, RuntimeAssembly requestingAssembly, StackCrawlMark& stackMark, Boolean throwOnFileNotFound, AssemblyLoadContext assemblyLoadContext) in System.Private.CoreLib.dll:token 0x6004deb+0x16
   at System.Reflection.Assembly.Load(AssemblyName assemblyRef) in System.Private.CoreLib.dll:token 0x6004be2+0xe
   at Microsoft.VisualStudio.TestPlatform.Common.ExtensionFramework.TestPluginCache.CurrentDomainAssemblyResolve(Object sender, AssemblyResolveEventArgs args) in Microsoft.VisualStudio.TestPlatform.Common.dll:token 0x60001a9+0x64
   at Microsoft.VisualStudio.TestPlatform.PlatformAbstractions.PlatformAssemblyResolver.AssemblyResolverEvent(Object sender, Object eventArgs) in Microsoft.TestPlatform.PlatformAbstractions.dll:token 0x600004a+0x1c
   at System.Runtime.Loader.AssemblyLoadContext.GetFirstResolvedAssemblyFromResolvingEvent(AssemblyName assemblyName) in System.Private.CoreLib.dll:token 0x60035f8+0x24
   at System.Runtime.Loader.AssemblyLoadContext.ResolveUsingEvent(AssemblyName assemblyName) in System.Private.CoreLib.dll:token 0x60035fb+0x7
   at System.Runtime.Loader.AssemblyLoadContext.ResolveUsingResolvingEvent(IntPtr gchManagedAssemblyLoadContext, AssemblyName assemblyName) in System.Private.CoreLib.dll:token 0x60035bc+0x7
TpTrace Warning: 0 : 16704, 1, 2022/01/21, 16:47:33.705, 6122537842854, vstest.console.dll, LoaderExceptions: System.IO.FileNotFoundException: Could not load file or assembly 'Microsoft.Bcl.AsyncInterfaces, Version=1.0.0.0, Culture=neutral, PublicKeyToken=cc7b13ffcd2ddd51'. The system cannot find the file specified.
File name: 'Microsoft.Bcl.AsyncInterfaces, Version=1.0.0.0, Culture=neutral, PublicKeyToken=cc7b13ffcd2ddd51'
 ---> System.IO.FileNotFoundException: Could not load file or assembly 'Microsoft.Bcl.AsyncInterfaces, Culture=neutral, PublicKeyToken=null'. The system cannot find the file specified.
File name: 'Microsoft.Bcl.AsyncInterfaces, Culture=neutral, PublicKeyToken=null'
   at System.Reflection.RuntimeAssembly.InternalLoad(ObjectHandleOnStack assemblyName, ObjectHandleOnStack requestingAssembly, StackCrawlMarkHandle stackMark, Boolean throwOnFileNotFound, ObjectHandleOnStack assemblyLoadContext, ObjectHandleOnStack retAssembly) in System.Private.CoreLib.dll:token 0x6004dec+0x8
   at System.Reflection.RuntimeAssembly.InternalLoad(AssemblyName assemblyName, RuntimeAssembly requestingAssembly, StackCrawlMark& stackMark, Boolean throwOnFileNotFound, AssemblyLoadContext assemblyLoadContext) in System.Private.CoreLib.dll:token 0x6004deb+0x16
   at System.Reflection.Assembly.Load(AssemblyName assemblyRef) in System.Private.CoreLib.dll:token 0x6004be2+0xe
   at Microsoft.VisualStudio.TestPlatform.Common.ExtensionFramework.TestPluginCache.CurrentDomainAssemblyResolve(Object sender, AssemblyResolveEventArgs args) in Microsoft.VisualStudio.TestPlatform.Common.dll:token 0x60001a9+0x64
   at Microsoft.VisualStudio.TestPlatform.PlatformAbstractions.PlatformAssemblyResolver.AssemblyResolverEvent(Object sender, Object eventArgs) in Microsoft.TestPlatform.PlatformAbstractions.dll:token 0x600004a+0x1c
   at System.Runtime.Loader.AssemblyLoadContext.GetFirstResolvedAssemblyFromResolvingEvent(AssemblyName assemblyName) in System.Private.CoreLib.dll:token 0x60035f8+0x24
   at System.Runtime.Loader.AssemblyLoadContext.ResolveUsingEvent(AssemblyName assemblyName) in System.Private.CoreLib.dll:token 0x60035fb+0x7
   at System.Runtime.Loader.AssemblyLoadContext.ResolveUsingResolvingEvent(IntPtr gchManagedAssemblyLoadContext, AssemblyName assemblyName) in System.Private.CoreLib.dll:token 0x60035bc+0x7
TpTrace Information: 0 : 16704, 1, 2022/01/21, 16:47:33.705, 6122537844358, vstest.console.dll, AssemblyResolver.OnResolve: Microsoft.TestPlatform.Extensions.BlameDataCollector: Resolving assembly.
TpTrace Information: 0 : 16704, 1, 2022/01/21, 16:47:33.705, 6122537844904, vstest.console.dll, AssemblyResolver.OnResolve: Microsoft.TestPlatform.Extensions.BlameDataCollector: Searching in: 'C:\Program Files\dotnet\sdk\6.0.100-preview.5.21302.13\Extensions'.
TpTrace Information: 0 : 16704, 1, 2022/01/21, 16:47:33.706, 6122537852608, vstest.console.dll, AssemblyResolver.OnResolve: Microsoft.TestPlatform.Extensions.BlameDataCollector: Loading assembly 'C:\Program Files\dotnet\sdk\6.0.100-preview.5.21302.13\Extensions\Microsoft.TestPlatform.Extensions.BlameDataCollector.dll'.
TpTrace Information: 0 : 16704, 1, 2022/01/21, 16:47:33.706, 6122537860249, vstest.console.dll, AssemblyResolver.OnResolve: Resolved assembly: Microsoft.TestPlatform.Extensions.BlameDataCollector, from path: C:\Program Files\dotnet\sdk\6.0.100-preview.5.21302.13\Extensions\Microsoft.TestPlatform.Extensions.BlameDataCollector.dll
TpTrace Information: 0 : 16704, 1, 2022/01/21, 16:47:33.707, 6122537867780, vstest.console.dll, AssemblyResolver.OnResolve: Microsoft.TestPlatform.Extensions.EventLogCollector: Resolving assembly.
TpTrace Information: 0 : 16704, 1, 2022/01/21, 16:47:33.707, 6122537868491, vstest.console.dll, AssemblyResolver.OnResolve: Microsoft.TestPlatform.Extensions.EventLogCollector: Searching in: 'C:\Program Files\dotnet\sdk\6.0.100-preview.5.21302.13\Extensions'.
TpTrace Information: 0 : 16704, 1, 2022/01/21, 16:47:33.708, 6122537875130, vstest.console.dll, AssemblyResolver.OnResolve: Microsoft.TestPlatform.Extensions.EventLogCollector: Loading assembly 'C:\Program Files\dotnet\sdk\6.0.100-preview.5.21302.13\Extensions\Microsoft.TestPlatform.Extensions.EventLogCollector.dll'.
TpTrace Information: 0 : 16704, 1, 2022/01/21, 16:47:33.709, 6122537881586, vstest.console.dll, AssemblyResolver.OnResolve: Resolved assembly: Microsoft.TestPlatform.Extensions.EventLogCollector, from path: C:\Program Files\dotnet\sdk\6.0.100-preview.5.21302.13\Extensions\Microsoft.TestPlatform.Extensions.EventLogCollector.dll
TpTrace Information: 0 : 16704, 1, 2022/01/21, 16:47:33.713, 6122537928509, vstest.console.dll, AssemblyResolver.OnResolve: Microsoft.TestPlatform.TestHostRuntimeProvider: Resolving assembly.
TpTrace Information: 0 : 16704, 1, 2022/01/21, 16:47:33.713, 6122537929949, vstest.console.dll, AssemblyResolver.OnResolve: Microsoft.TestPlatform.TestHostRuntimeProvider: Searching in: 'C:\Program Files\dotnet\sdk\6.0.100-preview.5.21302.13\Extensions'.
TpTrace Information: 0 : 16704, 1, 2022/01/21, 16:47:33.714, 6122537938964, vstest.console.dll, AssemblyResolver.OnResolve: Microsoft.TestPlatform.TestHostRuntimeProvider: Loading assembly 'C:\Program Files\dotnet\sdk\6.0.100-preview.5.21302.13\Extensions\Microsoft.TestPlatform.TestHostRuntimeProvider.dll'.
TpTrace Information: 0 : 16704, 1, 2022/01/21, 16:47:33.716, 6122537957652, vstest.console.dll, AssemblyResolver.OnResolve: Resolved assembly: Microsoft.TestPlatform.TestHostRuntimeProvider, from path: C:\Program Files\dotnet\sdk\6.0.100-preview.5.21302.13\Extensions\Microsoft.TestPlatform.TestHostRuntimeProvider.dll
TpTrace Information: 0 : 16704, 1, 2022/01/21, 16:47:33.718, 6122537975250, vstest.console.dll, AssemblyResolver.OnResolve: Microsoft.VisualStudio.TestPlatform.Extensions.Html.TestLogger: Resolving assembly.
TpTrace Information: 0 : 16704, 1, 2022/01/21, 16:47:33.718, 6122537976241, vstest.console.dll, AssemblyResolver.OnResolve: Microsoft.VisualStudio.TestPlatform.Extensions.Html.TestLogger: Searching in: 'C:\Program Files\dotnet\sdk\6.0.100-preview.5.21302.13\Extensions'.
TpTrace Information: 0 : 16704, 1, 2022/01/21, 16:47:33.719, 6122537983592, vstest.console.dll, AssemblyResolver.OnResolve: Microsoft.VisualStudio.TestPlatform.Extensions.Html.TestLogger: Loading assembly 'C:\Program Files\dotnet\sdk\6.0.100-preview.5.21302.13\Extensions\Microsoft.VisualStudio.TestPlatform.Extensions.Html.TestLogger.dll'.
TpTrace Information: 0 : 16704, 1, 2022/01/21, 16:47:33.720, 6122537991470, vstest.console.dll, AssemblyResolver.OnResolve: Resolved assembly: Microsoft.VisualStudio.TestPlatform.Extensions.Html.TestLogger, from path: C:\Program Files\dotnet\sdk\6.0.100-preview.5.21302.13\Extensions\Microsoft.VisualStudio.TestPlatform.Extensions.Html.TestLogger.dll
TpTrace Information: 0 : 16704, 1, 2022/01/21, 16:47:33.720, 6122537996346, vstest.console.dll, AssemblyResolver.OnResolve: Microsoft.VisualStudio.TestPlatform.Extensions.Trx.TestLogger: Resolving assembly.
TpTrace Information: 0 : 16704, 1, 2022/01/21, 16:47:33.720, 6122537997101, vstest.console.dll, AssemblyResolver.OnResolve: Microsoft.VisualStudio.TestPlatform.Extensions.Trx.TestLogger: Searching in: 'C:\Program Files\dotnet\sdk\6.0.100-preview.5.21302.13\Extensions'.
TpTrace Information: 0 : 16704, 1, 2022/01/21, 16:47:33.723, 6122538026695, vstest.console.dll, AssemblyResolver.OnResolve: Microsoft.VisualStudio.TestPlatform.Extensions.Trx.TestLogger: Loading assembly 'C:\Program Files\dotnet\sdk\6.0.100-preview.5.21302.13\Extensions\Microsoft.VisualStudio.TestPlatform.Extensions.Trx.TestLogger.dll'.
TpTrace Information: 0 : 16704, 1, 2022/01/21, 16:47:33.726, 6122538058042, vstest.console.dll, AssemblyResolver.OnResolve: Resolved assembly: Microsoft.VisualStudio.TestPlatform.Extensions.Trx.TestLogger, from path: C:\Program Files\dotnet\sdk\6.0.100-preview.5.21302.13\Extensions\Microsoft.VisualStudio.TestPlatform.Extensions.Trx.TestLogger.dll
TpTrace Verbose: 0 : 16704, 1, 2022/01/21, 16:47:33.727, 6122538065901, vstest.console.dll, TestPluginCache: Discovered the extensions using extension path ''.
TpTrace Verbose: 0 : 16704, 1, 2022/01/21, 16:47:33.727, 6122538066791, vstest.console.dll, TestPluginCache: Discoverers are ''.
TpTrace Verbose: 0 : 16704, 1, 2022/01/21, 16:47:33.727, 6122538067520, vstest.console.dll, TestPluginCache: Executors are ''.
TpTrace Verbose: 0 : 16704, 1, 2022/01/21, 16:47:33.727, 6122538068077, vstest.console.dll, TestPluginCache: Executors2 are ''.
TpTrace Verbose: 0 : 16704, 1, 2022/01/21, 16:47:33.727, 6122538068402, vstest.console.dll, TestPluginCache: Setting providers are ''.
TpTrace Verbose: 0 : 16704, 1, 2022/01/21, 16:47:33.727, 6122538068702, vstest.console.dll, TestPluginCache: Loggers are ''.
TpTrace Information: 0 : 16704, 1, 2022/01/21, 16:47:33.735, 6122538144980, vstest.console.dll, RunTestsArgumentProcessor:Execute: Test run is starting.
TpTrace Verbose: 0 : 16704, 1, 2022/01/21, 16:47:33.735, 6122538147132, vstest.console.dll, RunTestsArgumentProcessor:Execute: Queuing Test run.
TpTrace Information: 0 : 16704, 1, 2022/01/21, 16:47:33.735, 6122538151182, vstest.console.dll, TestRequestManager.RunTests: run tests started.
TpTrace Information: 0 : 16704, 1, 2022/01/21, 16:47:33.746, 6122538253867, vstest.console.dll, AssemblyMetadataProvider.GetFrameWork: Determined framework:'.NETCoreApp,Version=v5.0' for source: 'C:\sitcs\Projects\Azure.Services.Interaction\Azure.Services.Interaction.B2C.Test\bin\Debug\net5.0\fine-code-coverage\build-output\Azure.Services.Interaction.B2C.Test.dll'
TpTrace Information: 0 : 16704, 1, 2022/01/21, 16:47:33.746, 6122538257006, vstest.console.dll, Determined framework for all sources: .NETCoreApp,Version=v5.0
TpTrace Information: 0 : 16704, 1, 2022/01/21, 16:47:33.747, 6122538264033, vstest.console.dll, AssemblyMetadataProvider.GetArchitecture: Determined architecture:AnyCPU info for assembly: C:\sitcs\Projects\Azure.Services.Interaction\Azure.Services.Interaction.B2C.Test\bin\Debug\net5.0\fine-code-coverage\build-output\Azure.Services.Interaction.B2C.Test.dll
TpTrace Information: 0 : 16704, 1, 2022/01/21, 16:47:33.750, 6122538294392, vstest.console.dll, Determined platform for all sources: X64
TpTrace Information: 0 : 16704, 1, 2022/01/21, 16:47:33.753, 6122538328059, vstest.console.dll, Compatible sources list : 
TpTrace Information: 0 : 16704, 1, 2022/01/21, 16:47:33.753, 6122538329940, vstest.console.dll, C:\sitcs\Projects\Azure.Services.Interaction\Azure.Services.Interaction.B2C.Test\bin\Debug\net5.0\fine-code-coverage\build-output\Azure.Services.Interaction.B2C.Test.dll
TpTrace Information: 0 : 16704, 1, 2022/01/21, 16:47:33.757, 6122538369097, vstest.console.dll, InferRunSettingsHelper.IsTestSettingsEnabled: Unable to navigate to RunSettings/MSTest. Current node: RunSettings
TpTrace Information: 0 : 16704, 1, 2022/01/21, 16:47:33.759, 6122538382042, vstest.console.dll, AssemblyResolver.OnResolve: Microsoft.VisualStudio.TestPlatform.Fakes: Resolving assembly.
TpTrace Information: 0 : 16704, 1, 2022/01/21, 16:47:33.759, 6122538383220, vstest.console.dll, AssemblyResolver.OnResolve: Microsoft.VisualStudio.TestPlatform.Fakes: Searching in: 'C:\Program Files\dotnet\sdk\6.0.100-preview.5.21302.13\Extensions'.
TpTrace Information: 0 : 16704, 1, 2022/01/21, 16:47:33.759, 6122538385162, vstest.console.dll, AssemblyResolver.OnResolve: Microsoft.VisualStudio.TestPlatform.Fakes: Assembly path does not exist: 'C:\Program Files\dotnet\sdk\6.0.100-preview.5.21302.13\Extensions\Microsoft.VisualStudio.TestPlatform.Fakes.dll', returning.
TpTrace Information: 0 : 16704, 1, 2022/01/21, 16:47:33.759, 6122538386728, vstest.console.dll, AssemblyResolver.OnResolve: Microsoft.VisualStudio.TestPlatform.Fakes: Assembly path does not exist: 'C:\Program Files\dotnet\sdk\6.0.100-preview.5.21302.13\Extensions\Microsoft.VisualStudio.TestPlatform.Fakes.exe', returning.
TpTrace Information: 0 : 16704, 1, 2022/01/21, 16:47:33.759, 6122538387456, vstest.console.dll, AssemblyResolver.OnResolve: Microsoft.VisualStudio.TestPlatform.Fakes: Searching in: 'C:\Program Files\dotnet\sdk\6.0.100-preview.5.21302.13'.
TpTrace Information: 0 : 16704, 1, 2022/01/21, 16:47:33.759, 6122538388800, vstest.console.dll, AssemblyResolver.OnResolve: Microsoft.VisualStudio.TestPlatform.Fakes: Assembly path does not exist: 'C:\Program Files\dotnet\sdk\6.0.100-preview.5.21302.13\Microsoft.VisualStudio.TestPlatform.Fakes.dll', returning.
TpTrace Information: 0 : 16704, 1, 2022/01/21, 16:47:33.759, 6122538390170, vstest.console.dll, AssemblyResolver.OnResolve: Microsoft.VisualStudio.TestPlatform.Fakes: Assembly path does not exist: 'C:\Program Files\dotnet\sdk\6.0.100-preview.5.21302.13\Microsoft.VisualStudio.TestPlatform.Fakes.exe', returning.
TpTrace Information: 0 : 16704, 1, 2022/01/21, 16:47:33.759, 6122538391001, vstest.console.dll, AssemblyResolver.OnResolve: Microsoft.VisualStudio.TestPlatform.Fakes: Failed to load assembly.
TpTrace Information: 0 : 16704, 1, 2022/01/21, 16:47:33.760, 6122538395644, vstest.console.dll, Failed to load assembly Microsoft.VisualStudio.TestPlatform.Fakes, Version=17.0.0.0, Culture=neutral. Reason:System.IO.FileNotFoundException: Could not load file or assembly 'Microsoft.VisualStudio.TestPlatform.Fakes, Version=17.0.0.0, Culture=neutral, PublicKeyToken=null'. The system cannot find the file specified.
File name: 'Microsoft.VisualStudio.TestPlatform.Fakes, Version=17.0.0.0, Culture=neutral, PublicKeyToken=null'
   at System.Reflection.RuntimeAssembly.InternalLoad(ObjectHandleOnStack assemblyName, ObjectHandleOnStack requestingAssembly, StackCrawlMarkHandle stackMark, Boolean throwOnFileNotFound, ObjectHandleOnStack assemblyLoadContext, ObjectHandleOnStack retAssembly) in System.Private.CoreLib.dll:token 0x6004dec+0x8
   at System.Reflection.RuntimeAssembly.InternalLoad(AssemblyName assemblyName, RuntimeAssembly requestingAssembly, StackCrawlMark& stackMark, Boolean throwOnFileNotFound, AssemblyLoadContext assemblyLoadContext) in System.Private.CoreLib.dll:token 0x6004deb+0x16
   at System.Reflection.Assembly.Load(AssemblyName assemblyRef) in System.Private.CoreLib.dll:token 0x6004be2+0xe
   at Microsoft.VisualStudio.TestPlatform.Common.Utilities.FakesUtilities.LoadTestPlatformAssembly() in Microsoft.VisualStudio.TestPlatform.Common.dll:token 0x600007c+0xa
TpTrace Verbose: 0 : 16704, 1, 2022/01/21, 16:47:33.765, 6122538450464, vstest.console.dll, TestPluginCache.DiscoverTestExtensions: finding test extensions in assemblies ends with: TestLogger.dll TPluginInfo: Microsoft.VisualStudio.TestPlatform.Common.ExtensionFramework.Utilities.TestLoggerPluginInformation TExtension: Microsoft.VisualStudio.TestPlatform.ObjectModel.Client.ITestLogger
TpTrace Verbose: 0 : 16704, 1, 2022/01/21, 16:47:33.766, 6122538451737, vstest.console.dll, TestPluginCache.GetExtensionPaths: Filtered extension paths: 
TpTrace Verbose: 0 : 16704, 1, 2022/01/21, 16:47:33.766, 6122538452236, vstest.console.dll, TestPluginCache.GetExtensionPaths: Added default extension paths: C:\Program Files\dotnet\sdk\6.0.100-preview.5.21302.13\Extensions\Microsoft.Diagnostics.NETCore.Client.dll
C:\Program Files\dotnet\sdk\6.0.100-preview.5.21302.13\Extensions\Microsoft.TestPlatform.Extensions.BlameDataCollector.dll
C:\Program Files\dotnet\sdk\6.0.100-preview.5.21302.13\Extensions\Microsoft.TestPlatform.Extensions.EventLogCollector.dll
C:\Program Files\dotnet\sdk\6.0.100-preview.5.21302.13\Extensions\Microsoft.TestPlatform.TestHostRuntimeProvider.dll
C:\Program Files\dotnet\sdk\6.0.100-preview.5.21302.13\Extensions\Microsoft.VisualStudio.TestPlatform.Extensions.Html.TestLogger.dll
C:\Program Files\dotnet\sdk\6.0.100-preview.5.21302.13\Extensions\Microsoft.VisualStudio.TestPlatform.Extensions.Trx.TestLogger.dll
TpTrace Verbose: 0 : 16704, 1, 2022/01/21, 16:47:33.766, 6122538452708, vstest.console.dll, TestPluginCache.GetExtensionPaths: Added unfilterableExtensionPaths: 
TpTrace Information: 0 : 16704, 1, 2022/01/21, 16:47:33.766, 6122538454861, vstest.console.dll, AssemblyResolver.AddSearchDirectories: Adding more searchDirectories C:\Program Files\dotnet\sdk\6.0.100-preview.5.21302.13\Extensions,C:\Program Files\dotnet\sdk\6.0.100-preview.5.21302.13
TpTrace Verbose: 0 : 16704, 1, 2022/01/21, 16:47:33.766, 6122538455571, vstest.console.dll, TestPluginCache.DiscoverTestExtensions: Discovering the extensions using extension path.
TpTrace Verbose: 0 : 16704, 1, 2022/01/21, 16:47:33.766, 6122538456275, vstest.console.dll, TestPluginCache.GetExtensionPaths: Filtered extension paths: 
TpTrace Verbose: 0 : 16704, 1, 2022/01/21, 16:47:33.766, 6122538456872, vstest.console.dll, TestPluginCache.GetExtensionPaths: Added default extension paths: C:\Program Files\dotnet\sdk\6.0.100-preview.5.21302.13\Extensions\Microsoft.Diagnostics.NETCore.Client.dll
C:\Program Files\dotnet\sdk\6.0.100-preview.5.21302.13\Extensions\Microsoft.TestPlatform.Extensions.BlameDataCollector.dll
C:\Program Files\dotnet\sdk\6.0.100-preview.5.21302.13\Extensions\Microsoft.TestPlatform.Extensions.EventLogCollector.dll
C:\Program Files\dotnet\sdk\6.0.100-preview.5.21302.13\Extensions\Microsoft.TestPlatform.TestHostRuntimeProvider.dll
C:\Program Files\dotnet\sdk\6.0.100-preview.5.21302.13\Extensions\Microsoft.VisualStudio.TestPlatform.Extensions.Html.TestLogger.dll
C:\Program Files\dotnet\sdk\6.0.100-preview.5.21302.13\Extensions\Microsoft.VisualStudio.TestPlatform.Extensions.Trx.TestLogger.dll
TpTrace Verbose: 0 : 16704, 1, 2022/01/21, 16:47:33.766, 6122538457421, vstest.console.dll, TestPluginCache.GetExtensionPaths: Added unfilterableExtensionPaths: 
TpTrace Verbose: 0 : 16704, 1, 2022/01/21, 16:47:33.766, 6122538457791, vstest.console.dll, TestPluginCache.DiscoverTestExtensions: Discovering the extensions using allExtensionPaths: C:\Program Files\dotnet\sdk\6.0.100-preview.5.21302.13\Extensions\Microsoft.Diagnostics.NETCore.Client.dll
C:\Program Files\dotnet\sdk\6.0.100-preview.5.21302.13\Extensions\Microsoft.TestPlatform.Extensions.BlameDataCollector.dll
C:\Program Files\dotnet\sdk\6.0.100-preview.5.21302.13\Extensions\Microsoft.TestPlatform.Extensions.EventLogCollector.dll
C:\Program Files\dotnet\sdk\6.0.100-preview.5.21302.13\Extensions\Microsoft.TestPlatform.TestHostRuntimeProvider.dll
C:\Program Files\dotnet\sdk\6.0.100-preview.5.21302.13\Extensions\Microsoft.VisualStudio.TestPlatform.Extensions.Html.TestLogger.dll
C:\Program Files\dotnet\sdk\6.0.100-preview.5.21302.13\Extensions\Microsoft.VisualStudio.TestPlatform.Extensions.Trx.TestLogger.dll
TpTrace Information: 0 : 16704, 1, 2022/01/21, 16:47:33.766, 6122538458378, vstest.console.dll, AssemblyResolver.AddSearchDirectories: Adding more searchDirectories C:\Program Files\dotnet\sdk\6.0.100-preview.5.21302.13\Extensions,C:\Program Files\dotnet\sdk\6.0.100-preview.5.21302.13
TpTrace Information: 0 : 16704, 1, 2022/01/21, 16:47:33.766, 6122538458805, vstest.console.dll, AssemblyResolver.AddSearchDirectories: Adding more searchDirectories C:\Program Files\dotnet\sdk\6.0.100-preview.5.21302.13\Extensions,C:\Program Files\dotnet\sdk\6.0.100-preview.5.21302.13
TpTrace Information: 0 : 16704, 1, 2022/01/21, 16:47:33.766, 6122538459935, vstest.console.dll, AssemblyResolver.AddSearchDirectories: Adding more searchDirectories C:\Program Files\dotnet\sdk\6.0.100-preview.5.21302.13\Extensions,C:\Program Files\dotnet\sdk\6.0.100-preview.5.21302.13
TpTrace Information: 0 : 16704, 1, 2022/01/21, 16:47:33.766, 6122538460420, vstest.console.dll, AssemblyResolver.AddSearchDirectories: Adding more searchDirectories C:\Program Files\dotnet\sdk\6.0.100-preview.5.21302.13\Extensions,C:\Program Files\dotnet\sdk\6.0.100-preview.5.21302.13
TpTrace Information: 0 : 16704, 1, 2022/01/21, 16:47:33.766, 6122538460850, vstest.console.dll, AssemblyResolver.AddSearchDirectories: Adding more searchDirectories C:\Program Files\dotnet\sdk\6.0.100-preview.5.21302.13\Extensions,C:\Program Files\dotnet\sdk\6.0.100-preview.5.21302.13
TpTrace Information: 0 : 16704, 1, 2022/01/21, 16:47:33.767, 6122538461220, vstest.console.dll, AssemblyResolver.AddSearchDirectories: Adding more searchDirectories C:\Program Files\dotnet\sdk\6.0.100-preview.5.21302.13\Extensions,C:\Program Files\dotnet\sdk\6.0.100-preview.5.21302.13
TpTrace Information: 0 : 16704, 1, 2022/01/21, 16:47:33.767, 6122538464097, vstest.console.dll, AssemblyResolver.OnResolve: Microsoft.Bcl.AsyncInterfaces: Resolving assembly.
TpTrace Information: 0 : 16704, 1, 2022/01/21, 16:47:33.767, 6122538464631, vstest.console.dll, AssemblyResolver.OnResolve: Microsoft.Bcl.AsyncInterfaces: Resolved from cache.
TpTrace Verbose: 0 : 16704, 1, 2022/01/21, 16:47:33.767, 6122538465110, vstest.console.dll, CurrentDomainAssemblyResolve: Resolving assembly 'Microsoft.Bcl.AsyncInterfaces'.
TpTrace Information: 0 : 16704, 1, 2022/01/21, 16:47:33.767, 6122538465647, vstest.console.dll, AssemblyResolver.OnResolve: Microsoft.Bcl.AsyncInterfaces: Resolving assembly.
TpTrace Information: 0 : 16704, 1, 2022/01/21, 16:47:33.767, 6122538466020, vstest.console.dll, AssemblyResolver.OnResolve: Microsoft.Bcl.AsyncInterfaces: Resolved from cache.
TpTrace Verbose: 0 : 16704, 1, 2022/01/21, 16:47:33.767, 6122538466373, vstest.console.dll, CurrentDomainAssemblyResolve: Resolving assembly 'Microsoft.Bcl.AsyncInterfaces'.
TpTrace Verbose: 0 : 16704, 1, 2022/01/21, 16:47:33.767, 6122538466695, vstest.console.dll, CurrentDomainAssemblyResolve: Failed to resolve assembly 'Microsoft.Bcl.AsyncInterfaces'.
TpTrace Verbose: 0 : 16704, 1, 2022/01/21, 16:47:33.767, 6122538468439, vstest.console.dll, CurrentDomainAssemblyResolve: Failed to resolve assembly 'Microsoft.Bcl.AsyncInterfaces'.
TpTrace Warning: 0 : 16704, 1, 2022/01/21, 16:47:33.768, 6122538472801, vstest.console.dll, TestPluginDiscoverer: Failed to get types from assembly 'Microsoft.Diagnostics.NETCore.Client, Version=0.2.2.41902, Culture=neutral, PublicKeyToken=31bf3856ad364e35'.  Skipping test extension scan for this assembly.  Error: System.Reflection.ReflectionTypeLoadException: Unable to load one or more of the requested types.
Could not load file or assembly 'Microsoft.Bcl.AsyncInterfaces, Version=1.0.0.0, Culture=neutral, PublicKeyToken=cc7b13ffcd2ddd51'. The system cannot find the file specified.
   at System.Reflection.RuntimeModule.GetTypes(RuntimeModule module)
   at System.Reflection.RuntimeModule.GetTypes() in System.Private.CoreLib.dll:token 0x6004ed8+0x0
   at System.Reflection.Assembly.GetTypes() in System.Private.CoreLib.dll:token 0x6004bed+0xe
   at Microsoft.VisualStudio.TestPlatform.Common.ExtensionFramework.TestPluginDiscoverer.GetTestExtensionsFromAssembly[TPluginInfo,TExtension](Assembly assembly, Dictionary`2 pluginInfos) in Microsoft.VisualStudio.TestPlatform.Common.dll:token 0x60001af+0x1a
System.IO.FileNotFoundException: Could not load file or assembly 'Microsoft.Bcl.AsyncInterfaces, Version=1.0.0.0, Culture=neutral, PublicKeyToken=cc7b13ffcd2ddd51'. The system cannot find the file specified.
File name: 'Microsoft.Bcl.AsyncInterfaces, Version=1.0.0.0, Culture=neutral, PublicKeyToken=cc7b13ffcd2ddd51'
 ---> System.IO.FileNotFoundException: Could not load file or assembly 'Microsoft.Bcl.AsyncInterfaces, Culture=neutral, PublicKeyToken=null'. The system cannot find the file specified.
File name: 'Microsoft.Bcl.AsyncInterfaces, Culture=neutral, PublicKeyToken=null'
   at System.Reflection.RuntimeAssembly.InternalLoad(ObjectHandleOnStack assemblyName, ObjectHandleOnStack requestingAssembly, StackCrawlMarkHandle stackMark, Boolean throwOnFileNotFound, ObjectHandleOnStack assemblyLoadContext, ObjectHandleOnStack retAssembly) in System.Private.CoreLib.dll:token 0x6004dec+0x8
   at System.Reflection.RuntimeAssembly.InternalLoad(AssemblyName assemblyName, RuntimeAssembly requestingAssembly, StackCrawlMark& stackMark, Boolean throwOnFileNotFound, AssemblyLoadContext assemblyLoadContext) in System.Private.CoreLib.dll:token 0x6004deb+0x16
   at System.Reflection.Assembly.Load(AssemblyName assemblyRef) in System.Private.CoreLib.dll:token 0x6004be2+0xe
   at Microsoft.VisualStudio.TestPlatform.Common.ExtensionFramework.TestPluginCache.CurrentDomainAssemblyResolve(Object sender, AssemblyResolveEventArgs args) in Microsoft.VisualStudio.TestPlatform.Common.dll:token 0x60001a9+0x64
   at Microsoft.VisualStudio.TestPlatform.PlatformAbstractions.PlatformAssemblyResolver.AssemblyResolverEvent(Object sender, Object eventArgs) in Microsoft.TestPlatform.PlatformAbstractions.dll:token 0x600004a+0x1c
   at System.Runtime.Loader.AssemblyLoadContext.GetFirstResolvedAssemblyFromResolvingEvent(AssemblyName assemblyName) in System.Private.CoreLib.dll:token 0x60035f8+0x24
   at System.Runtime.Loader.AssemblyLoadContext.ResolveUsingEvent(AssemblyName assemblyName) in System.Private.CoreLib.dll:token 0x60035fb+0x7
   at System.Runtime.Loader.AssemblyLoadContext.ResolveUsingResolvingEvent(IntPtr gchManagedAssemblyLoadContext, AssemblyName assemblyName) in System.Private.CoreLib.dll:token 0x60035bc+0x7
TpTrace Warning: 0 : 16704, 1, 2022/01/21, 16:47:33.768, 6122538474866, vstest.console.dll, LoaderExceptions: System.IO.FileNotFoundException: Could not load file or assembly 'Microsoft.Bcl.AsyncInterfaces, Version=1.0.0.0, Culture=neutral, PublicKeyToken=cc7b13ffcd2ddd51'. The system cannot find the file specified.
File name: 'Microsoft.Bcl.AsyncInterfaces, Version=1.0.0.0, Culture=neutral, PublicKeyToken=cc7b13ffcd2ddd51'
 ---> System.IO.FileNotFoundException: Could not load file or assembly 'Microsoft.Bcl.AsyncInterfaces, Culture=neutral, PublicKeyToken=null'. The system cannot find the file specified.
File name: 'Microsoft.Bcl.AsyncInterfaces, Culture=neutral, PublicKeyToken=null'
   at System.Reflection.RuntimeAssembly.InternalLoad(ObjectHandleOnStack assemblyName, ObjectHandleOnStack requestingAssembly, StackCrawlMarkHandle stackMark, Boolean throwOnFileNotFound, ObjectHandleOnStack assemblyLoadContext, ObjectHandleOnStack retAssembly) in System.Private.CoreLib.dll:token 0x6004dec+0x8
   at System.Reflection.RuntimeAssembly.InternalLoad(AssemblyName assemblyName, RuntimeAssembly requestingAssembly, StackCrawlMark& stackMark, Boolean throwOnFileNotFound, AssemblyLoadContext assemblyLoadContext) in System.Private.CoreLib.dll:token 0x6004deb+0x16
   at System.Reflection.Assembly.Load(AssemblyName assemblyRef) in System.Private.CoreLib.dll:token 0x6004be2+0xe
   at Microsoft.VisualStudio.TestPlatform.Common.ExtensionFramework.TestPluginCache.CurrentDomainAssemblyResolve(Object sender, AssemblyResolveEventArgs args) in Microsoft.VisualStudio.TestPlatform.Common.dll:token 0x60001a9+0x64
   at Microsoft.VisualStudio.TestPlatform.PlatformAbstractions.PlatformAssemblyResolver.AssemblyResolverEvent(Object sender, Object eventArgs) in Microsoft.TestPlatform.PlatformAbstractions.dll:token 0x600004a+0x1c
   at System.Runtime.Loader.AssemblyLoadContext.GetFirstResolvedAssemblyFromResolvingEvent(AssemblyName assemblyName) in System.Private.CoreLib.dll:token 0x60035f8+0x24
   at System.Runtime.Loader.AssemblyLoadContext.ResolveUsingEvent(AssemblyName assemblyName) in System.Private.CoreLib.dll:token 0x60035fb+0x7
   at System.Runtime.Loader.AssemblyLoadContext.ResolveUsingResolvingEvent(IntPtr gchManagedAssemblyLoadContext, AssemblyName assemblyName) in System.Private.CoreLib.dll:token 0x60035bc+0x7
TpTrace Verbose: 0 : 16704, 1, 2022/01/21, 16:47:33.768, 6122538479188, vstest.console.dll, TestPluginCache: Discovered the extensions using extension path ''.
TpTrace Verbose: 0 : 16704, 1, 2022/01/21, 16:47:33.768, 6122538479744, vstest.console.dll, TestPluginCache: Discoverers are ''.
TpTrace Verbose: 0 : 16704, 1, 2022/01/21, 16:47:33.768, 6122538480084, vstest.console.dll, TestPluginCache: Executors are ''.
TpTrace Verbose: 0 : 16704, 1, 2022/01/21, 16:47:33.768, 6122538480380, vstest.console.dll, TestPluginCache: Executors2 are ''.
TpTrace Verbose: 0 : 16704, 1, 2022/01/21, 16:47:33.768, 6122538480669, vstest.console.dll, TestPluginCache: Setting providers are ''.
TpTrace Verbose: 0 : 16704, 1, 2022/01/21, 16:47:33.769, 6122538481518, vstest.console.dll, TestPluginCache: Loggers are 'logger://Microsoft/TestPlatform/Extensions/Blame/v1,logger://Microsoft/TestPlatform/HtmlLogger/v1,logger://Microsoft/TestPlatform/TrxLogger/v1'.
TpTrace Information: 0 : 16704, 1, 2022/01/21, 16:47:33.769, 6122538488971, vstest.console.dll, TestPluginManager.CreateTestExtension: Attempting to load test extension: Microsoft.TestPlatform.Extensions.BlameDataCollector.BlameLogger
TpTrace Information: 0 : 16704, 1, 2022/01/21, 16:47:33.777, 6122538568213, vstest.console.dll, TestPluginManager.CreateTestExtension: Attempting to load test extension: Microsoft.VisualStudio.TestPlatform.CrossPlatEngine.Hosting.DefaultTestHostManager
TpTrace Information: 0 : 16704, 1, 2022/01/21, 16:47:33.778, 6122538572239, vstest.console.dll, TestPluginManager.CreateTestExtension: Attempting to load test extension: Microsoft.VisualStudio.TestPlatform.CrossPlatEngine.Hosting.DotnetTestHostManager
TpTrace Verbose: 0 : 16704, 1, 2022/01/21, 16:47:33.778, 6122538578533, vstest.console.dll, TestEngine: Initializing Parallel Execution as MaxCpuCount is set to: 1
TpTrace Information: 0 : 16704, 1, 2022/01/21, 16:47:33.779, 6122538584987, vstest.console.dll, InferRunSettingsHelper.IsTestSettingsEnabled: Unable to navigate to RunSettings/MSTest. Current node: RunSettings
TpTrace Verbose: 0 : 16704, 1, 2022/01/21, 16:47:33.796, 6122538759396, vstest.console.dll, TestRequestSender is acting as server
TpTrace Verbose: 0 : 16704, 5, 2022/01/21, 16:47:33.802, 6122538817711, vstest.console.dll, DataCollectionRequestSender.InitializeCommunication : Initialize communication. 
TpTrace Information: 0 : 16704, 5, 2022/01/21, 16:47:33.812, 6122538915175, vstest.console.dll, Listening on Endpoint : 127.0.0.1:27986
TpTrace Verbose: 0 : 16704, 5, 2022/01/21, 16:47:33.825, 6122539043687, vstest.console.dll, DotnetDataCollectionLauncher: Full path of dotnet.exe is C:\Program Files\dotnet\dotnet.exe
TpTrace Verbose: 0 : 16704, 5, 2022/01/21, 16:47:33.825, 6122539050791, vstest.console.dll, DotnetDataCollectionLauncher: Adding  --runtimeconfig "C:\Program Files\dotnet\sdk\6.0.100-preview.5.21302.13\datacollector.runtimeconfig.json" in args
TpTrace Verbose: 0 : 16704, 5, 2022/01/21, 16:47:33.826, 6122539051821, vstest.console.dll, DotnetDataCollectionLauncher: Adding  --depsfile "C:\Program Files\dotnet\sdk\6.0.100-preview.5.21302.13\datacollector.deps.json" in args
TpTrace Information: 0 : 16704, 5, 2022/01/21, 16:47:33.837, 6122539165849, vstest.console.dll, ProxyDataCollectionManager.Initialize: Launched datacollector processId: 25244 port: 27986
TpTrace Information: 0 : 16704, 5, 2022/01/21, 16:47:33.837, 6122539169389, vstest.console.dll, ProxyDataCollectionManager.Initialize: waiting for connection with timeout: 90 seconds
TpTrace Verbose: 0 : 16704, 5, 2022/01/21, 16:47:33.837, 6122539170756, vstest.console.dll, DataCollectionRequestSender.WaitForRequestHandlerConnection : Waiting for connection with timeout: 90000
TpTrace Information: 0 : 16704, 8, 2022/01/21, 16:47:34.063, 6122541422212, vstest.console.dll, Using the buffer size of 16384 bytes
TpTrace Verbose: 0 : 16704, 5, 2022/01/21, 16:47:34.063, 6122541423671, vstest.console.dll, ProxyDataCollectionManager.InvokeDataCollectionServiceAction: Starting.
TpTrace Information: 0 : 16704, 8, 2022/01/21, 16:47:34.063, 6122541424756, vstest.console.dll, Accepted Client request and set the flag
TpTrace Information: 0 : 16704, 5, 2022/01/21, 16:47:34.063, 6122541427080, vstest.console.dll, ProxyDataCollectionManager.BeforeTestRunStart: Get environment variable and port for datacollector processId: 25244 port: 27986
TpTrace Verbose: 0 : 16704, 5, 2022/01/21, 16:47:34.063, 6122541430192, vstest.console.dll, DataCollectionRequestSender.SendBeforeTestRunStartAndGetResult : Send BeforeTestRunStart message with settingsXml <RunSettings><RunConfiguration><ResultsDirectory>C:\sitcs\Projects\Azure.Services.Interaction\Azure.Services.Interaction.B2C.Test\bin\Debug\net5.0\fine-code-coverage\coverage-tool-output</ResultsDirectory><TargetPlatform>X64</TargetPlatform><TargetFrameworkVersion>.NETCoreApp,Version=v5.0</TargetFrameworkVersion><DesignMode>False</DesignMode><CollectSourceInformation>False</CollectSourceInformation><TestAdaptersPaths>C:\Program Files\dotnet\sdk\6.0.100-preview.5.21302.13\Extensions</TestAdaptersPaths></RunConfiguration><LoggerRunSettings><Loggers><Logger friendlyName="blame" enabled="True" /><Logger friendlyName="Console" uri="logger://microsoft/TestPlatform/ConsoleLogger/v1" assemblyQualifiedName="Microsoft.VisualStudio.TestPlatform.CommandLine.Internal.ConsoleLogger, vstest.console, Version=15.0.0.0, Culture=neutral, PublicKeyToken=b03f5f7f11d50a3a" codeBase="C:\Program Files\dotnet\sdk\6.0.100-preview.5.21302.13\vstest.console.dll" enabled="True" /></Loggers></LoggerRunSettings><DataCollectionRunSettings><DataCollectors><DataCollector friendlyName="blame" enabled="True"><Configuration><ResultsDirectory>C:\sitcs\Projects\Azure.Services.Interaction\Azure.Services.Interaction.B2C.Test\bin\Debug\net5.0\fine-code-coverage\coverage-tool-output</ResultsDirectory></Configuration></DataCollector></DataCollectors></DataCollectionRunSettings></RunSettings> and sources System.Linq.Enumerable+Concat2Iterator`1[System.String]: 
TpTrace Verbose: 0 : 16704, 5, 2022/01/21, 16:47:34.206, 6122542856478, vstest.console.dll, DataCollectionRequestSender.SendBeforeTestRunStartAndGetResult : Received message: (DataCollection.SendMessage) -> {
  "FriendlyName": null,
  "Uri": null,
  "TestCaseId": "00000000-0000-0000-0000-000000000000",
  "Message": "Logging DataCollector Diagnostics in file: C:\\sitcs\\Projects\\Azure.Services.Interaction\\Azure.Services.Interaction.B2C.Test\\bin\\Debug\\net5.0\\fine-code-coverage\\coverage-tool-output\\diagnostics.datacollector.22-01-21_16-47-33_82053_5.log",
  "Level": 0
}
TpTrace Verbose: 0 : 16704, 5, 2022/01/21, 16:47:34.346, 6122544252696, vstest.console.dll, DataCollectionRequestSender.SendBeforeTestRunStartAndGetResult : Received message: (DataCollection.BeforeTestRunStartResult) -> {
  "EnvironmentVariables": {},
  "DataCollectionEventsPort": 27988
}
TpTrace Information: 0 : 16704, 5, 2022/01/21, 16:47:34.350, 6122544299852, vstest.console.dll, ProxyDataCollectionManager.BeforeTestRunStart: SendBeforeTestRunStartAndGetResult successful, env variable from datacollector:   and testhost port: 27988
TpTrace Information: 0 : 16704, 5, 2022/01/21, 16:47:34.350, 6122544301178, vstest.console.dll, ProxyDataCollectionManager.InvokeDataCollectionServiceAction: Completed.
TpTrace Verbose: 0 : 16704, 1, 2022/01/21, 16:47:34.351, 6122544303037, vstest.console.dll, TestRunRequest.ExecuteAsync: Creating test run request.
TpTrace Verbose: 0 : 16704, 1, 2022/01/21, 16:47:34.351, 6122544307659, vstest.console.dll, TestRunRequest.ExecuteAsync: Starting.
TpTrace Information: 0 : 16704, 1, 2022/01/21, 16:47:34.352, 6122544314093, vstest.console.dll, TestRunRequest.ExecuteAsync: Starting run with settings:TestRunCriteria:
   KeepAlive=False,FrequencyOfRunStatsChangeEvent=10,RunStatsChangeEventTimeout=00:00:01.5000000,TestCaseFilter=,TestExecutorLauncher=
   Settingsxml=<RunSettings>
  <RunConfiguration>
    <ResultsDirectory>C:\sitcs\Projects\Azure.Services.Interaction\Azure.Services.Interaction.B2C.Test\bin\Debug\net5.0\fine-code-coverage\coverage-tool-output</ResultsDirectory>
    <TargetPlatform>X64</TargetPlatform>
    <TargetFrameworkVersion>.NETCoreApp,Version=v5.0</TargetFrameworkVersion>
    <DesignMode>False</DesignMode>
    <CollectSourceInformation>False</CollectSourceInformation>
  </RunConfiguration>
  <LoggerRunSettings>
    <Loggers>
      <Logger friendlyName="blame" enabled="True" />
      <Logger friendlyName="Console" uri="logger://microsoft/TestPlatform/ConsoleLogger/v1" assemblyQualifiedName="Microsoft.VisualStudio.TestPlatform.CommandLine.Internal.ConsoleLogger, vstest.console, Version=15.0.0.0, Culture=neutral, PublicKeyToken=b03f5f7f11d50a3a" codeBase="C:\Program Files\dotnet\sdk\6.0.100-preview.5.21302.13\vstest.console.dll" enabled="True" />
    </Loggers>
  </LoggerRunSettings>
  <DataCollectionRunSettings>
    <DataCollectors>
      <DataCollector friendlyName="blame" enabled="True">
        <Configuration>
          <ResultsDirectory>C:\sitcs\Projects\Azure.Services.Interaction\Azure.Services.Interaction.B2C.Test\bin\Debug\net5.0\fine-code-coverage\coverage-tool-output</ResultsDirectory>
        </Configuration>
      </DataCollector>
    </DataCollectors>
  </DataCollectionRunSettings>
</RunSettings>

TpTrace Verbose: 0 : 16704, 1, 2022/01/21, 16:47:34.352, 6122544314929, vstest.console.dll, TestRunRequest.ExecuteAsync: Wait for the first run request is over.
TpTrace Verbose: 0 : 16704, 1, 2022/01/21, 16:47:34.352, 6122544320051, vstest.console.dll, ParallelProxyExecutionManager: Start execution. Total sources: 1
TpTrace Information: 0 : 16704, 1, 2022/01/21, 16:47:34.354, 6122544332664, vstest.console.dll, ProxyParallelExecutionManager: Triggering test run for next source: C:\sitcs\Projects\Azure.Services.Interaction\Azure.Services.Interaction.B2C.Test\bin\Debug\net5.0\fine-code-coverage\build-output\Azure.Services.Interaction.B2C.Test.dll
TpTrace Verbose: 0 : 16704, 5, 2022/01/21, 16:47:34.354, 6122544336090, vstest.console.dll, ParallelProxyExecutionManager: Execution started. Started clients: 1
TpTrace Verbose: 0 : 16704, 1, 2022/01/21, 16:47:34.354, 6122544336939, vstest.console.dll, ProxyParallelExecutionManager: No sources available for execution.
TpTrace Information: 0 : 16704, 1, 2022/01/21, 16:47:34.354, 6122544338139, vstest.console.dll, TestRunRequest.ExecuteAsync: Started.
TpTrace Verbose: 0 : 16704, 1, 2022/01/21, 16:47:34.354, 6122544339490, vstest.console.dll, TestRunRequest.WaitForCompletion: Waiting with timeout -1.
TpTrace Verbose: 0 : 16704, 5, 2022/01/21, 16:47:34.354, 6122544341163, vstest.console.dll, TestRunRequest:SendTestRunMessage: Starting.
TpTrace Information: 0 : 16704, 5, 2022/01/21, 16:47:34.355, 6122544343050, vstest.console.dll, TestRunRequest:SendTestRunMessage: Completed.
TpTrace Verbose: 0 : 16704, 5, 2022/01/21, 16:47:34.355, 6122544346842, vstest.console.dll, ProxyExecutionManager: Test host is always Lazy initialize.
TpTrace Verbose: 0 : 16704, 5, 2022/01/21, 16:47:34.355, 6122544350851, vstest.console.dll, TestRequestSender.InitializeCommunication: initialize communication. 
TpTrace Information: 0 : 16704, 5, 2022/01/21, 16:47:34.357, 6122544362490, vstest.console.dll, SocketServer.Start: Listening on endpoint : 127.0.0.1:27989
TpTrace Verbose: 0 : 16704, 5, 2022/01/21, 16:47:34.358, 6122544374311, vstest.console.dll, DotnetTestHostmanager: Adding  --runtimeconfig "C:\sitcs\Projects\Azure.Services.Interaction\Azure.Services.Interaction.B2C.Test\bin\Debug\net5.0\fine-code-coverage\build-output\Azure.Services.Interaction.B2C.Test.runtimeconfig.json" in args
TpTrace Verbose: 0 : 16704, 5, 2022/01/21, 16:47:34.358, 6122544375737, vstest.console.dll, DotnetTestHostmanager: Adding  --depsfile "C:\sitcs\Projects\Azure.Services.Interaction\Azure.Services.Interaction.B2C.Test\bin\Debug\net5.0\fine-code-coverage\build-output\Azure.Services.Interaction.B2C.Test.deps.json" in args
TpTrace Verbose: 0 : 16704, 5, 2022/01/21, 16:47:34.358, 6122544378734, vstest.console.dll, DotnetTestHostManager: Testhost.exe/testhost.x86.exe found at path: C:\sitcs\Projects\Azure.Services.Interaction\Azure.Services.Interaction.B2C.Test\bin\Debug\net5.0\fine-code-coverage\build-output\testhost.exe
TpTrace Verbose: 0 : 16704, 5, 2022/01/21, 16:47:34.358, 6122544379436, vstest.console.dll, DotnetTestHostmanager: Full path of host exe is C:\sitcs\Projects\Azure.Services.Interaction\Azure.Services.Interaction.B2C.Test\bin\Debug\net5.0\fine-code-coverage\build-output\testhost.exe
TpTrace Verbose: 0 : 16704, 11, 2022/01/21, 16:47:34.359, 6122544389793, vstest.console.dll, DotnetTestHostManager: Starting process 'C:\sitcs\Projects\Azure.Services.Interaction\Azure.Services.Interaction.B2C.Test\bin\Debug\net5.0\fine-code-coverage\build-output\testhost.exe' with command line ' --runtimeconfig "C:\sitcs\Projects\Azure.Services.Interaction\Azure.Services.Interaction.B2C.Test\bin\Debug\net5.0\fine-code-coverage\build-output\Azure.Services.Interaction.B2C.Test.runtimeconfig.json" --depsfile "C:\sitcs\Projects\Azure.Services.Interaction\Azure.Services.Interaction.B2C.Test\bin\Debug\net5.0\fine-code-coverage\build-output\Azure.Services.Interaction.B2C.Test.deps.json" --port 27989 --endpoint 127.0.0.1:027989 --role client --parentprocessid 16704 --diag "C:\sitcs\Projects\Azure.Services.Interaction\Azure.Services.Interaction.B2C.Test\bin\Debug\net5.0\fine-code-coverage\coverage-tool-output\diagnostics.host.22-01-21_16-47-34_35779_5.log" --tracelevel 4 --datacollectionport 27988 --telemetryoptedin false'
TpTrace Verbose: 0 : 16704, 11, 2022/01/21, 16:47:34.368, 6122544479368, vstest.console.dll, Test Runtime launched
TpTrace Verbose: 0 : 16704, 5, 2022/01/21, 16:47:34.369, 6122544489019, vstest.console.dll, TestRequestSender.WaitForRequestHandlerConnection: waiting for connection with timeout: 90000
TpTrace Verbose: 0 : 16704, 11, 2022/01/21, 16:47:34.726, 6122548059429, vstest.console.dll, SocketServer.OnClientConnected: Client connected for endPoint: 127.0.0.1:27989, starting MessageLoopAsync:
TpTrace Verbose: 0 : 16704, 11, 2022/01/21, 16:47:34.727, 6122548062414, vstest.console.dll, TcpClientExtensions.MessageLoopAsync: Polling on remoteEndPoint: 127.0.0.1:27990 localEndPoint: 127.0.0.1:27989
TpTrace Verbose: 0 : 16704, 11, 2022/01/21, 16:47:35.009, 6122550881283, vstest.console.dll, TcpClientExtensions.MessageLoopAsync: NotifyDataAvailable remoteEndPoint: 127.0.0.1:27990 localEndPoint: 127.0.0.1:27989
TpTrace Verbose: 0 : 16704, 11, 2022/01/21, 16:47:35.009, 6122550885069, vstest.console.dll, TestRequestSender.CheckVersionWithTestHost: onMessageReceived received message: (ProtocolVersion) -> 5
TpTrace Verbose: 0 : 16704, 11, 2022/01/21, 16:47:35.010, 6122550891509, vstest.console.dll, TcpClientExtensions.MessageLoopAsync: Polling on remoteEndPoint: 127.0.0.1:27990 localEndPoint: 127.0.0.1:27989
TpTrace Verbose: 0 : 16704, 5, 2022/01/21, 16:47:35.010, 6122550892680, vstest.console.dll, TestPluginCache.GetExtensionPaths: Filtered extension paths: 
TpTrace Verbose: 0 : 16704, 5, 2022/01/21, 16:47:35.010, 6122550893484, vstest.console.dll, TestPluginCache.GetExtensionPaths: Added default extension paths: C:\Program Files\dotnet\sdk\6.0.100-preview.5.21302.13\Extensions\Microsoft.Diagnostics.NETCore.Client.dll
C:\Program Files\dotnet\sdk\6.0.100-preview.5.21302.13\Extensions\Microsoft.TestPlatform.Extensions.BlameDataCollector.dll
C:\Program Files\dotnet\sdk\6.0.100-preview.5.21302.13\Extensions\Microsoft.TestPlatform.Extensions.EventLogCollector.dll
C:\Program Files\dotnet\sdk\6.0.100-preview.5.21302.13\Extensions\Microsoft.TestPlatform.TestHostRuntimeProvider.dll
C:\Program Files\dotnet\sdk\6.0.100-preview.5.21302.13\Extensions\Microsoft.VisualStudio.TestPlatform.Extensions.Html.TestLogger.dll
C:\Program Files\dotnet\sdk\6.0.100-preview.5.21302.13\Extensions\Microsoft.VisualStudio.TestPlatform.Extensions.Trx.TestLogger.dll
TpTrace Verbose: 0 : 16704, 5, 2022/01/21, 16:47:35.010, 6122550894329, vstest.console.dll, TestPluginCache.GetExtensionPaths: Added unfilterableExtensionPaths: 
TpTrace Verbose: 0 : 16704, 5, 2022/01/21, 16:47:35.015, 6122550942273, vstest.console.dll, TestRequestSender.InitializeExecution: Sending initializing execution with message: {"Version":5,"MessageType":"TestExecution.Initialize","Payload":["C:\\sitcs\\Projects\\Azure.Services.Interaction\\Azure.Services.Interaction.B2C.Test\\bin\\Debug\\net5.0\\fine-code-coverage\\build-output\\xunit.runner.visualstudio.dotnetcore.testadapter.dll"]}
TpTrace Verbose: 0 : 16704, 11, 2022/01/21, 16:47:35.031, 6122551111145, vstest.console.dll, TcpClientExtensions.MessageLoopAsync: NotifyDataAvailable remoteEndPoint: 127.0.0.1:27990 localEndPoint: 127.0.0.1:27989
TpTrace Verbose: 0 : 16704, 11, 2022/01/21, 16:47:35.032, 6122551113540, vstest.console.dll, TestRequestSender.OnExecutionMessageReceived: Received message: {"Version":5,"MessageType":"TestSession.Message","Payload":{"MessageLevel":0,"Message":"Logging TestHost Diagnostics in file: C:\\sitcs\\Projects\\Azure.Services.Interaction\\Azure.Services.Interaction.B2C.Test\\bin\\Debug\\net5.0\\fine-code-coverage\\coverage-tool-output\\diagnostics.host.22-01-21_16-47-34_35779_5.log"}}
TpTrace Verbose: 0 : 16704, 5, 2022/01/21, 16:47:35.035, 6122551145702, vstest.console.dll, TestRequestSender.StartTestRun: Sending test run with message: {"Version":5,"MessageType":"TestExecution.StartWithSources","Payload":{"AdapterSourceMap":{"_none_":["C:\\sitcs\\Projects\\Azure.Services.Interaction\\Azure.Services.Interaction.B2C.Test\\bin\\Debug\\net5.0\\fine-code-coverage\\build-output\\Azure.Services.Interaction.B2C.Test.dll"]},"RunSettings":"<RunSettings>\r\n  <RunConfiguration>\r\n    <ResultsDirectory>C:\\sitcs\\Projects\\Azure.Services.Interaction\\Azure.Services.Interaction.B2C.Test\\bin\\Debug\\net5.0\\fine-code-coverage\\coverage-tool-output</ResultsDirectory>\r\n    <TargetPlatform>X64</TargetPlatform>\r\n    <TargetFrameworkVersion>.NETCoreApp,Version=v5.0</TargetFrameworkVersion>\r\n    <DesignMode>False</DesignMode>\r\n    <CollectSourceInformation>False</CollectSourceInformation>\r\n  </RunConfiguration>\r\n  <LoggerRunSettings>\r\n    <Loggers>\r\n      <Logger friendlyName=\"blame\" enabled=\"True\" />\r\n      <Logger friendlyName=\"Console\" uri=\"logger://microsoft/TestPlatform/ConsoleLogger/v1\" assemblyQualifiedName=\"Microsoft.VisualStudio.TestPlatform.CommandLine.Internal.ConsoleLogger, vstest.console, Version=15.0.0.0, Culture=neutral, PublicKeyToken=b03f5f7f11d50a3a\" codeBase=\"C:\\Program Files\\dotnet\\sdk\\6.0.100-preview.5.21302.13\\vstest.console.dll\" enabled=\"True\" />\r\n    </Loggers>\r\n  </LoggerRunSettings>\r\n  <DataCollectionRunSettings>\r\n    <DataCollectors>\r\n      <DataCollector friendlyName=\"blame\" enabled=\"True\">\r\n        <Configuration>\r\n          <ResultsDirectory>C:\\sitcs\\Projects\\Azure.Services.Interaction\\Azure.Services.Interaction.B2C.Test\\bin\\Debug\\net5.0\\fine-code-coverage\\coverage-tool-output</ResultsDirectory>\r\n        </Configuration>\r\n      </DataCollector>\r\n    </DataCollectors>\r\n  </DataCollectionRunSettings>\r\n</RunSettings>","TestExecutionContext":{"FrequencyOfRunStatsChangeEvent":10,"RunStatsChangeEventTimeout":"00:00:01.5000000","InIsolation":false,"KeepAlive":false,"AreTestCaseLevelEventsRequired":false,"IsDebug":false,"TestCaseFilter":null,"FilterOptions":null},"Package":null}}
TpTrace Verbose: 0 : 16704, 11, 2022/01/21, 16:47:35.035, 6122551146395, vstest.console.dll, TestRunRequest:SendTestRunMessage: Starting.
TpTrace Information: 0 : 16704, 11, 2022/01/21, 16:47:35.035, 6122551149784, vstest.console.dll, TestRunRequest:SendTestRunMessage: Completed.
TpTrace Verbose: 0 : 16704, 11, 2022/01/21, 16:47:35.035, 6122551150456, vstest.console.dll, TcpClientExtensions.MessageLoopAsync: Polling on remoteEndPoint: 127.0.0.1:27990 localEndPoint: 127.0.0.1:27989
TpTrace Verbose: 0 : 16704, 11, 2022/01/21, 16:47:35.324, 6122554031815, vstest.console.dll, TcpClientExtensions.MessageLoopAsync: NotifyDataAvailable remoteEndPoint: 127.0.0.1:27990 localEndPoint: 127.0.0.1:27989
TpTrace Verbose: 0 : 16704, 11, 2022/01/21, 16:47:35.324, 6122554035702, vstest.console.dll, TestRequestSender.OnExecutionMessageReceived: Received message: {"Version":5,"MessageType":"TestSession.Message","Payload":{"MessageLevel":0,"Message":"[xUnit.net 00:00:00.00] xUnit.net VSTest Adapter v2.4.3+1b45f5407b (64-bit .NET 5.0.10)"}}
TpTrace Verbose: 0 : 16704, 11, 2022/01/21, 16:47:35.324, 6122554039544, vstest.console.dll, TestRunRequest:SendTestRunMessage: Starting.
TpTrace Information: 0 : 16704, 11, 2022/01/21, 16:47:35.324, 6122554040641, vstest.console.dll, TestRunRequest:SendTestRunMessage: Completed.
TpTrace Verbose: 0 : 16704, 11, 2022/01/21, 16:47:35.325, 6122554041262, vstest.console.dll, TcpClientExtensions.MessageLoopAsync: Polling on remoteEndPoint: 127.0.0.1:27990 localEndPoint: 127.0.0.1:27989
TpTrace Verbose: 0 : 16704, 11, 2022/01/21, 16:47:36.179, 6122562585134, vstest.console.dll, TcpClientExtensions.MessageLoopAsync: NotifyDataAvailable remoteEndPoint: 127.0.0.1:27990 localEndPoint: 127.0.0.1:27989
TpTrace Verbose: 0 : 16704, 11, 2022/01/21, 16:47:36.179, 6122562586451, vstest.console.dll, TestRequestSender.OnExecutionMessageReceived: Received message: {"Version":5,"MessageType":"TestSession.Message","Payload":{"MessageLevel":0,"Message":"[xUnit.net 00:00:00.87]   Discovering: Azure.Services.Interaction.B2C.Test"}}
TpTrace Verbose: 0 : 16704, 11, 2022/01/21, 16:47:36.179, 6122562588829, vstest.console.dll, TestRunRequest:SendTestRunMessage: Starting.
TpTrace Information: 0 : 16704, 11, 2022/01/21, 16:47:36.179, 6122562589703, vstest.console.dll, TestRunRequest:SendTestRunMessage: Completed.
TpTrace Verbose: 0 : 16704, 11, 2022/01/21, 16:47:36.179, 6122562590268, vstest.console.dll, TcpClientExtensions.MessageLoopAsync: Polling on remoteEndPoint: 127.0.0.1:27990 localEndPoint: 127.0.0.1:27989
TpTrace Verbose: 0 : 16704, 11, 2022/01/21, 16:47:36.247, 6122563269907, vstest.console.dll, TcpClientExtensions.MessageLoopAsync: NotifyDataAvailable remoteEndPoint: 127.0.0.1:27990 localEndPoint: 127.0.0.1:27989
TpTrace Verbose: 0 : 16704, 11, 2022/01/21, 16:47:36.248, 6122563271710, vstest.console.dll, TestRequestSender.OnExecutionMessageReceived: Received message: {"Version":5,"MessageType":"TestSession.Message","Payload":{"MessageLevel":0,"Message":"[xUnit.net 00:00:00.94]   Discovered:  Azure.Services.Interaction.B2C.Test"}}
TpTrace Verbose: 0 : 16704, 11, 2022/01/21, 16:47:36.248, 6122563274514, vstest.console.dll, TestRunRequest:SendTestRunMessage: Starting.
TpTrace Information: 0 : 16704, 11, 2022/01/21, 16:47:36.248, 6122563275537, vstest.console.dll, TestRunRequest:SendTestRunMessage: Completed.
TpTrace Verbose: 0 : 16704, 11, 2022/01/21, 16:47:36.248, 6122563276120, vstest.console.dll, TcpClientExtensions.MessageLoopAsync: Polling on remoteEndPoint: 127.0.0.1:27990 localEndPoint: 127.0.0.1:27989
TpTrace Verbose: 0 : 16704, 11, 2022/01/21, 16:47:36.252, 6122563315265, vstest.console.dll, TcpClientExtensions.MessageLoopAsync: NotifyDataAvailable remoteEndPoint: 127.0.0.1:27990 localEndPoint: 127.0.0.1:27989
TpTrace Verbose: 0 : 16704, 11, 2022/01/21, 16:47:36.252, 6122563316835, vstest.console.dll, TestRequestSender.OnExecutionMessageReceived: Received message: {"Version":5,"MessageType":"TestSession.Message","Payload":{"MessageLevel":0,"Message":"[xUnit.net 00:00:00.94]   Starting:    Azure.Services.Interaction.B2C.Test"}}
TpTrace Verbose: 0 : 16704, 11, 2022/01/21, 16:47:36.252, 6122563319439, vstest.console.dll, TestRunRequest:SendTestRunMessage: Starting.
TpTrace Information: 0 : 16704, 11, 2022/01/21, 16:47:36.252, 6122563320495, vstest.console.dll, TestRunRequest:SendTestRunMessage: Completed.
TpTrace Verbose: 0 : 16704, 11, 2022/01/21, 16:47:36.252, 6122563321132, vstest.console.dll, TcpClientExtensions.MessageLoopAsync: Polling on remoteEndPoint: 127.0.0.1:27990 localEndPoint: 127.0.0.1:27989
TpTrace Verbose: 0 : 16704, 11, 2022/01/21, 16:47:36.691, 6122567708325, vstest.console.dll, TcpClientExtensions.MessageLoopAsync: NotifyDataAvailable remoteEndPoint: 127.0.0.1:27990 localEndPoint: 127.0.0.1:27989
TpTrace Verbose: 0 : 16704, 11, 2022/01/21, 16:47:36.692, 6122567713239, vstest.console.dll, TestRequestSender.OnExecutionMessageReceived: Received message: {"Version":5,"MessageType":"TestExecution.StatsChange","Payload":{"NewTestResults":[{"TestCase":{"Id":"2ec0ec82-9d7f-d5b0-94aa-28f687a59715","FullyQualifiedName":"Azure.Services.Interaction.B2C.Test.Services.AzureB2CUserServiceTest.GetUsersActive_ok","DisplayName":"Azure.Services.Interaction.B2C.Test.Services.AzureB2CUserServiceTest.GetUsersActive_ok","ExecutorUri":"executor://xunit/VsTestRunner2/netcoreapp","Source":"C:\\sitcs\\Projects\\Azure.Services.Interaction\\Azure.Services.Interaction.B2C.Test\\bin\\Debug\\net5.0\\fine-code-coverage\\build-output\\Azure.Services.Interaction.B2C.Test.dll","CodeFilePath":null,"LineNumber":0,"Properties":[]},"Attachments":[],"Outcome":1,"ErrorMessage":null,"ErrorStackTrace":null,"DisplayName":"Azure.Services.Interaction.B2C.Test.Services.AzureB2CUserServiceTest.GetUsersActive_ok","Messages":[],"ComputerName":"DESKTOP-TASVHQI","Duration":"00:00:00.2152431","StartTime":"2022-01-21T20:47:36.5655279+00:00","EndTime":"2022-01-21T20:47:36.5656683+00:00","Properties":[]},{"TestCase":{"Id":"4eaa6b84-81de-c8d5-658d-ccfa7725b188","FullyQualifiedName":"Azure.Services.Interaction.B2C.Test.Services.AzureB2CUserServiceTest.GetUserInfo_Throw_FailReturnCodeException_In_Get","DisplayName":"Azure.Services.Interaction.B2C.Test.Services.AzureB2CUserServiceTest.GetUserInfo_Throw_FailReturnCodeException_In_Get","ExecutorUri":"executor://xunit/VsTestRunner2/netcoreapp","Source":"C:\\sitcs\\Projects\\Azure.Services.Interaction\\Azure.Services.Interaction.B2C.Test\\bin\\Debug\\net5.0\\fine-code-coverage\\build-output\\Azure.Services.Interaction.B2C.Test.dll","CodeFilePath":null,"LineNumber":0,"Properties":[]},"Attachments":[],"Outcome":1,"ErrorMessage":null,"ErrorStackTrace":null,"DisplayName":"Azure.Services.Interaction.B2C.Test.Services.AzureB2CUserServiceTest.GetUserInfo_Throw_FailReturnCodeException_In_Get","Messages":[],"ComputerName":"DESKTOP-TASVHQI","Duration":"00:00:00.0191114","StartTime":"2022-01-21T20:47:36.6110411+00:00","EndTime":"2022-01-21T20:47:36.6110438+00:00","Properties":[]},{"TestCase":{"Id":"2e208ad0-659d-b30c-109b-2dbd4a5b399e","FullyQualifiedName":"Azure.Services.Interaction.B2C.Test.Services.AzureB2CUserServiceTest.GetUserInfo_ok","DisplayName":"Azure.Services.Interaction.B2C.Test.Services.AzureB2CUserServiceTest.GetUserInfo_ok","ExecutorUri":"executor://xunit/VsTestRunner2/netcoreapp","Source":"C:\\sitcs\\Projects\\Azure.Services.Interaction\\Azure.Services.Interaction.B2C.Test\\bin\\Debug\\net5.0\\fine-code-coverage\\build-output\\Azure.Services.Interaction.B2C.Test.dll","CodeFilePath":null,"LineNumber":0,"Properties":[]},"Attachments":[],"Outcome":1,"ErrorMessage":null,"ErrorStackTrace":null,"DisplayName":"Azure.Services.Interaction.B2C.Test.Services.AzureB2CUserServiceTest.GetUserInfo_ok","Messages":[],"ComputerName":"DESKTOP-TASVHQI","Duration":"00:00:00.0035745","StartTime":"2022-01-21T20:47:36.6145875+00:00","EndTime":"2022-01-21T20:47:36.6145915+00:00","Properties":[]},{"TestCase":{"Id":"da4f8c26-82b7-77f3-3664-763487d216f4","FullyQualifiedName":"Azure.Services.Interaction.B2C.Test.Services.AzureB2CUserServiceTest.AddUserInfo_Ok","DisplayName":"Azure.Services.Interaction.B2C.Test.Services.AzureB2CUserServiceTest.AddUserInfo_Ok","ExecutorUri":"executor://xunit/VsTestRunner2/netcoreapp","Source":"C:\\sitcs\\Projects\\Azure.Services.Interaction\\Azure.Services.Interaction.B2C.Test\\bin\\Debug\\net5.0\\fine-code-coverage\\build-output\\Azure.Services.Interaction.B2C.Test.dll","CodeFilePath":null,"LineNumber":0,"Properties":[]},"Attachments":[],"Outcome":1,"ErrorMessage":null,"ErrorStackTrace":null,"DisplayName":"Azure.Services.Interaction.B2C.Test.Services.AzureB2CUserServiceTest.AddUserInfo_Ok","Messages":[],"ComputerName":"DESKTOP-TASVHQI","Duration":"00:00:00.0112051","StartTime":"2022-01-21T20:47:36.6177306+00:00","EndTime":"2022-01-21T20:47:36.6177327+00:00","Properties":[]},{"TestCase":{"Id":"9a66f8f3-50b5-7ae0-3c8d-c38a68aabad0","FullyQualifiedName":"Azure.Services.Interaction.B2C.Test.Services.AzureB2CUserServiceTest.SaveUserInfo_Ok","DisplayName":"Azure.Services.Interaction.B2C.Test.Services.AzureB2CUserServiceTest.SaveUserInfo_Ok","ExecutorUri":"executor://xunit/VsTestRunner2/netcoreapp","Source":"C:\\sitcs\\Projects\\Azure.Services.Interaction\\Azure.Services.Interaction.B2C.Test\\bin\\Debug\\net5.0\\fine-code-coverage\\build-output\\Azure.Services.Interaction.B2C.Test.dll","CodeFilePath":null,"LineNumber":0,"Properties":[]},"Attachments":[],"Outcome":1,"ErrorMessage":null,"ErrorStackTrace":null,"DisplayName":"Azure.Services.Interaction.B2C.Test.Services.AzureB2CUserServiceTest.SaveUserInfo_Ok","Messages":[],"ComputerName":"DESKTOP-TASVHQI","Duration":"00:00:00.0043713","StartTime":"2022-01-21T20:47:36.6208454+00:00","EndTime":"2022-01-21T20:47:36.6208478+00:00","Properties":[]},{"TestCase":{"Id":"3310a7c5-56ef-a8e1-b6af-36eb0c4caf1f","FullyQualifiedName":"Azure.Services.Interaction.B2C.Test.Services.AzureB2CUserServiceTest.GetUsersActive_Throw_FailReturnCodeException_In_Get","DisplayName":"Azure.Services.Interaction.B2C.Test.Services.AzureB2CUserServiceTest.GetUsersActive_Throw_FailReturnCodeException_In_Get","ExecutorUri":"executor://xunit/VsTestRunner2/netcoreapp","Source":"C:\\sitcs\\Projects\\Azure.Services.Interaction\\Azure.Services.Interaction.B2C.Test\\bin\\Debug\\net5.0\\fine-code-coverage\\build-output\\Azure.Services.Interaction.B2C.Test.dll","CodeFilePath":null,"LineNumber":0,"Properties":[]},"Attachments":[],"Outcome":1,"ErrorMessage":null,"ErrorStackTrace":null,"DisplayName":"Azure.Services.Interaction.B2C.Test.Services.AzureB2CUserServiceTest.GetUsersActive_Throw_FailReturnCodeException_In_Get","Messages":[],"ComputerName":"DESKTOP-TASVHQI","Duration":"00:00:00.0035102","StartTime":"2022-01-21T20:47:36.6241436+00:00","EndTime":"2022-01-21T20:47:36.6241461+00:00","Properties":[]},{"TestCase":{"Id":"1f531e48-eac3-bb13-264c-1d40b4b156db","FullyQualifiedName":"Azure.Services.Interaction.B2C.Test.Services.AzureB2CUserServiceTest.ChangePassword_Throw_FailReturnCodeException_In_Put","DisplayName":"Azure.Services.Interaction.B2C.Test.Services.AzureB2CUserServiceTest.ChangePassword_Throw_FailReturnCodeException_In_Put","ExecutorUri":"executor://xunit/VsTestRunner2/netcoreapp","Source":"C:\\sitcs\\Projects\\Azure.Services.Interaction\\Azure.Services.Interaction.B2C.Test\\bin\\Debug\\net5.0\\fine-code-coverage\\build-output\\Azure.Services.Interaction.B2C.Test.dll","CodeFilePath":null,"LineNumber":0,"Properties":[]},"Attachments":[],"Outcome":1,"ErrorMessage":null,"ErrorStackTrace":null,"DisplayName":"Azure.Services.Interaction.B2C.Test.Services.AzureB2CUserServiceTest.ChangePassword_Throw_FailReturnCodeException_In_Put","Messages":[],"ComputerName":"DESKTOP-TASVHQI","Duration":"00:00:00.0126245","StartTime":"2022-01-21T20:47:36.6278875+00:00","EndTime":"2022-01-21T20:47:36.6278898+00:00","Properties":[]},{"TestCase":{"Id":"79f45df8-862d-ef10-5914-473da8be5b48","FullyQualifiedName":"Azure.Services.Interaction.B2C.Test.Services.AzureB2CUserServiceTest.ChangeUserStatus_Ok","DisplayName":"Azure.Services.Interaction.B2C.Test.Services.AzureB2CUserServiceTest.ChangeUserStatus_Ok","ExecutorUri":"executor://xunit/VsTestRunner2/netcoreapp","Source":"C:\\sitcs\\Projects\\Azure.Services.Interaction\\Azure.Services.Interaction.B2C.Test\\bin\\Debug\\net5.0\\fine-code-coverage\\build-output\\Azure.Services.Interaction.B2C.Test.dll","CodeFilePath":null,"LineNumber":0,"Properties":[]},"Attachments":[],"Outcome":1,"ErrorMessage":null,"ErrorStackTrace":null,"DisplayName":"Azure.Services.Interaction.B2C.Test.Services.AzureB2CUserServiceTest.ChangeUserStatus_Ok","Messages":[],"ComputerName":"DESKTOP-TASVHQI","Duration":"00:00:00.0159024","StartTime":"2022-01-21T20:47:36.6369949+00:00","EndTime":"2022-01-21T20:47:36.6369976+00:00","Properties":[]},{"TestCase":{"Id":"05a418a1-5812-eaf3-1b1c-82166ed097f6","FullyQualifiedName":"Azure.Services.Interaction.B2C.Test.Services.AzureB2CUserServiceTest.AddUserInfo_Throw_FailReturnCodeException_In_Post","DisplayName":"Azure.Services.Interaction.B2C.Test.Services.AzureB2CUserServiceTest.AddUserInfo_Throw_FailReturnCodeException_In_Post","ExecutorUri":"executor://xunit/VsTestRunner2/netcoreapp","Source":"C:\\sitcs\\Projects\\Azure.Services.Interaction\\Azure.Services.Interaction.B2C.Test\\bin\\Debug\\net5.0\\fine-code-coverage\\build-output\\Azure.Services.Interaction.B2C.Test.dll","CodeFilePath":null,"LineNumber":0,"Properties":[]},"Attachments":[],"Outcome":1,"ErrorMessage":null,"ErrorStackTrace":null,"DisplayName":"Azure.Services.Interaction.B2C.Test.Services.AzureB2CUserServiceTest.AddUserInfo_Throw_FailReturnCodeException_In_Post","Messages":[],"ComputerName":"DESKTOP-TASVHQI","Duration":"00:00:00.0030392","StartTime":"2022-01-21T20:47:36.6406941+00:00","EndTime":"2022-01-21T20:47:36.6406967+00:00","Properties":[]}],"TestRunStatistics":{"ExecutedTests":9,"Stats":{"Passed":9}},"ActiveTests":[{"Id":"eecc7484-457a-58a4-faef-b399c07ff7cb","FullyQualifiedName":"Azure.Services.Interaction.B2C.Test.Services.AzureB2CUserServiceTest.ChangePassword_Ok","DisplayName":"Azure.Services.Interaction.B2C.Test.Services.AzureB2CUserServiceTest.ChangePassword_Ok","ExecutorUri":"executor://xunit/VsTestRunner2/netcoreapp","Source":"C:\\sitcs\\Projects\\Azure.Services.Interaction\\Azure.Services.Interaction.B2C.Test\\bin\\Debug\\net5.0\\fine-code-coverage\\build-output\\Azure.Services.Interaction.B2C.Test.dll","CodeFilePath":null,"LineNumber":0,"Properties":[]}]}}
TpTrace Verbose: 0 : 16704, 11, 2022/01/21, 16:47:36.758, 6122568377032, vstest.console.dll, TestRunRequest:SendTestRunStatsChange: Starting.
TpTrace Verbose: 0 : 16704, 11, 2022/01/21, 16:47:36.758, 6122568379388, vstest.console.dll, InProgress is Azure.Services.Interaction.B2C.Test.Services.AzureB2CUserServiceTest.ChangePassword_Ok
TpTrace Information: 0 : 16704, 11, 2022/01/21, 16:47:36.759, 6122568382935, vstest.console.dll, TestRunRequest:SendTestRunStatsChange: Completed.
TpTrace Verbose: 0 : 16704, 11, 2022/01/21, 16:47:36.759, 6122568383868, vstest.console.dll, TcpClientExtensions.MessageLoopAsync: Polling on remoteEndPoint: 127.0.0.1:27990 localEndPoint: 127.0.0.1:27989
TpTrace Verbose: 0 : 16704, 11, 2022/01/21, 16:47:36.759, 6122568384631, vstest.console.dll, TcpClientExtensions.MessageLoopAsync: NotifyDataAvailable remoteEndPoint: 127.0.0.1:27990 localEndPoint: 127.0.0.1:27989
TpTrace Verbose: 0 : 16704, 11, 2022/01/21, 16:47:36.759, 6122568385619, vstest.console.dll, TestRequestSender.OnExecutionMessageReceived: Received message: {"Version":5,"MessageType":"TestSession.Message","Payload":{"MessageLevel":0,"Message":"[xUnit.net 00:00:01.42]   Finished:    Azure.Services.Interaction.B2C.Test"}}
TpTrace Verbose: 0 : 16704, 11, 2022/01/21, 16:47:36.759, 6122568387581, vstest.console.dll, TestRunRequest:SendTestRunMessage: Starting.
TpTrace Information: 0 : 16704, 11, 2022/01/21, 16:47:36.759, 6122568388467, vstest.console.dll, TestRunRequest:SendTestRunMessage: Completed.
TpTrace Verbose: 0 : 16704, 11, 2022/01/21, 16:47:36.759, 6122568389082, vstest.console.dll, TcpClientExtensions.MessageLoopAsync: Polling on remoteEndPoint: 127.0.0.1:27990 localEndPoint: 127.0.0.1:27989
TpTrace Verbose: 0 : 16704, 11, 2022/01/21, 16:47:36.761, 6122568402791, vstest.console.dll, TcpClientExtensions.MessageLoopAsync: NotifyDataAvailable remoteEndPoint: 127.0.0.1:27990 localEndPoint: 127.0.0.1:27989
TpTrace Verbose: 0 : 16704, 11, 2022/01/21, 16:47:36.761, 6122568405375, vstest.console.dll, TestRequestSender.OnExecutionMessageReceived: Received message: {"Version":5,"MessageType":"TestExecution.Completed","Payload":{"TestRunCompleteArgs":{"TestRunStatistics":{"ExecutedTests":15,"Stats":{"Passed":15}},"IsCanceled":false,"IsAborted":false,"Error":null,"AttachmentSets":[],"ElapsedTimeInRunningTests":"00:00:01.4398165","Metrics":{}},"LastRunTests":{"NewTestResults":[{"TestCase":{"Id":"eecc7484-457a-58a4-faef-b399c07ff7cb","FullyQualifiedName":"Azure.Services.Interaction.B2C.Test.Services.AzureB2CUserServiceTest.ChangePassword_Ok","DisplayName":"Azure.Services.Interaction.B2C.Test.Services.AzureB2CUserServiceTest.ChangePassword_Ok","ExecutorUri":"executor://xunit/VsTestRunner2/netcoreapp","Source":"C:\\sitcs\\Projects\\Azure.Services.Interaction\\Azure.Services.Interaction.B2C.Test\\bin\\Debug\\net5.0\\fine-code-coverage\\build-output\\Azure.Services.Interaction.B2C.Test.dll","CodeFilePath":null,"LineNumber":0,"Properties":[]},"Attachments":[],"Outcome":1,"ErrorMessage":null,"ErrorStackTrace":null,"DisplayName":"Azure.Services.Interaction.B2C.Test.Services.AzureB2CUserServiceTest.ChangePassword_Ok","Messages":[],"ComputerName":"DESKTOP-TASVHQI","Duration":"00:00:00.0047793","StartTime":"2022-01-21T20:47:36.6968831+00:00","EndTime":"2022-01-21T20:47:36.6968867+00:00","Properties":[]},{"TestCase":{"Id":"c19bb45d-0921-9c4c-0cdf-4723dcb962b7","FullyQualifiedName":"Azure.Services.Interaction.B2C.Test.Services.AzureB2CUserServiceTest.ChangePassword_Throw_FailReturnCodeException_In_Get","DisplayName":"Azure.Services.Interaction.B2C.Test.Services.AzureB2CUserServiceTest.ChangePassword_Throw_FailReturnCodeException_In_Get","ExecutorUri":"executor://xunit/VsTestRunner2/netcoreapp","Source":"C:\\sitcs\\Projects\\Azure.Services.Interaction\\Azure.Services.Interaction.B2C.Test\\bin\\Debug\\net5.0\\fine-code-coverage\\build-output\\Azure.Services.Interaction.B2C.Test.dll","CodeFilePath":null,"LineNumber":0,"Properties":[]},"Attachments":[],"Outcome":1,"ErrorMessage":null,"ErrorStackTrace":null,"DisplayName":"Azure.Services.Interaction.B2C.Test.Services.AzureB2CUserServiceTest.ChangePassword_Throw_FailReturnCodeException_In_Get","Messages":[],"ComputerName":"DESKTOP-TASVHQI","Duration":"00:00:00.0043129","StartTime":"2022-01-21T20:47:36.7021246+00:00","EndTime":"2022-01-21T20:47:36.7021306+00:00","Properties":[]},{"TestCase":{"Id":"e162c600-9147-88a5-206b-11849ebf71aa","FullyQualifiedName":"Azure.Services.Interaction.B2C.Test.Services.AzureB2CUserServiceTest.ChangeUserStatus_Throw_FailReturnCodeException_In_Put","DisplayName":"Azure.Services.Interaction.B2C.Test.Services.AzureB2CUserServiceTest.ChangeUserStatus_Throw_FailReturnCodeException_In_Put","ExecutorUri":"executor://xunit/VsTestRunner2/netcoreapp","Source":"C:\\sitcs\\Projects\\Azure.Services.Interaction\\Azure.Services.Interaction.B2C.Test\\bin\\Debug\\net5.0\\fine-code-coverage\\build-output\\Azure.Services.Interaction.B2C.Test.dll","CodeFilePath":null,"LineNumber":0,"Properties":[]},"Attachments":[],"Outcome":1,"ErrorMessage":null,"ErrorStackTrace":null,"DisplayName":"Azure.Services.Interaction.B2C.Test.Services.AzureB2CUserServiceTest.ChangeUserStatus_Throw_FailReturnCodeException_In_Put","Messages":[],"ComputerName":"DESKTOP-TASVHQI","Duration":"00:00:00.0059231","StartTime":"2022-01-21T20:47:36.7110443+00:00","EndTime":"2022-01-21T20:47:36.7110508+00:00","Properties":[]},{"TestCase":{"Id":"d5d9c78a-2b56-094e-16b0-752e99cb9813","FullyQualifiedName":"Azure.Services.Interaction.B2C.Test.Services.AzureB2CUserServiceTest.SaveUserInfo_Throw_FailReturnCodeException_In_Post","DisplayName":"Azure.Services.Interaction.B2C.Test.Services.AzureB2CUserServiceTest.SaveUserInfo_Throw_FailReturnCodeException_In_Post","ExecutorUri":"executor://xunit/VsTestRunner2/netcoreapp","Source":"C:\\sitcs\\Projects\\Azure.Services.Interaction\\Azure.Services.Interaction.B2C.Test\\bin\\Debug\\net5.0\\fine-code-coverage\\build-output\\Azure.Services.Interaction.B2C.Test.dll","CodeFilePath":null,"LineNumber":0,"Properties":[]},"Attachments":[],"Outcome":1,"ErrorMessage":null,"ErrorStackTrace":null,"DisplayName":"Azure.Services.Interaction.B2C.Test.Services.AzureB2CUserServiceTest.SaveUserInfo_Throw_FailReturnCodeException_In_Post","Messages":[],"ComputerName":"DESKTOP-TASVHQI","Duration":"00:00:00.0049530","StartTime":"2022-01-21T20:47:36.7196549+00:00","EndTime":"2022-01-21T20:47:36.7196592+00:00","Properties":[]},{"TestCase":{"Id":"77253d63-635e-7928-ae5f-3357793cd806","FullyQualifiedName":"Azure.Services.Interaction.B2C.Test.Services.AzureB2CUserServiceTest.ChangeUserStatus_Throw_FailReturnCodeException_In_Get","DisplayName":"Azure.Services.Interaction.B2C.Test.Services.AzureB2CUserServiceTest.ChangeUserStatus_Throw_FailReturnCodeException_In_Get","ExecutorUri":"executor://xunit/VsTestRunner2/netcoreapp","Source":"C:\\sitcs\\Projects\\Azure.Services.Interaction\\Azure.Services.Interaction.B2C.Test\\bin\\Debug\\net5.0\\fine-code-coverage\\build-output\\Azure.Services.Interaction.B2C.Test.dll","CodeFilePath":null,"LineNumber":0,"Properties":[]},"Attachments":[],"Outcome":1,"ErrorMessage":null,"ErrorStackTrace":null,"DisplayName":"Azure.Services.Interaction.B2C.Test.Services.AzureB2CUserServiceTest.ChangeUserStatus_Throw_FailReturnCodeException_In_Get","Messages":[],"ComputerName":"DESKTOP-TASVHQI","Duration":"00:00:00.0051177","StartTime":"2022-01-21T20:47:36.7235646+00:00","EndTime":"2022-01-21T20:47:36.7235682+00:00","Properties":[]},{"TestCase":{"Id":"ebe38f3a-a428-78a0-528a-40ae539c773c","FullyQualifiedName":"Azure.Services.Interaction.B2C.Test.Services.AzureB2CUserServiceTest.ChangePassword_Throw_EntityNotFoundExceptions","DisplayName":"Azure.Services.Interaction.B2C.Test.Services.AzureB2CUserServiceTest.ChangePassword_Throw_EntityNotFoundExceptions","ExecutorUri":"executor://xunit/VsTestRunner2/netcoreapp","Source":"C:\\sitcs\\Projects\\Azure.Services.Interaction\\Azure.Services.Interaction.B2C.Test\\bin\\Debug\\net5.0\\fine-code-coverage\\build-output\\Azure.Services.Interaction.B2C.Test.dll","CodeFilePath":null,"LineNumber":0,"Properties":[]},"Attachments":[],"Outcome":1,"ErrorMessage":null,"ErrorStackTrace":null,"DisplayName":"Azure.Services.Interaction.B2C.Test.Services.AzureB2CUserServiceTest.ChangePassword_Throw_EntityNotFoundExceptions","Messages":[],"ComputerName":"DESKTOP-TASVHQI","Duration":"00:00:00.0045005","StartTime":"2022-01-21T20:47:36.7268168+00:00","EndTime":"2022-01-21T20:47:36.7268189+00:00","Properties":[]}],"TestRunStatistics":{"ExecutedTests":15,"Stats":{"Passed":15}},"ActiveTests":[]},"RunAttachments":[],"ExecutorUris":["executor://xunit/VsTestRunner2/netcoreapp"]}}
TpTrace Verbose: 0 : 16704, 11, 2022/01/21, 16:47:36.761, 6122568410999, vstest.console.dll, TestRequestSender.EndSession: Sending end session.
TpTrace Verbose: 0 : 16704, 11, 2022/01/21, 16:47:36.762, 6122568412598, vstest.console.dll, ProxyOperationManager.Close: waiting for test host to exit for 100 ms
TpTrace Warning: 0 : 16704, 7, 2022/01/21, 16:47:36.791, 6122568709316, vstest.console.dll, TestHostManagerCallbacks.ErrorReceivedCallback Test host standard error line: 
TpTrace Verbose: 0 : 16704, 8, 2022/01/21, 16:47:36.818, 6122568979689, vstest.console.dll, TestHostProvider.ExitCallBack: Host exited starting callback.
TpTrace Information: 0 : 16704, 8, 2022/01/21, 16:47:36.819, 6122568987577, vstest.console.dll, TestHostManagerCallbacks.ExitCallBack: Testhost processId: 5308 exited with exitcode: 0 error: ''
TpTrace Verbose: 0 : 16704, 8, 2022/01/21, 16:47:36.819, 6122568988382, vstest.console.dll, DotnetTestHostManager.OnHostExited: invoking OnHostExited callback
TpTrace Verbose: 0 : 16704, 8, 2022/01/21, 16:47:36.819, 6122568989167, vstest.console.dll, CrossPlatEngine.TestHostManagerHostExited: calling on client process exit callback.
TpTrace Information: 0 : 16704, 8, 2022/01/21, 16:47:36.819, 6122568990028, vstest.console.dll, TestRequestSender.OnClientProcessExit: Test host process exited. Standard error: 
TpTrace Warning: 0 : 16704, 11, 2022/01/21, 16:47:36.819, 6122568990085, vstest.console.dll, ProxyOperationManager: Timed out waiting for test host to exit. Will terminate process.
TpTrace Information: 0 : 16704, 8, 2022/01/21, 16:47:36.819, 6122568990730, vstest.console.dll, SocketServer.Stop: Stop server endPoint: 127.0.0.1:27989
TpTrace Information: 0 : 16704, 8, 2022/01/21, 16:47:36.820, 6122568991997, vstest.console.dll, SocketServer.Stop: Cancellation requested. Stopping message loop.
TpTrace Verbose: 0 : 16704, 11, 2022/01/21, 16:47:36.820, 6122569000446, vstest.console.dll, ProxyDataCollectionManager.InvokeDataCollectionServiceAction: Starting.
TpTrace Information: 0 : 16704, 11, 2022/01/21, 16:47:36.821, 6122569002315, vstest.console.dll, ProxyDataCollectionManager.AfterTestRunEnd: Get attachment set for datacollector processId: 25244 port: 27986
TpTrace Verbose: 0 : 16704, 11, 2022/01/21, 16:47:36.821, 6122569003263, vstest.console.dll, DataCollectionRequestSender.SendAfterTestRunStartAndGetResult : Send AfterTestRunEnd message with isCancelled: False
TpTrace Verbose: 0 : 16704, 11, 2022/01/21, 16:47:36.827, 6122569065259, vstest.console.dll, DataCollectionRequestSender.SendAfterTestRunStartAndGetResult : Received message: (DataCollection.AfterTestRunEndResult) -> {
  "AttachmentSets": [],
  "Metrics": {}
}
TpTrace Information: 0 : 16704, 11, 2022/01/21, 16:47:36.831, 6122569105733, vstest.console.dll, ProxyDataCollectionManager.InvokeDataCollectionServiceAction: Completed.
TpTrace Warning: 0 : 16704, 10, 2022/01/21, 16:47:36.835, 6122569143240, vstest.console.dll, DataCollectionLauncher.ErrorReceivedCallback datacollector standard error line: 
TpTrace Information: 0 : 16704, 8, 2022/01/21, 16:47:36.847, 6122569264086, vstest.console.dll, DataCollectionLauncher.ExitCallBack: Data collector exited with exitcode: 0 error: ''
TpTrace Verbose: 0 : 16704, 11, 2022/01/21, 16:47:36.868, 6122569473960, vstest.console.dll, TestRunRequest:SendTestRunStatsChange: Starting.
TpTrace Information: 0 : 16704, 11, 2022/01/21, 16:47:36.868, 6122569475392, vstest.console.dll, TestRunRequest:SendTestRunStatsChange: Completed.
TpTrace Verbose: 0 : 16704, 11, 2022/01/21, 16:47:36.868, 6122569478150, vstest.console.dll, ParallelProxyExecutionManager: HandlePartialRunComplete: Total completed clients = 1, Run complete = True, Run canceled: False.
TpTrace Verbose: 0 : 16704, 11, 2022/01/21, 16:47:36.902, 6122569811226, vstest.console.dll, TestRunRequest:TestRunComplete: Starting. IsAborted:False IsCanceled:False.
TpTrace Verbose: 0 : 16704, 11, 2022/01/21, 16:47:36.902, 6122569814496, vstest.console.dll, TestLoggerManager.HandleTestRunComplete: Ignoring as the object is disposed.
TpTrace Verbose: 0 : 16704, 1, 2022/01/21, 16:47:36.902, 6122569819265, vstest.console.dll, TestRunRequest.Dispose: Starting.
TpTrace Information: 0 : 16704, 11, 2022/01/21, 16:47:36.902, 6122569819594, vstest.console.dll, TestRunRequest:TestRunComplete: Completed.
TpTrace Verbose: 0 : 16704, 11, 2022/01/21, 16:47:36.902, 6122569820957, vstest.console.dll, TestRequestSender.SetOperationComplete: Setting operation complete.
TpTrace Information: 0 : 16704, 1, 2022/01/21, 16:47:36.903, 6122569821559, vstest.console.dll, TestRunRequest.Dispose: Completed.
TpTrace Information: 0 : 16704, 11, 2022/01/21, 16:47:36.903, 6122569821622, vstest.console.dll, SocketServer.Stop: Stop server endPoint: 127.0.0.1:27989
TpTrace Information: 0 : 16704, 11, 2022/01/21, 16:47:36.903, 6122569823548, vstest.console.dll, SocketServer.Stop: Cancellation requested. Stopping message loop.
TpTrace Information: 0 : 16704, 11, 2022/01/21, 16:47:36.903, 6122569826222, vstest.console.dll, SocketServer.PrivateStop: Stop server endPoint: 127.0.0.1:27989 error: 
TpTrace Information: 0 : 16704, 1, 2022/01/21, 16:47:36.903, 6122569825607, vstest.console.dll, TestRequestManager.RunTests: run tests completed.
TpTrace Information: 0 : 16704, 1, 2022/01/21, 16:47:36.903, 6122569828361, vstest.console.dll, RunTestsArgumentProcessor:Execute: Test run is completed.
TpTrace Verbose: 0 : 16704, 1, 2022/01/21, 16:47:36.904, 6122569831203, vstest.console.dll, Executor.Execute: Exiting with exit code of 0
TpTrace Verbose: 0 : 16704, 11, 2022/01/21, 16:47:36.904, 6122569836431, vstest.console.dll, LengthPrefixCommunicationChannel.Dispose: Dispose reader and writer.
TpTrace Information: 0 : 16704, 11, 2022/01/21, 16:47:36.904, 6122569837803, vstest.console.dll, SocketServer.Stop: Raise disconnected event endPoint: 127.0.0.1:27989 error: 
